TN:
SF:src/app.controller.ts
FN:6,(anonymous_2)
FN:9,(anonymous_3)
FNF:2
FNH:0
FNDA:0,(anonymous_2)
FNDA:0,(anonymous_3)
DA:1,0
DA:2,0
DA:5,0
DA:6,0
DA:9,0
DA:10,0
LF:6
LH:0
BRF:0
BRH:0
end_of_record
TN:
SF:src/app.service.ts
FN:5,(anonymous_1)
FNF:1
FNH:0
FNDA:0,(anonymous_1)
DA:1,0
DA:4,0
DA:6,0
LF:3
LH:0
BRF:0
BRH:0
end_of_record
TN:
SF:src/config.ts
FNF:0
FNH:0
DA:8,0
DA:11,0
DA:12,0
DA:13,0
DA:16,0
DA:23,0
DA:39,0
LF:7
LH:0
BRDA:17,0,0,0
BRDA:17,0,1,0
BRDA:18,1,0,0
BRDA:18,1,1,0
BRDA:19,2,0,0
BRDA:19,2,1,0
BRDA:40,3,0,0
BRDA:40,3,1,0
BRDA:41,4,0,0
BRDA:41,4,1,0
BRDA:43,5,0,0
BRDA:43,5,1,0
BRDA:45,6,0,0
BRDA:45,6,1,0
BRF:14
BRH:0
end_of_record
TN:
SF:src/controllers/test-notification.controller.ts
FN:6,(anonymous_4)
FN:9,(anonymous_5)
FNF:2
FNH:0
FNDA:0,(anonymous_4)
FNDA:0,(anonymous_5)
DA:1,0
DA:2,0
DA:5,0
DA:6,0
DA:9,0
DA:10,0
DA:11,0
LF:7
LH:0
BRF:0
BRH:0
end_of_record
TN:
SF:src/filters/database-exception.filter.ts
FN:5,(anonymous_1)
FN:8,(anonymous_2)
FN:30,(anonymous_3)
FN:40,(anonymous_4)
FN:54,(anonymous_5)
FN:74,(anonymous_6)
FN:100,(anonymous_7)
FNF:7
FNH:0
FNDA:0,(anonymous_1)
FNDA:0,(anonymous_2)
FNDA:0,(anonymous_3)
FNDA:0,(anonymous_4)
FNDA:0,(anonymous_5)
FNDA:0,(anonymous_6)
FNDA:0,(anonymous_7)
DA:1,0
DA:2,0
DA:5,0
DA:6,0
DA:9,0
DA:12,0
DA:21,0
DA:22,0
DA:27,0
DA:31,0
DA:41,0
DA:56,0
DA:66,0
DA:69,0
DA:70,0
DA:77,0
DA:83,0
DA:86,0
DA:90,0
DA:93,0
DA:96,0
DA:103,0
LF:22
LH:0
BRDA:21,0,0,0
BRDA:69,1,0,0
BRDA:77,2,0,0
BRDA:77,2,1,0
BRDA:77,2,2,0
BRDA:77,2,3,0
BRDA:77,2,4,0
BRDA:77,2,5,0
BRDA:77,2,6,0
BRDA:77,2,7,0
BRDA:77,2,8,0
BRDA:77,2,9,0
BRF:12
BRH:0
end_of_record
TN:
SF:src/filters/prisma-exception.filter.ts
FN:9,(anonymous_1)
FN:12,(anonymous_2)
FN:35,(anonymous_3)
FN:78,(anonymous_4)
FN:91,(anonymous_5)
FN:103,(anonymous_6)
FN:114,(anonymous_7)
FN:141,(anonymous_8)
FN:166,(anonymous_9)
FNF:9
FNH:0
FNDA:0,(anonymous_1)
FNDA:0,(anonymous_2)
FNDA:0,(anonymous_3)
FNDA:0,(anonymous_4)
FNDA:0,(anonymous_5)
FNDA:0,(anonymous_6)
FNDA:0,(anonymous_7)
FNDA:0,(anonymous_8)
FNDA:0,(anonymous_9)
DA:1,0
DA:2,0
DA:9,0
DA:10,0
DA:13,0
DA:16,0
DA:24,0
DA:25,0
DA:26,0
DA:27,0
DA:28,0
DA:29,0
DA:31,0
DA:38,0
DA:40,0
DA:49,0
DA:55,0
DA:57,0
DA:61,0
DA:63,0
DA:67,0
DA:72,0
DA:73,0
DA:74,0
DA:81,0
DA:88,0
DA:92,0
DA:100,0
DA:104,0
DA:111,0
DA:117,0
DA:121,0
DA:125,0
DA:130,0
DA:134,0
DA:137,0
DA:142,0
DA:144,0
DA:146,0
DA:148,0
DA:150,0
DA:152,0
DA:154,0
DA:156,0
DA:158,0
DA:160,0
DA:162,0
DA:168,0
LF:48
LH:0
BRDA:24,0,0,0
BRDA:24,0,1,0
BRDA:26,1,0,0
BRDA:26,1,1,0
BRDA:28,2,0,0
BRDA:28,2,1,0
BRDA:55,3,0,0
BRDA:55,3,1,0
BRDA:55,3,2,0
BRDA:55,3,3,0
BRDA:55,3,4,0
BRDA:107,4,0,0
BRDA:107,4,1,0
BRDA:117,5,0,0
BRDA:117,5,1,0
BRDA:117,5,2,0
BRDA:117,5,3,0
BRDA:117,5,4,0
BRDA:117,5,5,0
BRDA:117,5,6,0
BRDA:117,5,7,0
BRDA:117,5,8,0
BRDA:117,5,9,0
BRDA:117,5,10,0
BRDA:142,6,0,0
BRDA:142,6,1,0
BRDA:142,6,2,0
BRDA:142,6,3,0
BRDA:142,6,4,0
BRDA:142,6,5,0
BRDA:142,6,6,0
BRDA:142,6,7,0
BRDA:142,6,8,0
BRDA:142,6,9,0
BRF:34
BRH:0
end_of_record
TN:
SF:src/gateways/notification.gateway.ts
FN:36,(anonymous_2)
FN:44,(anonymous_3)
FN:51,(anonymous_4)
FN:58,(anonymous_5)
FN:81,(anonymous_6)
FN:93,(anonymous_7)
FN:111,(anonymous_8)
FN:132,(anonymous_9)
FNF:8
FNH:0
FNDA:0,(anonymous_2)
FNDA:0,(anonymous_3)
FNDA:0,(anonymous_4)
FNDA:0,(anonymous_5)
FNDA:0,(anonymous_6)
FNDA:0,(anonymous_7)
FNDA:0,(anonymous_8)
FNDA:0,(anonymous_9)
DA:1,0
DA:8,0
DA:9,0
DA:10,0
DA:11,0
DA:26,0
DA:29,0
DA:33,0
DA:34,0
DA:37,0
DA:38,0
DA:40,0
DA:41,0
DA:48,0
DA:52,0
DA:55,0
DA:59,0
DA:60,0
DA:61,0
DA:62,0
DA:63,0
DA:66,0
DA:69,0
DA:70,0
DA:72,0
DA:75,0
DA:78,0
DA:79,0
DA:80,0
DA:81,0
DA:82,0
DA:85,0
DA:92,0
DA:93,0
DA:94,0
DA:97,0
DA:98,0
DA:104,0
DA:107,0
DA:112,0
DA:115,0
DA:116,0
DA:117,0
DA:118,0
DA:119,0
DA:121,0
DA:122,0
DA:123,0
DA:124,0
DA:126,0
DA:133,0
LF:51
LH:0
BRDA:60,0,0,0
BRDA:69,1,0,0
BRDA:78,2,0,0
BRDA:92,3,0,0
BRDA:116,4,0,0
BRDA:118,5,0,0
BRDA:122,6,0,0
BRDA:15,7,0,0
BRDA:15,7,1,0
BRDA:24,8,0,0
BRDA:24,8,1,0
BRF:11
BRH:0
end_of_record
TN:
SF:src/health/health.constants.ts
FNF:0
FNH:0
DA:1,0
DA:3,0
LF:2
LH:0
BRF:0
BRH:0
end_of_record
TN:
SF:src/health/health.controller.ts
FN:56,(anonymous_4)
FN:67,(anonymous_5)
FN:74,(anonymous_6)
FN:80,(anonymous_7)
FN:81,(anonymous_8)
FN:111,(anonymous_9)
FN:114,(anonymous_10)
FN:115,(anonymous_11)
FN:120,(anonymous_12)
FN:123,(anonymous_13)
FN:124,(anonymous_14)
FN:147,(anonymous_15)
FN:189,(anonymous_16)
FN:545,(anonymous_17)
FN:557,(anonymous_18)
FN:563,(anonymous_19)
FN:643,(anonymous_20)
FN:736,(anonymous_21)
FN:748,(anonymous_22)
FN:750,(anonymous_23)
FN:751,(anonymous_24)
FN:757,(anonymous_25)
FN:759,(anonymous_26)
FN:764,(anonymous_27)
FN:777,(anonymous_28)
FN:788,(anonymous_29)
FN:810,(anonymous_30)
FN:852,(anonymous_31)
FN:875,(anonymous_32)
FN:880,(anonymous_33)
FN:885,(anonymous_34)
FN:890,(anonymous_35)
FN:895,(anonymous_36)
FN:900,(anonymous_37)
FN:905,(anonymous_38)
FNF:35
FNH:0
FNDA:0,(anonymous_4)
FNDA:0,(anonymous_5)
FNDA:0,(anonymous_6)
FNDA:0,(anonymous_7)
FNDA:0,(anonymous_8)
FNDA:0,(anonymous_9)
FNDA:0,(anonymous_10)
FNDA:0,(anonymous_11)
FNDA:0,(anonymous_12)
FNDA:0,(anonymous_13)
FNDA:0,(anonymous_14)
FNDA:0,(anonymous_15)
FNDA:0,(anonymous_16)
FNDA:0,(anonymous_17)
FNDA:0,(anonymous_18)
FNDA:0,(anonymous_19)
FNDA:0,(anonymous_20)
FNDA:0,(anonymous_21)
FNDA:0,(anonymous_22)
FNDA:0,(anonymous_23)
FNDA:0,(anonymous_24)
FNDA:0,(anonymous_25)
FNDA:0,(anonymous_26)
FNDA:0,(anonymous_27)
FNDA:0,(anonymous_28)
FNDA:0,(anonymous_29)
FNDA:0,(anonymous_30)
FNDA:0,(anonymous_31)
FNDA:0,(anonymous_32)
FNDA:0,(anonymous_33)
FNDA:0,(anonymous_34)
FNDA:0,(anonymous_35)
FNDA:0,(anonymous_36)
FNDA:0,(anonymous_37)
FNDA:0,(anonymous_38)
DA:1,0
DA:2,0
DA:3,0
DA:4,0
DA:5,0
DA:6,0
DA:7,0
DA:8,0
DA:9,0
DA:55,0
DA:57,0
DA:58,0
DA:59,0
DA:60,0
DA:62,0
DA:63,0
DA:64,0
DA:65,0
DA:67,0
DA:68,0
DA:74,0
DA:75,0
DA:77,0
DA:79,0
DA:80,0
DA:81,0
DA:84,0
DA:86,0
DA:87,0
DA:89,0
DA:95,0
DA:102,0
DA:104,0
DA:105,0
DA:111,0
DA:112,0
DA:113,0
DA:114,0
DA:115,0
DA:120,0
DA:121,0
DA:122,0
DA:123,0
DA:124,0
DA:126,0
DA:128,0
DA:129,0
DA:130,0
DA:132,0
DA:147,0
DA:186,0
DA:194,0
DA:195,0
DA:196,0
DA:197,0
DA:198,0
DA:201,0
DA:203,0
DA:206,0
DA:209,0
DA:212,0
DA:215,0
DA:216,0
DA:219,0
DA:545,0
DA:558,0
DA:563,0
DA:644,0
DA:737,0
DA:738,0
DA:739,0
DA:741,0
DA:742,0
DA:743,0
DA:748,0
DA:749,0
DA:750,0
DA:751,0
DA:757,0
DA:758,0
DA:759,0
DA:764,0
DA:765,0
DA:766,0
DA:768,0
DA:777,0
DA:778,0
DA:780,0
DA:788,0
DA:789,0
DA:791,0
DA:792,0
DA:794,0
DA:810,0
DA:811,0
DA:813,0
DA:815,0
DA:857,0
DA:860,0
DA:862,0
DA:863,0
DA:864,0
DA:865,0
DA:866,0
DA:867,0
DA:869,0
DA:875,0
DA:876,0
DA:880,0
DA:881,0
DA:885,0
DA:886,0
DA:890,0
DA:891,0
DA:895,0
DA:896,0
DA:900,0
DA:901,0
DA:905,0
DA:906,0
DA:907,0
LF:121
LH:0
BRDA:133,0,0,0
BRDA:133,0,1,0
BRDA:169,1,0,0
BRDA:169,1,1,0
BRDA:196,2,0,0
BRDA:196,2,1,0
BRDA:197,3,0,0
BRDA:197,3,1,0
BRDA:198,4,0,0
BRDA:198,4,1,0
BRDA:201,5,0,0
BRDA:201,5,1,0
BRDA:201,5,2,0
BRDA:203,6,0,0
BRDA:203,6,1,0
BRDA:203,6,2,0
BRDA:493,7,0,0
BRDA:493,7,1,0
BRDA:499,8,0,0
BRDA:499,8,1,0
BRDA:500,9,0,0
BRDA:500,9,1,0
BRDA:504,10,0,0
BRDA:504,10,1,0
BRDA:505,11,0,0
BRDA:505,11,1,0
BRDA:539,12,0,0
BRDA:539,12,1,0
BRDA:555,13,0,0
BRDA:555,13,1,0
BRDA:558,14,0,0
BRDA:558,14,1,0
BRDA:558,14,2,0
BRDA:566,15,0,0
BRDA:566,15,1,0
BRDA:566,16,0,0
BRDA:566,16,1,0
BRDA:570,17,0,0
BRDA:570,17,1,0
BRDA:582,18,0,0
BRDA:582,18,1,0
BRDA:583,19,0,0
BRDA:583,19,1,0
BRDA:587,20,0,0
BRDA:587,20,1,0
BRDA:589,21,0,0
BRDA:589,21,1,0
BRDA:726,22,0,0
BRDA:726,22,1,0
BRDA:741,23,0,0
BRDA:742,24,0,0
BRDA:769,25,0,0
BRDA:769,25,1,0
BRDA:770,26,0,0
BRDA:770,26,1,0
BRDA:781,27,0,0
BRDA:781,27,1,0
BRDA:799,28,0,0
BRDA:799,28,1,0
BRDA:818,29,0,0
BRDA:818,29,1,0
BRDA:818,30,0,0
BRDA:818,30,1,0
BRDA:821,31,0,0
BRDA:821,31,1,0
BRDA:821,32,0,0
BRDA:821,32,1,0
BRDA:824,33,0,0
BRDA:824,33,1,0
BRDA:825,34,0,0
BRDA:825,34,1,0
BRDA:828,35,0,0
BRDA:828,35,1,0
BRDA:828,36,0,0
BRDA:828,36,1,0
BRDA:831,37,0,0
BRDA:831,37,1,0
BRDA:834,38,0,0
BRDA:834,38,1,0
BRDA:835,39,0,0
BRDA:835,39,1,0
BRDA:843,40,0,0
BRDA:843,40,1,0
BRDA:845,41,0,0
BRDA:845,41,1,0
BRDA:846,42,0,0
BRDA:846,42,1,0
BRDA:857,43,0,0
BRDA:857,43,1,0
BRDA:857,44,0,0
BRDA:857,44,1,0
BRDA:860,45,0,0
BRDA:860,45,1,0
BRDA:862,46,0,0
BRDA:862,46,1,0
BRDA:862,47,0,0
BRDA:862,47,1,0
BRDA:864,48,0,0
BRDA:864,48,1,0
BRDA:864,49,0,0
BRDA:864,49,1,0
BRDA:866,50,0,0
BRDA:866,51,0,0
BRDA:866,51,1,0
BRF:104
BRH:0
end_of_record
TN:
SF:src/health/health.module.ts
FN:44,(anonymous_1)
FNF:1
FNH:0
FNDA:0,(anonymous_1)
DA:1,0
DA:2,0
DA:3,0
DA:4,0
DA:5,0
DA:6,0
DA:7,0
DA:8,0
DA:9,0
DA:10,0
DA:44,0
DA:76,0
LF:12
LH:0
BRF:0
BRH:0
end_of_record
TN:
SF:src/health/health.service.ts
FN:23,(anonymous_2)
FN:28,(anonymous_3)
FN:47,(anonymous_4)
FN:57,(anonymous_5)
FN:115,(anonymous_6)
FN:135,(anonymous_7)
FN:160,(anonymous_8)
FN:197,(anonymous_9)
FN:239,(anonymous_10)
FN:262,(anonymous_11)
FN:277,(anonymous_12)
FN:304,(anonymous_13)
FN:314,(anonymous_14)
FN:326,(anonymous_15)
FN:339,(anonymous_16)
FNF:15
FNH:0
FNDA:0,(anonymous_2)
FNDA:0,(anonymous_3)
FNDA:0,(anonymous_4)
FNDA:0,(anonymous_5)
FNDA:0,(anonymous_6)
FNDA:0,(anonymous_7)
FNDA:0,(anonymous_8)
FNDA:0,(anonymous_9)
FNDA:0,(anonymous_10)
FNDA:0,(anonymous_11)
FNDA:0,(anonymous_12)
FNDA:0,(anonymous_13)
FNDA:0,(anonymous_14)
FNDA:0,(anonymous_15)
FNDA:0,(anonymous_16)
DA:1,0
DA:2,0
DA:20,0
DA:21,0
DA:23,0
DA:29,0
DA:31,0
DA:34,0
DA:41,0
DA:48,0
DA:51,0
DA:58,0
DA:61,0
DA:67,0
DA:69,0
DA:95,0
DA:96,0
DA:116,0
DA:118,0
DA:120,0
DA:125,0
DA:139,0
DA:140,0
DA:142,0
DA:149,0
DA:164,0
DA:165,0
DA:168,0
DA:169,0
DA:171,0
DA:172,0
DA:173,0
DA:174,0
DA:177,0
DA:187,0
DA:201,0
DA:202,0
DA:203,0
DA:204,0
DA:205,0
DA:207,0
DA:208,0
DA:209,0
DA:210,0
DA:211,0
DA:214,0
DA:229,0
DA:243,0
DA:244,0
DA:246,0
DA:247,0
DA:250,0
DA:251,0
DA:252,0
DA:255,0
DA:262,0
DA:267,0
DA:278,0
DA:279,0
DA:280,0
DA:282,0
DA:290,0
DA:305,0
DA:315,0
DA:316,0
DA:317,0
DA:319,0
DA:327,0
DA:328,0
DA:330,0
DA:332,0
DA:344,0
DA:345,0
DA:348,0
DA:350,0
DA:357,0
DA:358,0
DA:361,0
DA:363,0
DA:368,0
DA:369,0
LF:81
LH:0
BRDA:48,0,0,0
BRDA:48,0,1,0
BRDA:58,1,0,0
BRDA:58,1,1,0
BRDA:61,2,0,0
BRDA:61,2,1,0
BRDA:63,3,0,0
BRDA:63,3,1,0
BRDA:73,4,0,0
BRDA:73,4,1,0
BRDA:74,5,0,0
BRDA:74,5,1,0
BRDA:77,6,0,0
BRDA:77,6,1,0
BRDA:81,7,0,0
BRDA:81,7,1,0
BRDA:85,8,0,0
BRDA:85,8,1,0
BRDA:89,9,0,0
BRDA:89,9,1,0
BRDA:100,10,0,0
BRDA:100,10,1,0
BRDA:101,11,0,0
BRDA:101,11,1,0
BRDA:121,12,0,0
BRDA:121,12,1,0
BRDA:143,13,0,0
BRDA:143,13,1,0
BRDA:171,14,0,0
BRDA:171,14,1,0
BRDA:173,15,0,0
BRDA:208,16,0,0
BRDA:208,16,1,0
BRDA:210,17,0,0
BRDA:246,18,0,0
BRDA:246,18,1,0
BRDA:251,19,0,0
BRDA:264,20,0,0
BRDA:264,20,1,0
BRDA:283,21,0,0
BRDA:283,21,1,0
BRDA:357,22,0,0
BRF:42
BRH:0
end_of_record
TN:
SF:src/health/queue.health.ts
FN:18,(anonymous_2)
FN:22,(anonymous_3)
FNF:2
FNH:0
FNDA:0,(anonymous_2)
FNDA:0,(anonymous_3)
DA:1,0
DA:2,0
DA:3,0
DA:17,0
DA:18,0
DA:19,0
DA:23,0
DA:25,0
DA:27,0
DA:28,0
DA:34,0
DA:39,0
DA:45,0
DA:47,0
DA:48,0
LF:15
LH:0
BRDA:27,0,0,0
BRF:1
BRH:0
end_of_record
TN:
SF:src/health/worker.health.ts
FN:17,(anonymous_2)
FN:23,(anonymous_3)
FN:32,(anonymous_4)
FN:79,(anonymous_5)
FN:108,(anonymous_6)
FNF:5
FNH:0
FNDA:0,(anonymous_2)
FNDA:0,(anonymous_3)
FNDA:0,(anonymous_4)
FNDA:0,(anonymous_5)
FNDA:0,(anonymous_6)
DA:1,0
DA:2,0
DA:3,0
DA:11,0
DA:14,0
DA:15,0
DA:17,0
DA:18,0
DA:19,0
DA:20,0
DA:24,0
DA:25,0
DA:26,0
DA:28,0
DA:33,0
DA:35,0
DA:38,0
DA:39,0
DA:41,0
DA:47,0
DA:52,0
DA:53,0
DA:55,0
DA:72,0
DA:81,0
DA:82,0
DA:83,0
DA:85,0
DA:97,0
DA:110,0
LF:30
LH:0
BRDA:25,0,0,0
BRDA:25,0,1,0
BRDA:41,1,0,0
BRDA:41,1,1,0
BRDA:47,2,0,0
BRDA:47,2,1,0
BRDA:47,2,2,0
BRDA:53,3,0,0
BRDA:53,3,1,0
BRDA:53,3,2,0
BRDA:61,4,0,0
BRDA:61,4,1,0
BRDA:92,5,0,0
BRDA:92,5,1,0
BRF:14
BRH:0
end_of_record
TN:
SF:src/lib/prometheus.ts
FN:13,getOrCreateHistogram
FN:26,getOrCreateCounter
FN:39,getOrCreateGauge
FN:43,getOrCreateSummary
FNF:4
FNH:0
FNDA:0,getOrCreateHistogram
FNDA:0,getOrCreateCounter
FNDA:0,getOrCreateGauge
FNDA:0,getOrCreateSummary
DA:1,0
DA:3,0
DA:13,0
DA:14,0
DA:15,0
DA:16,0
DA:17,0
DA:19,0
DA:21,0
DA:22,0
DA:23,0
DA:26,0
DA:27,0
DA:28,0
DA:29,0
DA:30,0
DA:32,0
DA:34,0
DA:35,0
DA:36,0
DA:39,0
DA:40,0
DA:43,0
DA:44,0
LF:24
LH:0
BRDA:15,0,0,0
BRDA:16,1,0,0
BRDA:28,2,0,0
BRDA:29,3,0,0
BRDA:40,4,0,0
BRDA:40,4,1,0
BRDA:44,5,0,0
BRDA:44,5,1,0
BRF:8
BRH:0
end_of_record
TN:
SF:src/lib/blockchain/BlockchainModule.ts
FN:13,(anonymous_1)
FNF:1
FNH:0
FNDA:0,(anonymous_1)
DA:1,0
DA:2,0
DA:3,0
DA:13,0
DA:22,0
LF:5
LH:0
BRF:0
BRH:0
end_of_record
TN:
SF:src/lib/blockchain/CircuitBreaker.ts
FN:6,(anonymous_2)
FN:57,(anonymous_3)
FN:62,(anonymous_4)
FN:69,(anonymous_5)
FN:96,(anonymous_6)
FN:118,(anonymous_7)
FN:155,(anonymous_8)
FN:165,(anonymous_9)
FN:177,(anonymous_10)
FN:187,(anonymous_11)
FN:196,(anonymous_12)
FN:206,(anonymous_13)
FNF:12
FNH:0
FNDA:0,(anonymous_2)
FNDA:0,(anonymous_3)
FNDA:0,(anonymous_4)
FNDA:0,(anonymous_5)
FNDA:0,(anonymous_6)
FNDA:0,(anonymous_7)
FNDA:0,(anonymous_8)
FNDA:0,(anonymous_9)
FNDA:0,(anonymous_10)
FNDA:0,(anonymous_11)
FNDA:0,(anonymous_12)
FNDA:0,(anonymous_13)
DA:1,0
DA:6,0
DA:7,0
DA:8,0
DA:9,0
DA:27,0
DA:43,0
DA:44,0
DA:45,0
DA:46,0
DA:47,0
DA:48,0
DA:49,0
DA:50,0
DA:51,0
DA:52,0
DA:53,0
DA:55,0
DA:57,0
DA:63,0
DA:70,0
DA:72,0
DA:73,0
DA:76,0
DA:78,0
DA:82,0
DA:83,0
DA:85,0
DA:86,0
DA:87,0
DA:90,0
DA:97,0
DA:99,0
DA:101,0
DA:102,0
DA:104,0
DA:105,0
DA:110,0
DA:111,0
DA:119,0
DA:120,0
DA:123,0
DA:125,0
DA:127,0
DA:128,0
DA:131,0
DA:133,0
DA:134,0
DA:136,0
DA:138,0
DA:141,0
DA:142,0
DA:145,0
DA:146,0
DA:156,0
DA:166,0
DA:167,0
DA:168,0
DA:171,0
DA:172,0
DA:173,0
DA:177,0
DA:178,0
DA:181,0
DA:188,0
DA:189,0
DA:190,0
DA:197,0
DA:198,0
DA:199,0
DA:200,0
DA:207,0
DA:208,0
DA:211,0
DA:212,0
DA:213,0
DA:214,0
LF:77
LH:0
BRDA:6,0,0,0
BRDA:6,0,1,0
BRDA:57,1,0,0
BRDA:63,2,0,0
BRDA:63,2,1,0
BRDA:72,3,0,0
BRDA:76,4,0,0
BRDA:82,5,0,0
BRDA:82,5,1,0
BRDA:85,6,0,0
BRDA:99,7,0,0
BRDA:101,8,0,0
BRDA:101,8,1,0
BRDA:104,9,0,0
BRDA:110,10,0,0
BRDA:125,11,0,0
BRDA:131,12,0,0
BRDA:133,13,0,0
BRDA:133,13,1,0
BRDA:136,14,0,0
BRDA:136,14,1,0
BRDA:141,15,0,0
BRDA:141,15,1,0
BRDA:145,16,0,0
BRDA:172,17,0,0
BRDA:212,18,0,0
BRF:26
BRH:0
end_of_record
TN:
SF:src/lib/blockchain/CircuitBreakerDbService.ts
FN:27,(anonymous_2)
FN:32,(anonymous_3)
FN:39,(anonymous_4)
FN:72,(anonymous_5)
FN:137,(anonymous_6)
FN:166,(anonymous_7)
FN:196,(anonymous_8)
FN:212,(anonymous_9)
FN:236,(anonymous_10)
FN:243,(anonymous_11)
FN:264,(anonymous_12)
FNF:11
FNH:0
FNDA:0,(anonymous_2)
FNDA:0,(anonymous_3)
FNDA:0,(anonymous_4)
FNDA:0,(anonymous_5)
FNDA:0,(anonymous_6)
FNDA:0,(anonymous_7)
FNDA:0,(anonymous_8)
FNDA:0,(anonymous_9)
FNDA:0,(anonymous_10)
FNDA:0,(anonymous_11)
FNDA:0,(anonymous_12)
DA:1,0
DA:2,0
DA:24,0
DA:25,0
DA:27,0
DA:33,0
DA:40,0
DA:42,0
DA:46,0
DA:48,0
DA:61,0
DA:65,0
DA:78,0
DA:79,0
DA:80,0
DA:92,0
DA:97,0
DA:98,0
DA:104,0
DA:113,0
DA:126,0
DA:130,0
DA:138,0
DA:139,0
DA:141,0
DA:142,0
DA:150,0
DA:153,0
DA:155,0
DA:159,0
DA:167,0
DA:168,0
DA:169,0
DA:172,0
DA:174,0
DA:181,0
DA:185,0
DA:189,0
DA:197,0
DA:198,0
DA:199,0
DA:201,0
DA:205,0
DA:213,0
DA:214,0
DA:216,0
DA:218,0
DA:222,0
DA:224,0
DA:229,0
DA:237,0
DA:239,0
DA:243,0
DA:256,0
DA:257,0
DA:265,0
DA:266,0
DA:267,0
DA:270,0
DA:279,0
DA:280,0
DA:282,0
DA:283,0
LF:63
LH:0
BRDA:46,0,0,0
BRDA:76,1,0,0
BRDA:85,2,0,0
BRDA:85,2,1,0
BRDA:86,3,0,0
BRDA:86,3,1,0
BRDA:87,4,0,0
BRDA:87,4,1,0
BRDA:97,5,0,0
BRDA:97,5,1,0
BRDA:141,6,0,0
BRDA:141,6,1,0
BRDA:166,7,0,0
BRDA:169,8,0,0
BRDA:169,8,1,0
BRDA:172,9,0,0
BRDA:172,9,1,0
BRDA:178,10,0,0
BRDA:178,10,1,0
BRDA:216,11,0,0
BRDA:222,12,0,0
BRDA:222,12,1,0
BRDA:264,13,0,0
BRF:23
BRH:0
end_of_record
TN:
SF:src/lib/schemas/node-config.ts
FNF:0
FNH:0
DA:1,0
DA:3,0
DA:8,0
DA:13,0
DA:19,0
DA:25,0
DA:31,0
LF:7
LH:0
BRF:0
BRH:0
end_of_record
TN:
SF:src/lib/services/email-service.ts
FN:9,sendEmail
FNF:1
FNH:0
FNDA:0,sendEmail
DA:1,0
DA:9,0
DA:11,0
DA:20,0
DA:21,0
DA:27,0
DA:30,0
DA:31,0
DA:32,0
DA:33,0
DA:39,0
DA:45,0
DA:46,0
DA:48,0
LF:14
LH:0
BRDA:13,0,0,0
BRDA:13,0,1,0
BRDA:30,1,0,0
BRDA:30,2,0,0
BRDA:30,2,1,0
BRF:5
BRH:0
end_of_record
TN:
SF:src/lib/services/execution-events.service.ts
FN:10,(anonymous_0)
FN:21,(anonymous_1)
FN:29,(anonymous_2)
FN:38,(anonymous_3)
FN:42,(anonymous_4)
FN:46,(anonymous_5)
FN:50,(anonymous_6)
FN:54,(anonymous_7)
FNF:8
FNH:0
FNDA:0,(anonymous_0)
FNDA:0,(anonymous_1)
FNDA:0,(anonymous_2)
FNDA:0,(anonymous_3)
FNDA:0,(anonymous_4)
FNDA:0,(anonymous_5)
FNDA:0,(anonymous_6)
FNDA:0,(anonymous_7)
DA:1,0
DA:7,0
DA:8,0
DA:18,0
DA:26,0
DA:35,0
DA:39,0
DA:43,0
DA:47,0
DA:51,0
DA:55,0
LF:11
LH:0
BRF:0
BRH:0
end_of_record
TN:
SF:src/lib/services/price-service.ts
FN:16,fetchCryptoPrice
FN:57,fetchCoinGeckoPrice
FN:91,fetchBinancePrice
FN:119,fetchCoinMarketCapPrice
FNF:4
FNH:0
FNDA:0,fetchCryptoPrice
FNDA:0,fetchCoinGeckoPrice
FNDA:0,fetchBinancePrice
FNDA:0,fetchCoinMarketCapPrice
DA:16,0
DA:20,0
DA:23,0
DA:24,0
DA:26,0
DA:27,0
DA:29,0
DA:30,0
DA:32,0
DA:33,0
DA:35,0
DA:38,0
DA:46,0
DA:47,0
DA:48,0
DA:50,0
DA:59,0
DA:60,0
DA:63,0
DA:67,0
DA:69,0
DA:70,0
DA:72,0
DA:73,0
DA:75,0
DA:78,0
DA:79,0
DA:81,0
DA:82,0
DA:85,0
DA:93,0
DA:101,0
DA:102,0
DA:104,0
DA:105,0
DA:108,0
DA:109,0
DA:110,0
DA:113,0
DA:120,0
DA:122,0
DA:123,0
DA:127,0
DA:137,0
DA:138,0
DA:141,0
DA:145,0
DA:146,0
DA:147,0
DA:150,0
LF:50
LH:0
BRDA:18,0,0,0
BRDA:24,1,0,0
BRDA:24,1,1,0
BRDA:24,1,2,0
BRDA:24,1,3,0
BRDA:46,2,0,0
BRDA:59,3,0,0
BRDA:59,3,1,0
BRDA:60,4,0,0
BRDA:60,4,1,0
BRDA:63,5,0,0
BRDA:63,5,1,0
BRDA:70,6,0,0
BRDA:72,7,0,0
BRDA:81,8,0,0
BRDA:101,9,0,0
BRDA:101,9,1,0
BRDA:104,10,0,0
BRDA:109,11,0,0
BRDA:122,12,0,0
BRDA:137,13,0,0
BRDA:146,14,0,0
BRDA:146,15,0,0
BRDA:146,15,1,0
BRDA:146,15,2,0
BRDA:146,15,3,0
BRF:26
BRH:0
end_of_record
TN:
SF:src/lib/services/workflow-service.ts
FN:19,detectCycle
FN:21,(anonymous_3)
FN:24,(anonymous_4)
FN:31,dfs
FN:43,(anonymous_6)
FN:50,(anonymous_7)
FN:55,(anonymous_8)
FN:68,(anonymous_9)
FN:86,(anonymous_10)
FN:119,(anonymous_11)
FN:133,(anonymous_12)
FN:155,(anonymous_13)
FN:179,(anonymous_14)
FNF:13
FNH:0
FNDA:0,detectCycle
FNDA:0,(anonymous_3)
FNDA:0,(anonymous_4)
FNDA:0,dfs
FNDA:0,(anonymous_6)
FNDA:0,(anonymous_7)
FNDA:0,(anonymous_8)
FNDA:0,(anonymous_9)
FNDA:0,(anonymous_10)
FNDA:0,(anonymous_11)
FNDA:0,(anonymous_12)
FNDA:0,(anonymous_13)
FNDA:0,(anonymous_14)
DA:1,0
DA:2,0
DA:20,0
DA:21,0
DA:22,0
DA:24,0
DA:25,0
DA:26,0
DA:27,0
DA:29,0
DA:30,0
DA:32,0
DA:33,0
DA:34,0
DA:35,0
DA:36,0
DA:37,0
DA:40,0
DA:41,0
DA:43,0
DA:47,0
DA:48,0
DA:50,0
DA:56,0
DA:58,0
DA:68,0
DA:78,0
DA:79,0
DA:87,0
DA:88,0
DA:99,0
DA:101,0
DA:111,0
DA:112,0
DA:120,0
DA:122,0
DA:123,0
DA:125,0
DA:126,0
DA:139,0
DA:140,0
DA:147,0
DA:148,0
DA:162,0
DA:163,0
DA:169,0
DA:171,0
DA:172,0
DA:180,0
DA:181,0
DA:183,0
DA:184,0
LF:52
LH:0
BRDA:25,0,0,0
BRDA:25,0,1,0
BRDA:26,1,0,0
BRDA:26,1,1,0
BRDA:27,2,0,0
BRDA:27,3,0,0
BRDA:27,3,1,0
BRDA:27,3,2,0
BRDA:32,4,0,0
BRDA:35,5,0,0
BRDA:35,5,1,0
BRDA:36,6,0,0
BRDA:36,6,1,0
BRDA:36,7,0,0
BRDA:36,7,1,0
BRDA:37,8,0,0
BRDA:99,9,0,0
BRF:17
BRH:0
end_of_record
TN:
SF:src/lib/services/workflow.module.ts
FNF:0
FNH:0
DA:1,0
DA:2,0
DA:3,0
DA:4,0
DA:5,0
DA:6,0
DA:7,0
DA:8,0
DA:9,0
DA:29,0
LF:10
LH:0
BRF:0
BRH:0
end_of_record
TN:
SF:src/modules/ai.module.ts
FNF:0
FNH:0
DA:1,0
DA:2,0
DA:3,0
DA:26,0
LF:4
LH:0
BRF:0
BRH:0
end_of_record
TN:
SF:src/services/database.module.ts
FNF:0
FNH:0
DA:1,0
DA:2,0
DA:9,0
LF:3
LH:0
BRF:0
BRH:0
end_of_record
TN:
SF:src/services/database.service.ts
FN:52,(anonymous_2)
FN:83,(anonymous_3)
FN:145,(anonymous_4)
FN:146,(anonymous_5)
FN:182,(anonymous_6)
FN:188,(anonymous_7)
FN:231,(anonymous_8)
FN:252,(anonymous_9)
FN:290,(anonymous_10)
FN:310,(anonymous_11)
FN:314,(anonymous_12)
FN:354,(anonymous_13)
FN:390,(anonymous_14)
FN:413,(anonymous_15)
FN:426,(anonymous_16)
FN:435,(anonymous_17)
FN:436,(anonymous_18)
FNF:17
FNH:0
FNDA:0,(anonymous_2)
FNDA:0,(anonymous_3)
FNDA:0,(anonymous_4)
FNDA:0,(anonymous_5)
FNDA:0,(anonymous_6)
FNDA:0,(anonymous_7)
FNDA:0,(anonymous_8)
FNDA:0,(anonymous_9)
FNDA:0,(anonymous_10)
FNDA:0,(anonymous_11)
FNDA:0,(anonymous_12)
FNDA:0,(anonymous_13)
FNDA:0,(anonymous_14)
FNDA:0,(anonymous_15)
FNDA:0,(anonymous_16)
FNDA:0,(anonymous_17)
FNDA:0,(anonymous_18)
DA:1,0
DA:2,0
DA:9,0
DA:34,0
DA:35,0
DA:36,0
DA:44,0
DA:45,0
DA:46,0
DA:47,0
DA:53,0
DA:54,0
DA:55,0
DA:56,0
DA:63,0
DA:67,0
DA:71,0
DA:76,0
DA:77,0
DA:89,0
DA:90,0
DA:92,0
DA:93,0
DA:94,0
DA:96,0
DA:99,0
DA:100,0
DA:102,0
DA:103,0
DA:108,0
DA:110,0
DA:112,0
DA:114,0
DA:115,0
DA:116,0
DA:118,0
DA:122,0
DA:126,0
DA:127,0
DA:129,0
DA:134,0
DA:135,0
DA:139,0
DA:146,0
DA:147,0
DA:151,0
DA:153,0
DA:157,0
DA:158,0
DA:161,0
DA:172,0
DA:175,0
DA:188,0
DA:189,0
DA:194,0
DA:195,0
DA:196,0
DA:199,0
DA:200,0
DA:201,0
DA:204,0
DA:210,0
DA:224,0
DA:234,0
DA:236,0
DA:237,0
DA:238,0
DA:239,0
DA:241,0
DA:242,0
DA:246,0
DA:258,0
DA:260,0
DA:262,0
DA:265,0
DA:267,0
DA:269,0
DA:276,0
DA:278,0
DA:295,0
DA:297,0
DA:314,0
DA:316,0
DA:339,0
DA:340,0
DA:345,0
DA:359,0
DA:360,0
DA:361,0
DA:364,0
DA:365,0
DA:371,0
DA:374,0
DA:375,0
DA:376,0
DA:379,0
DA:380,0
DA:382,0
DA:383,0
DA:391,0
DA:414,0
DA:420,0
DA:428,0
DA:436,0
LF:104
LH:0
BRDA:56,0,0,0
BRDA:56,0,1,0
BRDA:86,1,0,0
BRDA:87,2,0,0
BRDA:102,3,0,0
BRDA:112,4,0,0
BRDA:151,5,0,0
BRDA:157,6,0,0
BRDA:194,7,0,0
BRDA:196,8,0,0
BRDA:199,9,0,0
BRDA:201,10,0,0
BRDA:213,11,0,0
BRDA:213,11,1,0
BRDA:218,12,0,0
BRDA:218,12,1,0
BRDA:301,13,0,0
BRDA:301,13,1,0
BRDA:339,14,0,0
BRDA:374,15,0,0
BRDA:394,16,0,0
BRDA:394,16,1,0
BRDA:400,17,0,0
BRDA:400,17,1,0
BRF:24
BRH:0
end_of_record
TN:
SF:src/services/email.service.ts
FN:17,(anonymous_11)
FN:22,(anonymous_12)
FN:45,(anonymous_13)
FNF:3
FNH:0
FNDA:0,(anonymous_11)
FNDA:0,(anonymous_12)
FNDA:0,(anonymous_13)
DA:1,0
DA:2,0
DA:3,0
DA:13,0
DA:15,0
DA:17,0
DA:19,0
DA:23,0
DA:24,0
DA:25,0
DA:26,0
DA:27,0
DA:29,0
DA:30,0
DA:31,0
DA:34,0
DA:46,0
DA:47,0
DA:48,0
DA:49,0
DA:52,0
DA:54,0
DA:62,0
DA:64,0
DA:65,0
DA:66,0
LF:26
LH:0
BRDA:29,0,0,0
BRDA:29,1,0,0
BRDA:29,1,1,0
BRDA:29,1,2,0
BRDA:29,1,3,0
BRDA:29,1,4,0
BRDA:47,2,0,0
BRF:7
BRH:0
end_of_record
TN:
SF:src/services/magic-admin.service.ts
FN:13,(anonymous_2)
FN:36,(anonymous_3)
FN:61,(anonymous_4)
FN:77,(anonymous_5)
FN:84,(anonymous_6)
FNF:5
FNH:0
FNDA:0,(anonymous_2)
FNDA:0,(anonymous_3)
FNDA:0,(anonymous_4)
FNDA:0,(anonymous_5)
FNDA:0,(anonymous_6)
DA:1,0
DA:2,0
DA:9,0
DA:10,0
DA:15,0
DA:16,0
DA:17,0
DA:22,0
DA:23,0
DA:24,0
DA:26,0
DA:27,0
DA:37,0
DA:38,0
DA:41,0
DA:44,0
DA:47,0
DA:49,0
DA:51,0
DA:52,0
DA:62,0
DA:63,0
DA:64,0
DA:66,0
DA:67,0
DA:78,0
DA:79,0
DA:80,0
DA:83,0
DA:84,0
DA:87,0
DA:88,0
DA:91,0
DA:93,0
DA:94,0
LF:35
LH:0
BRDA:16,0,0,0
BRDA:87,1,0,0
BRF:2
BRH:0
end_of_record
TN:
SF:src/services/magic-trade.service.ts
FN:31,(anonymous_2)
FN:44,(anonymous_3)
FN:152,(anonymous_4)
FNF:3
FNH:0
FNDA:0,(anonymous_2)
FNDA:0,(anonymous_3)
FNDA:0,(anonymous_4)
DA:1,0
DA:2,0
DA:3,0
DA:4,0
DA:12,0
DA:13,0
DA:16,0
DA:23,0
DA:26,0
DA:32,0
DA:33,0
DA:51,0
DA:56,0
DA:60,0
DA:61,0
DA:65,0
DA:66,0
DA:68,0
DA:69,0
DA:73,0
DA:79,0
DA:82,0
DA:83,0
DA:85,0
DA:88,0
DA:89,0
DA:90,0
DA:94,0
DA:95,0
DA:96,0
DA:100,0
DA:107,0
DA:108,0
DA:109,0
DA:112,0
DA:113,0
DA:116,0
DA:117,0
DA:125,0
DA:134,0
DA:139,0
DA:155,0
DA:157,0
DA:158,0
DA:160,0
DA:161,0
DA:163,0
DA:164,0
DA:166,0
DA:167,0
DA:169,0
DA:172,0
LF:52
LH:0
BRDA:47,0,0,0
BRDA:48,1,0,0
BRDA:49,2,0,0
BRDA:60,3,0,0
BRDA:68,4,0,0
BRDA:89,5,0,0
BRDA:95,6,0,0
BRDA:142,7,0,0
BRDA:142,7,1,0
BRDA:142,8,0,0
BRDA:142,8,1,0
BRDA:143,9,0,0
BRDA:143,9,1,0
BRDA:143,10,0,0
BRDA:143,10,1,0
BRDA:155,11,0,0
BRDA:155,11,1,0
BRDA:155,11,2,0
BRDA:155,11,3,0
BRDA:155,11,4,0
BRDA:157,12,0,0
BRDA:157,12,1,0
BRDA:160,13,0,0
BRDA:160,13,1,0
BRDA:163,14,0,0
BRDA:163,14,1,0
BRDA:166,15,0,0
BRDA:166,15,1,0
BRDA:169,16,0,0
BRDA:169,16,1,0
BRF:30
BRH:0
end_of_record
TN:
SF:src/services/magic.module.ts
FNF:0
FNH:0
DA:1,0
DA:2,0
DA:3,0
DA:4,0
DA:15,0
LF:5
LH:0
BRF:0
BRH:0
end_of_record
TN:
SF:src/services/notification.module.ts
FNF:0
FNH:0
DA:1,0
DA:2,0
DA:3,0
DA:4,0
DA:5,0
DA:12,0
LF:6
LH:0
BRF:0
BRH:0
end_of_record
TN:
SF:src/services/notification.service.ts
FN:62,(anonymous_12)
FN:72,(anonymous_13)
FN:124,(anonymous_14)
FN:141,(anonymous_15)
FN:197,(anonymous_16)
FN:225,(anonymous_17)
FN:258,(anonymous_18)
FN:334,(anonymous_19)
FN:391,(anonymous_20)
FN:442,(anonymous_21)
FN:488,(anonymous_22)
FN:543,(anonymous_23)
FN:586,(anonymous_24)
FNF:13
FNH:0
FNDA:0,(anonymous_12)
FNDA:0,(anonymous_13)
FNDA:0,(anonymous_14)
FNDA:0,(anonymous_15)
FNDA:0,(anonymous_16)
FNDA:0,(anonymous_17)
FNDA:0,(anonymous_18)
FNDA:0,(anonymous_19)
FNDA:0,(anonymous_20)
FNDA:0,(anonymous_21)
FNDA:0,(anonymous_22)
FNDA:0,(anonymous_23)
FNDA:0,(anonymous_24)
DA:1,0
DA:2,0
DA:3,0
DA:4,0
DA:5,0
DA:6,0
DA:7,0
DA:59,0
DA:60,0
DA:63,0
DA:64,0
DA:65,0
DA:66,0
DA:77,0
DA:79,0
DA:83,0
DA:84,0
DA:87,0
DA:91,0
DA:124,0
DA:125,0
DA:126,0
DA:130,0
DA:131,0
DA:145,0
DA:146,0
DA:151,0
DA:155,0
DA:161,0
DA:162,0
DA:174,0
DA:187,0
DA:190,0
DA:200,0
DA:201,0
DA:202,0
DA:203,0
DA:204,0
DA:207,0
DA:215,0
DA:218,0
DA:229,0
DA:232,0
DA:238,0
DA:239,0
DA:249,0
DA:251,0
DA:254,0
DA:262,0
DA:319,0
DA:320,0
DA:322,0
DA:340,0
DA:342,0
DA:343,0
DA:344,0
DA:350,0
DA:351,0
DA:353,0
DA:354,0
DA:357,0
DA:364,0
DA:372,0
DA:373,0
DA:377,0
DA:397,0
DA:399,0
DA:400,0
DA:401,0
DA:407,0
DA:408,0
DA:412,0
DA:415,0
DA:423,0
DA:424,0
DA:428,0
DA:448,0
DA:450,0
DA:451,0
DA:452,0
DA:458,0
DA:459,0
DA:462,0
DA:463,0
DA:467,0
DA:469,0
DA:470,0
DA:474,0
DA:493,0
DA:494,0
DA:495,0
DA:497,0
DA:498,0
DA:500,0
DA:510,0
DA:511,0
DA:519,0
DA:527,0
DA:528,0
DA:529,0
DA:544,0
DA:545,0
DA:546,0
DA:549,0
DA:552,0
DA:553,0
DA:554,0
DA:557,0
DA:559,0
DA:560,0
DA:561,0
DA:562,0
DA:572,0
DA:573,0
DA:577,0
DA:594,0
DA:596,0
DA:606,0
LF:118
LH:0
BRDA:83,0,0,0
BRDA:93,1,0,0
BRDA:93,1,1,0
BRDA:93,2,0,0
BRDA:93,2,1,0
BRDA:98,3,0,0
BRDA:98,3,1,0
BRDA:98,4,0,0
BRDA:98,4,1,0
BRDA:108,5,0,0
BRDA:108,5,1,0
BRDA:108,6,0,0
BRDA:108,6,1,0
BRDA:118,7,0,0
BRDA:118,7,1,0
BRDA:125,8,0,0
BRDA:161,9,0,0
BRDA:179,10,0,0
BRDA:179,10,1,0
BRDA:179,10,2,0
BRDA:188,11,0,0
BRDA:188,11,1,0
BRDA:202,12,0,0
BRDA:209,13,0,0
BRDA:209,13,1,0
BRDA:210,14,0,0
BRDA:210,14,1,0
BRDA:216,15,0,0
BRDA:216,15,1,0
BRDA:238,16,0,0
BRDA:252,17,0,0
BRDA:252,17,1,0
BRDA:319,18,0,0
BRDA:319,18,1,0
BRDA:320,19,0,0
BRDA:320,19,1,0
BRDA:343,20,0,0
BRDA:350,21,0,0
BRDA:350,21,1,0
BRDA:400,22,0,0
BRDA:451,23,0,0
BRDA:462,24,0,0
BRDA:495,25,0,0
BRDA:497,26,0,0
BRDA:497,26,1,0
BRDA:510,27,0,0
BRDA:545,28,0,0
BRDA:553,29,0,0
BRDA:572,30,0,0
BRDA:572,30,1,0
BRDA:607,31,0,0
BRDA:607,31,1,0
BRF:52
BRH:0
end_of_record
TN:
SF:src/services/rabbitmq.service.ts
FN:36,(anonymous_2)
FN:38,(anonymous_3)
FN:42,(anonymous_4)
FN:49,(anonymous_5)
FN:52,(anonymous_6)
FN:66,(anonymous_7)
FN:83,(anonymous_8)
FN:88,(anonymous_9)
FN:96,(anonymous_10)
FN:107,(anonymous_11)
FN:113,(anonymous_12)
FN:117,(anonymous_13)
FN:131,(anonymous_14)
FN:157,(anonymous_15)
FN:185,(anonymous_16)
FN:213,(anonymous_17)
FN:243,(anonymous_18)
FN:262,(anonymous_19)
FN:287,(anonymous_20)
FN:343,(anonymous_21)
FN:377,(anonymous_22)
FN:408,(anonymous_23)
FN:421,(anonymous_24)
FN:429,(anonymous_25)
FN:430,(anonymous_26)
FN:454,(anonymous_27)
FN:461,(anonymous_28)
FN:486,(anonymous_29)
FN:496,(anonymous_30)
FN:503,(anonymous_31)
FN:552,(anonymous_32)
FN:608,(anonymous_33)
FN:647,(anonymous_34)
FN:656,(anonymous_35)
FN:670,(anonymous_36)
FN:687,(anonymous_37)
FN:706,(anonymous_38)
FN:734,(anonymous_39)
FN:744,(anonymous_40)
FNF:39
FNH:0
FNDA:0,(anonymous_2)
FNDA:0,(anonymous_3)
FNDA:0,(anonymous_4)
FNDA:0,(anonymous_5)
FNDA:0,(anonymous_6)
FNDA:0,(anonymous_7)
FNDA:0,(anonymous_8)
FNDA:0,(anonymous_9)
FNDA:0,(anonymous_10)
FNDA:0,(anonymous_11)
FNDA:0,(anonymous_12)
FNDA:0,(anonymous_13)
FNDA:0,(anonymous_14)
FNDA:0,(anonymous_15)
FNDA:0,(anonymous_16)
FNDA:0,(anonymous_17)
FNDA:0,(anonymous_18)
FNDA:0,(anonymous_19)
FNDA:0,(anonymous_20)
FNDA:0,(anonymous_21)
FNDA:0,(anonymous_22)
FNDA:0,(anonymous_23)
FNDA:0,(anonymous_24)
FNDA:0,(anonymous_25)
FNDA:0,(anonymous_26)
FNDA:0,(anonymous_27)
FNDA:0,(anonymous_28)
FNDA:0,(anonymous_29)
FNDA:0,(anonymous_30)
FNDA:0,(anonymous_31)
FNDA:0,(anonymous_32)
FNDA:0,(anonymous_33)
FNDA:0,(anonymous_34)
FNDA:0,(anonymous_35)
FNDA:0,(anonymous_36)
FNDA:0,(anonymous_37)
FNDA:0,(anonymous_38)
FNDA:0,(anonymous_39)
FNDA:0,(anonymous_40)
DA:1,0
DA:7,0
DA:9,0
DA:14,0
DA:30,0
DA:31,0
DA:34,0
DA:36,0
DA:39,0
DA:43,0
DA:50,0
DA:51,0
DA:52,0
DA:55,0
DA:56,0
DA:60,0
DA:67,0
DA:69,0
DA:71,0
DA:75,0
DA:78,0
DA:83,0
DA:84,0
DA:85,0
DA:88,0
DA:89,0
DA:93,0
DA:96,0
DA:97,0
DA:101,0
DA:105,0
DA:108,0
DA:113,0
DA:114,0
DA:117,0
DA:118,0
DA:121,0
DA:123,0
DA:124,0
DA:132,0
DA:134,0
DA:137,0
DA:140,0
DA:141,0
DA:142,0
DA:144,0
DA:147,0
DA:149,0
DA:150,0
DA:158,0
DA:163,0
DA:164,0
DA:165,0
DA:167,0
DA:172,0
DA:173,0
DA:177,0
DA:186,0
DA:191,0
DA:192,0
DA:193,0
DA:195,0
DA:200,0
DA:201,0
DA:205,0
DA:214,0
DA:219,0
DA:220,0
DA:221,0
DA:225,0
DA:230,0
DA:231,0
DA:235,0
DA:247,0
DA:249,0
DA:252,0
DA:255,0
DA:263,0
DA:265,0
DA:266,0
DA:273,0
DA:274,0
DA:277,0
DA:278,0
DA:281,0
DA:288,0
DA:296,0
DA:297,0
DA:313,0
DA:314,0
DA:327,0
DA:328,0
DA:337,0
DA:344,0
DA:345,0
DA:346,0
DA:349,0
DA:355,0
DA:366,0
DA:367,0
DA:369,0
DA:370,0
DA:378,0
DA:379,0
DA:385,0
DA:395,0
DA:398,0
DA:400,0
DA:401,0
DA:415,0
DA:417,0
DA:419,0
DA:422,0
DA:424,0
DA:425,0
DA:427,0
DA:429,0
DA:431,0
DA:434,0
DA:435,0
DA:444,0
DA:446,0
DA:447,0
DA:455,0
DA:457,0
DA:459,0
DA:462,0
DA:464,0
DA:465,0
DA:466,0
DA:467,0
DA:468,0
DA:470,0
DA:471,0
DA:477,0
DA:479,0
DA:488,0
DA:489,0
DA:490,0
DA:497,0
DA:504,0
DA:505,0
DA:507,0
DA:513,0
DA:538,0
DA:540,0
DA:541,0
DA:557,0
DA:560,0
DA:561,0
DA:565,0
DA:566,0
DA:572,0
DA:573,0
DA:577,0
DA:578,0
DA:582,0
DA:583,0
DA:587,0
DA:588,0
DA:594,0
DA:595,0
DA:600,0
DA:609,0
DA:610,0
DA:612,0
DA:642,0
DA:643,0
DA:649,0
DA:652,0
DA:653,0
DA:657,0
DA:658,0
DA:660,0
DA:661,0
DA:662,0
DA:664,0
DA:671,0
DA:672,0
DA:673,0
DA:675,0
DA:676,0
DA:678,0
DA:680,0
DA:690,0
DA:691,0
DA:693,0
DA:694,0
DA:695,0
DA:699,0
DA:703,0
DA:704,0
DA:706,0
DA:707,0
DA:708,0
DA:714,0
DA:724,0
DA:726,0
DA:729,0
DA:733,0
DA:734,0
DA:735,0
DA:736,0
DA:738,0
DA:743,0
DA:744,0
DA:748,0
DA:751,0
DA:753,0
DA:754,0
LF:210
LH:0
BRDA:49,0,0,0
BRDA:51,1,0,0
BRDA:51,1,1,0
BRDA:55,2,0,0
BRDA:69,3,0,0
BRDA:69,3,1,0
BRDA:71,4,0,0
BRDA:71,4,1,0
BRDA:91,5,0,0
BRDA:91,5,1,0
BRDA:99,6,0,0
BRDA:99,6,1,0
BRDA:135,7,0,0
BRDA:135,7,1,0
BRDA:167,8,0,0
BRDA:167,8,1,0
BRDA:168,9,0,0
BRDA:168,9,1,0
BRDA:195,10,0,0
BRDA:195,10,1,0
BRDA:196,11,0,0
BRDA:196,11,1,0
BRDA:225,12,0,0
BRDA:225,12,1,0
BRDA:226,13,0,0
BRDA:226,13,1,0
BRDA:265,14,0,0
BRDA:273,15,0,0
BRDA:277,16,0,0
BRDA:296,17,0,0
BRDA:304,18,0,0
BRDA:304,18,1,0
BRDA:307,19,0,0
BRDA:307,19,1,0
BRDA:313,20,0,0
BRDA:321,21,0,0
BRDA:321,21,1,0
BRDA:327,22,0,0
BRDA:345,23,0,0
BRDA:352,24,0,0
BRDA:352,24,1,0
BRDA:377,25,0,0
BRDA:381,26,0,0
BRDA:381,26,1,0
BRDA:422,27,0,0
BRDA:430,28,0,0
BRDA:462,29,0,0
BRDA:488,30,0,0
BRDA:489,31,0,0
BRDA:489,32,0,0
BRDA:489,32,1,0
BRDA:497,33,0,0
BRDA:497,33,1,0
BRDA:497,33,2,0
BRDA:505,34,0,0
BRDA:517,35,0,0
BRDA:517,35,1,0
BRDA:522,36,0,0
BRDA:522,36,1,0
BRDA:527,37,0,0
BRDA:527,37,1,0
BRDA:529,38,0,0
BRDA:529,38,1,0
BRDA:542,39,0,0
BRDA:542,39,1,0
BRDA:560,40,0,0
BRDA:565,41,0,0
BRDA:572,42,0,0
BRDA:572,43,0,0
BRDA:572,43,1,0
BRDA:577,44,0,0
BRDA:582,45,0,0
BRDA:587,46,0,0
BRDA:594,47,0,0
BRDA:600,48,0,0
BRDA:600,48,1,0
BRDA:616,49,0,0
BRDA:616,49,1,0
BRDA:619,50,0,0
BRDA:619,50,1,0
BRDA:624,51,0,0
BRDA:624,51,1,0
BRDA:626,52,0,0
BRDA:626,52,1,0
BRDA:628,53,0,0
BRDA:628,53,1,0
BRDA:631,54,0,0
BRDA:631,54,1,0
BRDA:638,55,0,0
BRDA:638,55,1,0
BRDA:643,56,0,0
BRDA:643,56,1,0
BRDA:650,57,0,0
BRDA:650,57,1,0
BRDA:657,58,0,0
BRDA:657,58,1,0
BRDA:658,59,0,0
BRDA:658,59,1,0
BRDA:660,60,0,0
BRDA:661,61,0,0
BRDA:662,62,0,0
BRDA:672,63,0,0
BRDA:675,64,0,0
BRDA:694,65,0,0
BRDA:700,66,0,0
BRDA:700,66,1,0
BRDA:711,67,0,0
BRDA:711,67,1,0
BRDA:735,68,0,0
BRDA:735,68,1,0
BRDA:735,69,0,0
BRDA:735,69,1,0
BRDA:743,70,0,0
BRF:113
BRH:0
end_of_record
TN:
SF:src/services/ai/code-generation.service.ts
FN:20,(anonymous_12)
FN:30,(anonymous_13)
FN:86,(anonymous_14)
FN:131,(anonymous_15)
FN:142,(anonymous_16)
FN:143,(anonymous_17)
FN:144,(anonymous_18)
FN:152,(anonymous_19)
FN:178,(anonymous_20)
FN:179,(anonymous_21)
FN:208,(anonymous_22)
FN:221,(anonymous_23)
FN:274,(anonymous_24)
FN:331,(anonymous_25)
FN:454,(anonymous_26)
FNF:15
FNH:0
FNDA:0,(anonymous_12)
FNDA:0,(anonymous_13)
FNDA:0,(anonymous_14)
FNDA:0,(anonymous_15)
FNDA:0,(anonymous_16)
FNDA:0,(anonymous_17)
FNDA:0,(anonymous_18)
FNDA:0,(anonymous_19)
FNDA:0,(anonymous_20)
FNDA:0,(anonymous_21)
FNDA:0,(anonymous_22)
FNDA:0,(anonymous_23)
FNDA:0,(anonymous_24)
FNDA:0,(anonymous_25)
FNDA:0,(anonymous_26)
DA:1,0
DA:2,0
DA:3,0
DA:4,0
DA:16,0
DA:17,0
DA:18,0
DA:31,0
DA:35,0
DA:37,0
DA:59,0
DA:61,0
DA:62,0
DA:64,0
DA:65,0
DA:67,0
DA:68,0
DA:70,0
DA:73,0
DA:75,0
DA:76,0
DA:87,0
DA:90,0
DA:103,0
DA:104,0
DA:105,0
DA:110,0
DA:112,0
DA:114,0
DA:117,0
DA:133,0
DA:134,0
DA:135,0
DA:138,0
DA:140,0
DA:142,0
DA:143,0
DA:144,0
DA:153,0
DA:159,0
DA:175,0
DA:178,0
DA:179,0
DA:183,0
DA:186,0
DA:189,0
DA:190,0
DA:193,0
DA:195,0
DA:196,0
DA:211,0
DA:222,0
DA:275,0
DA:332,0
DA:455,0
LF:55
LH:0
BRDA:59,0,0,0
BRDA:59,0,1,0
BRDA:59,0,2,0
BRDA:59,0,3,0
BRDA:75,1,0,0
BRDA:75,1,1,0
BRDA:76,2,0,0
BRDA:76,2,1,0
BRDA:104,3,0,0
BRDA:114,4,0,0
BRDA:114,4,1,0
BRDA:134,5,0,0
BRDA:189,6,0,0
BRDA:189,7,0,0
BRDA:189,7,1,0
BRDA:195,8,0,0
BRDA:195,8,1,0
BRDA:196,9,0,0
BRDA:196,9,1,0
BRF:19
BRH:0
end_of_record
TN:
SF:src/types/custom-block.ts
FN:15,(anonymous_0)
FN:18,(anonymous_1)
FN:44,createCustomBlockDefinition
FN:75,executeCustomBlockLogic
FN:83,(anonymous_4)
FN:86,(anonymous_5)
FN:168,applyJsonTemplate
FN:173,(anonymous_7)
FN:184,applyStringTemplate
FN:185,(anonymous_9)
FN:191,getNestedValue
FNF:11
FNH:0
FNDA:0,(anonymous_0)
FNDA:0,(anonymous_1)
FNDA:0,createCustomBlockDefinition
FNDA:0,executeCustomBlockLogic
FNDA:0,(anonymous_4)
FNDA:0,(anonymous_5)
FNDA:0,applyJsonTemplate
FNDA:0,(anonymous_7)
FNDA:0,applyStringTemplate
FNDA:0,(anonymous_9)
FNDA:0,getNestedValue
DA:2,0
DA:15,0
DA:18,0
DA:19,0
DA:20,0
DA:21,0
DA:22,0
DA:24,0
DA:25,0
DA:26,0
DA:41,0
DA:44,0
DA:55,0
DA:68,0
DA:75,0
DA:79,0
DA:80,0
DA:81,0
DA:83,0
DA:84,0
DA:86,0
DA:92,0
DA:94,0
DA:96,0
DA:109,0
DA:110,0
DA:113,0
DA:114,0
DA:115,0
DA:117,0
DA:121,0
DA:124,0
DA:125,0
DA:128,0
DA:138,0
DA:139,0
DA:142,0
DA:145,0
DA:146,0
DA:147,0
DA:148,0
DA:150,0
DA:151,0
DA:152,0
DA:153,0
DA:157,0
DA:159,0
DA:169,0
DA:170,0
DA:171,0
DA:172,0
DA:173,0
DA:174,0
DA:175,0
DA:176,0
DA:177,0
DA:179,0
DA:181,0
DA:185,0
DA:186,0
DA:187,0
DA:192,0
DA:193,0
DA:194,0
DA:195,0
DA:196,0
DA:198,0
DA:200,0
LF:68
LH:0
BRDA:18,0,0,0
BRDA:18,0,1,0
BRDA:48,1,0,0
BRDA:49,2,0,0
BRDA:50,3,0,0
BRDA:51,4,0,0
BRDA:52,5,0,0
BRDA:86,6,0,0
BRDA:86,6,1,0
BRDA:94,7,0,0
BRDA:94,7,1,0
BRDA:94,7,2,0
BRDA:94,7,3,0
BRDA:94,7,4,0
BRDA:109,8,0,0
BRDA:109,8,1,0
BRDA:118,9,0,0
BRDA:118,9,1,0
BRDA:147,10,0,0
BRDA:147,11,0,0
BRDA:147,11,1,0
BRDA:150,12,0,0
BRDA:150,12,1,0
BRDA:152,13,0,0
BRDA:162,14,0,0
BRDA:162,14,1,0
BRDA:169,15,0,0
BRDA:169,15,1,0
BRDA:169,16,0,0
BRDA:169,16,1,0
BRDA:169,16,2,0
BRDA:172,17,0,0
BRDA:172,17,1,0
BRDA:174,18,0,0
BRDA:174,19,0,0
BRDA:174,19,1,0
BRDA:187,20,0,0
BRDA:187,20,1,0
BRDA:195,21,0,0
BRDA:195,22,0,0
BRDA:195,22,1,0
BRF:41
BRH:0
end_of_record
TN:
SF:src/types/defi-blocks.ts
FN:6,(anonymous_0)
FNF:1
FNH:0
FNDA:0,(anonymous_0)
DA:6,0
DA:7,0
DA:8,0
DA:9,0
DA:10,0
DA:11,0
DA:12,0
DA:13,0
DA:14,0
DA:15,0
DA:16,0
DA:51,0
LF:12
LH:0
BRDA:6,0,0,0
BRDA:6,0,1,0
BRF:2
BRH:0
end_of_record
TN:
SF:src/types/supabase.ts
FNF:0
FNH:0
DA:1799,0
LF:1
LH:0
BRF:0
BRH:0
end_of_record
TN:
SF:src/utils/ai-adapter.ts
FN:22,executeAI
FNF:1
FNH:0
FNDA:0,executeAI
DA:1,0
DA:22,0
DA:29,0
DA:30,0
DA:31,0
LF:5
LH:0
BRDA:27,0,0,0
BRDA:29,1,0,0
BRDA:30,2,0,0
BRDA:30,2,1,0
BRF:4
BRH:0
end_of_record
TN:
SF:src/utils/blockValidator.ts
FN:10,validateWorkflowDefinition
FN:44,(anonymous_1)
FNF:2
FNH:0
FNDA:0,validateWorkflowDefinition
FNDA:0,(anonymous_1)
DA:10,0
DA:15,0
DA:16,0
DA:18,0
DA:19,0
DA:20,0
DA:21,0
DA:23,0
DA:24,0
DA:25,0
DA:26,0
DA:28,0
DA:29,0
DA:30,0
DA:31,0
DA:35,0
DA:38,0
DA:39,0
DA:43,0
DA:44,0
DA:45,0
DA:54,0
LF:22
LH:0
BRDA:18,0,0,0
BRDA:18,0,1,0
BRDA:18,0,2,0
BRDA:19,1,0,0
BRDA:23,2,0,0
BRDA:30,3,0,0
BRDA:38,4,0,0
BRDA:40,5,0,0
BRDA:40,5,1,0
BRDA:43,6,0,0
BRF:10
BRH:0
end_of_record
TN:
SF:src/utils/graph.ts
FN:4,validateAcyclic
FN:6,(anonymous_1)
FN:7,(anonymous_2)
FN:13,dfs
FN:22,(anonymous_4)
FN:26,topologicalSort
FN:29,(anonymous_6)
FN:33,(anonymous_7)
FN:41,(anonymous_8)
FN:47,(anonymous_9)
FN:48,(anonymous_10)
FN:59,validateOrphans
FN:65,(anonymous_12)
FN:66,(anonymous_13)
FN:68,(anonymous_14)
FN:92,(anonymous_15)
FN:94,validateTerminals
FN:95,(anonymous_17)
FN:96,(anonymous_18)
FN:115,(anonymous_19)
FNF:20
FNH:0
FNDA:0,validateAcyclic
FNDA:0,(anonymous_1)
FNDA:0,(anonymous_2)
FNDA:0,dfs
FNDA:0,(anonymous_4)
FNDA:0,topologicalSort
FNDA:0,(anonymous_6)
FNDA:0,(anonymous_7)
FNDA:0,(anonymous_8)
FNDA:0,(anonymous_9)
FNDA:0,(anonymous_10)
FNDA:0,validateOrphans
FNDA:0,(anonymous_12)
FNDA:0,(anonymous_13)
FNDA:0,(anonymous_14)
FNDA:0,(anonymous_15)
FNDA:0,validateTerminals
FNDA:0,(anonymous_17)
FNDA:0,(anonymous_18)
FNDA:0,(anonymous_19)
DA:4,0
DA:5,0
DA:6,0
DA:7,0
DA:8,0
DA:10,0
DA:11,0
DA:14,0
DA:15,0
DA:16,0
DA:17,0
DA:18,0
DA:19,0
DA:22,0
DA:26,0
DA:27,0
DA:28,0
DA:29,0
DA:30,0
DA:31,0
DA:33,0
DA:34,0
DA:35,0
DA:40,0
DA:41,0
DA:42,0
DA:44,0
DA:45,0
DA:46,0
DA:47,0
DA:48,0
DA:49,0
DA:50,0
DA:53,0
DA:54,0
DA:55,0
DA:59,0
DA:61,0
DA:62,0
DA:65,0
DA:66,0
DA:68,0
DA:69,0
DA:70,0
DA:74,0
DA:75,0
DA:83,0
DA:86,0
DA:92,0
DA:94,0
DA:95,0
DA:96,0
DA:97,0
DA:98,0
DA:101,0
DA:102,0
DA:105,0
DA:106,0
DA:110,0
DA:112,0
DA:114,0
DA:115,0
DA:117,0
DA:118,0
DA:123,0
LF:65
LH:0
BRDA:14,0,0,0
BRDA:15,1,0,0
BRDA:18,2,0,0
BRDA:18,2,1,0
BRDA:37,3,0,0
BRDA:37,3,1,0
BRDA:42,4,0,0
BRDA:48,5,0,0
BRDA:48,5,1,0
BRDA:49,6,0,0
BRDA:49,6,1,0
BRDA:50,7,0,0
BRDA:53,8,0,0
BRDA:61,9,0,0
BRDA:74,10,0,0
BRDA:74,11,0,0
BRDA:74,11,1,0
BRDA:88,12,0,0
BRDA:88,12,1,0
BRDA:97,13,0,0
BRDA:105,14,0,0
BRDA:105,15,0,0
BRDA:105,15,1,0
BRDA:110,16,0,0
BRDA:115,17,0,0
BRDA:115,17,1,0
BRDA:117,18,0,0
BRF:27
BRH:0
end_of_record
TN:
SF:src/utils/stubs.ts
FN:2,(anonymous_0)
FN:3,(anonymous_1)
FNF:2
FNH:0
FNDA:0,(anonymous_0)
FNDA:0,(anonymous_1)
DA:1,0
DA:4,0
LF:2
LH:0
BRF:0
BRH:0
end_of_record
TN:
SF:src/workers/error-handler.ts
FN:9,(anonymous_2)
FN:11,(anonymous_3)
FN:58,(anonymous_4)
FNF:3
FNH:0
FNDA:0,(anonymous_2)
FNDA:0,(anonymous_3)
FNDA:0,(anonymous_4)
DA:1,0
DA:2,0
DA:3,0
DA:6,0
DA:7,0
DA:9,0
DA:17,0
DA:18,0
DA:25,0
DA:31,0
DA:38,0
DA:50,0
DA:59,0
DA:60,0
DA:61,0
DA:62,0
DA:63,0
LF:17
LH:0
BRDA:45,0,0,0
BRDA:45,0,1,0
BRDA:59,1,0,0
BRDA:60,2,0,0
BRDA:61,3,0,0
BRDA:62,4,0,0
BRF:6
BRH:0
end_of_record
TN:
SF:src/workers/execution-logger.ts
FN:20,(anonymous_2)
FN:22,(anonymous_3)
FN:48,(anonymous_4)
FN:72,(anonymous_5)
FN:75,(anonymous_6)
FN:78,(anonymous_7)
FN:80,(anonymous_8)
FN:82,(anonymous_9)
FN:84,(anonymous_10)
FNF:9
FNH:0
FNDA:0,(anonymous_2)
FNDA:0,(anonymous_3)
FNDA:0,(anonymous_4)
FNDA:0,(anonymous_5)
FNDA:0,(anonymous_6)
FNDA:0,(anonymous_7)
FNDA:0,(anonymous_8)
FNDA:0,(anonymous_9)
FNDA:0,(anonymous_10)
DA:1,0
DA:2,0
DA:17,0
DA:18,0
DA:20,0
DA:31,0
DA:32,0
DA:42,0
DA:55,0
DA:56,0
DA:66,0
DA:73,0
DA:76,0
DA:79,0
DA:81,0
DA:83,0
DA:85,0
DA:86,0
LF:18
LH:0
BRDA:43,0,0,0
BRDA:43,0,1,0
BRDA:67,1,0,0
BRDA:67,1,1,0
BRF:4
BRH:0
end_of_record
TN:
SF:src/workers/execution-worker.ts
FN:32,(anonymous_2)
FN:41,(anonymous_3)
FN:56,(anonymous_4)
FN:58,(anonymous_5)
FN:96,(anonymous_6)
FN:107,(anonymous_7)
FN:197,(anonymous_8)
FN:276,(anonymous_9)
FN:286,(anonymous_10)
FNF:9
FNH:0
FNDA:0,(anonymous_2)
FNDA:0,(anonymous_3)
FNDA:0,(anonymous_4)
FNDA:0,(anonymous_5)
FNDA:0,(anonymous_6)
FNDA:0,(anonymous_7)
FNDA:0,(anonymous_8)
FNDA:0,(anonymous_9)
FNDA:0,(anonymous_10)
DA:1,0
DA:8,0
DA:9,0
DA:10,0
DA:11,0
DA:12,0
DA:13,0
DA:14,0
DA:15,0
DA:19,0
DA:20,0
DA:21,0
DA:22,0
DA:26,0
DA:30,0
DA:33,0
DA:34,0
DA:35,0
DA:36,0
DA:37,0
DA:38,0
DA:42,0
DA:43,0
DA:46,0
DA:48,0
DA:49,0
DA:51,0
DA:52,0
DA:58,0
DA:59,0
DA:60,0
DA:61,0
DA:62,0
DA:63,0
DA:64,0
DA:67,0
DA:70,0
DA:71,0
DA:73,0
DA:77,0
DA:80,0
DA:81,0
DA:83,0
DA:84,0
DA:85,0
DA:88,0
DA:91,0
DA:96,0
DA:97,0
DA:101,0
DA:108,0
DA:109,0
DA:111,0
DA:115,0
DA:118,0
DA:119,0
DA:120,0
DA:121,0
DA:125,0
DA:126,0
DA:129,0
DA:133,0
DA:134,0
DA:135,0
DA:139,0
DA:140,0
DA:144,0
DA:146,0
DA:149,0
DA:153,0
DA:166,0
DA:175,0
DA:176,0
DA:178,0
DA:183,0
DA:193,0
DA:198,0
DA:204,0
DA:205,0
DA:206,0
DA:207,0
DA:211,0
DA:213,0
DA:214,0
DA:218,0
DA:220,0
DA:221,0
DA:225,0
DA:236,0
DA:237,0
DA:240,0
DA:248,0
DA:251,0
DA:261,0
DA:268,0
DA:277,0
DA:278,0
DA:279,0
DA:281,0
DA:282,0
DA:283,0
DA:287,0
DA:288,0
DA:289,0
DA:290,0
DA:294,0
DA:296,0
DA:299,0
DA:301,0
LF:109
LH:0
BRDA:61,0,0,0
BRDA:74,1,0,0
BRDA:74,1,1,0
BRDA:75,2,0,0
BRDA:75,2,1,0
BRDA:81,3,0,0
BRDA:81,3,1,0
BRDA:81,4,0,0
BRDA:81,4,1,0
BRDA:83,5,0,0
BRDA:83,5,1,0
BRDA:119,6,0,0
BRDA:125,7,0,0
BRDA:125,8,0,0
BRDA:125,8,1,0
BRDA:133,9,0,0
BRDA:171,10,0,0
BRDA:171,10,1,0
BRDA:179,11,0,0
BRDA:179,11,1,0
BRDA:186,12,0,0
BRDA:186,12,1,0
BRDA:189,13,0,0
BRDA:189,13,1,0
BRDA:207,14,0,0
BRDA:207,14,1,0
BRDA:207,15,0,0
BRDA:207,15,1,0
BRDA:211,16,0,0
BRDA:211,16,1,0
BRDA:213,17,0,0
BRDA:218,18,0,0
BRDA:218,18,1,0
BRDA:220,19,0,0
BRDA:237,20,0,0
BRDA:237,21,0,0
BRDA:237,21,1,0
BRDA:256,22,0,0
BRDA:256,22,1,0
BRDA:269,23,0,0
BRDA:269,23,1,0
BRDA:278,24,0,0
BRDA:278,25,0,0
BRDA:278,25,1,0
BRDA:281,26,0,0
BRDA:281,26,1,0
BRDA:287,27,0,0
BRDA:287,28,0,0
BRDA:287,28,1,0
BRDA:289,29,0,0
BRDA:289,30,0,0
BRDA:289,30,1,0
BRDA:294,31,0,0
BRDA:296,32,0,0
BRDA:296,32,1,0
BRDA:299,33,0,0
BRDA:299,33,1,0
BRDA:299,34,0,0
BRDA:299,34,1,0
BRF:59
BRH:0
end_of_record
TN:
SF:src/workers/node-executor.ts
FN:14,(anonymous_2)
FN:19,(anonymous_3)
FN:44,(anonymous_4)
FN:75,(anonymous_5)
FN:89,(anonymous_6)
FN:133,(anonymous_7)
FN:134,(anonymous_8)
FN:190,(anonymous_9)
FN:270,(anonymous_10)
FN:284,(anonymous_11)
FNF:10
FNH:0
FNDA:0,(anonymous_2)
FNDA:0,(anonymous_3)
FNDA:0,(anonymous_4)
FNDA:0,(anonymous_5)
FNDA:0,(anonymous_6)
FNDA:0,(anonymous_7)
FNDA:0,(anonymous_8)
FNDA:0,(anonymous_9)
FNDA:0,(anonymous_10)
FNDA:0,(anonymous_11)
DA:1,0
DA:2,0
DA:3,0
DA:4,0
DA:5,0
DA:6,0
DA:7,0
DA:10,0
DA:11,0
DA:12,0
DA:15,0
DA:16,0
DA:20,0
DA:21,0
DA:22,0
DA:24,0
DA:28,0
DA:29,0
DA:30,0
DA:31,0
DA:33,0
DA:35,0
DA:36,0
DA:37,0
DA:38,0
DA:40,0
DA:45,0
DA:46,0
DA:51,0
DA:52,0
DA:53,0
DA:58,0
DA:62,0
DA:66,0
DA:70,0
DA:76,0
DA:77,0
DA:78,0
DA:80,0
DA:82,0
DA:86,0
DA:95,0
DA:99,0
DA:102,0
DA:103,0
DA:105,0
DA:107,0
DA:108,0
DA:109,0
DA:113,0
DA:114,0
DA:115,0
DA:116,0
DA:117,0
DA:118,0
DA:123,0
DA:126,0
DA:127,0
DA:133,0
DA:134,0
DA:135,0
DA:144,0
DA:159,0
DA:160,0
DA:161,0
DA:167,0
DA:169,0
DA:186,0
DA:189,0
DA:190,0
DA:195,0
DA:205,0
DA:206,0
DA:214,0
DA:216,0
DA:217,0
DA:220,0
DA:233,0
DA:242,0
DA:252,0
DA:253,0
DA:256,0
DA:258,0
DA:262,0
DA:270,0
DA:272,0
DA:273,0
DA:274,0
DA:279,0
DA:285,0
DA:287,0
DA:289,0
DA:302,0
LF:93
LH:0
BRDA:15,0,0,0
BRDA:16,1,0,0
BRDA:20,2,0,0
BRDA:21,3,0,0
BRDA:21,3,1,0
BRDA:30,4,0,0
BRDA:37,5,0,0
BRDA:107,6,0,0
BRDA:107,6,1,0
BRDA:107,6,2,0
BRDA:108,7,0,0
BRDA:126,8,0,0
BRDA:160,9,0,0
BRDA:174,10,0,0
BRDA:174,10,1,0
BRDA:175,11,0,0
BRDA:175,11,1,0
BRDA:225,12,0,0
BRDA:225,12,1,0
BRDA:225,12,2,0
BRDA:252,13,0,0
BRDA:252,13,1,0
BRDA:285,14,0,0
BRDA:285,14,1,0
BRDA:287,15,0,0
BRDA:287,15,1,0
BRDA:291,16,0,0
BRDA:291,16,1,0
BRDA:292,17,0,0
BRDA:292,17,1,0
BRDA:293,18,0,0
BRDA:293,18,1,0
BRDA:296,19,0,0
BRDA:296,19,1,0
BRDA:297,20,0,0
BRDA:297,20,1,0
BRDA:59,21,0,0
BRDA:59,21,1,0
BRDA:63,22,0,0
BRDA:63,22,1,0
BRDA:67,23,0,0
BRDA:67,23,1,0
BRDA:71,24,0,0
BRDA:71,24,1,0
BRF:44
BRH:0
end_of_record
TN:
SF:src/workers/utils.ts
FN:1,safeSerialize
FN:5,(anonymous_1)
FN:15,(anonymous_2)
FN:32,createSimplifiedObject
FN:46,(anonymous_4)
FN:60,(anonymous_5)
FNF:6
FNH:0
FNDA:0,safeSerialize
FNDA:0,(anonymous_1)
FNDA:0,(anonymous_2)
FNDA:0,createSimplifiedObject
FNDA:0,(anonymous_4)
FNDA:0,(anonymous_5)
DA:1,0
DA:2,0
DA:3,0
DA:5,0
DA:6,0
DA:7,0
DA:8,0
DA:9,0
DA:10,0
DA:12,0
DA:13,0
DA:14,0
DA:15,0
DA:16,0
DA:17,0
DA:18,0
DA:19,0
DA:20,0
DA:21,0
DA:22,0
DA:25,0
DA:26,0
DA:28,0
DA:32,0
DA:33,0
DA:34,0
DA:35,0
DA:40,0
DA:41,0
DA:47,0
DA:53,0
DA:54,0
DA:58,0
DA:59,0
DA:60,0
DA:61,0
DA:62,0
DA:63,0
DA:68,0
DA:72,0
LF:40
LH:0
BRDA:2,0,0,0
BRDA:2,1,0,0
BRDA:2,1,1,0
BRDA:2,1,2,0
BRDA:6,2,0,0
BRDA:6,3,0,0
BRDA:6,3,1,0
BRDA:7,4,0,0
BRDA:8,5,0,0
BRDA:9,6,0,0
BRDA:12,7,0,0
BRDA:14,8,0,0
BRDA:16,9,0,0
BRDA:17,10,0,0
BRDA:19,11,0,0
BRDA:20,12,0,0
BRDA:21,13,0,0
BRDA:33,14,0,0
BRDA:33,15,0,0
BRDA:33,15,1,0
BRDA:34,16,0,0
BRDA:38,17,0,0
BRDA:38,17,1,0
BRDA:40,18,0,0
BRDA:47,19,0,0
BRDA:47,19,1,0
BRDA:47,20,0,0
BRDA:47,20,1,0
BRDA:48,21,0,0
BRDA:48,21,1,0
BRDA:55,22,0,0
BRDA:55,22,1,0
BRDA:58,23,0,0
BRDA:64,24,0,0
BRDA:64,24,1,0
BRDA:64,25,0,0
BRDA:64,25,1,0
BRDA:66,26,0,0
BRDA:66,26,1,0
BRF:39
BRH:0
end_of_record
TN:
SF:src/workers/workflow-executor.ts
FN:24,(anonymous_2)
FN:37,(anonymous_3)
FN:44,(anonymous_4)
FN:49,(anonymous_5)
FN:71,(anonymous_6)
FN:80,(anonymous_7)
FN:89,(anonymous_8)
FN:153,(anonymous_9)
FN:154,(anonymous_10)
FN:165,(anonymous_11)
FN:168,(anonymous_12)
FN:181,(anonymous_13)
FN:189,(anonymous_14)
FN:208,(anonymous_15)
FN:237,(anonymous_16)
FN:382,(anonymous_17)
FN:447,(anonymous_18)
FN:459,(anonymous_19)
FNF:18
FNH:0
FNDA:0,(anonymous_2)
FNDA:0,(anonymous_3)
FNDA:0,(anonymous_4)
FNDA:0,(anonymous_5)
FNDA:0,(anonymous_6)
FNDA:0,(anonymous_7)
FNDA:0,(anonymous_8)
FNDA:0,(anonymous_9)
FNDA:0,(anonymous_10)
FNDA:0,(anonymous_11)
FNDA:0,(anonymous_12)
FNDA:0,(anonymous_13)
FNDA:0,(anonymous_14)
FNDA:0,(anonymous_15)
FNDA:0,(anonymous_16)
FNDA:0,(anonymous_17)
FNDA:0,(anonymous_18)
FNDA:0,(anonymous_19)
DA:1,0
DA:2,0
DA:3,0
DA:4,0
DA:10,0
DA:11,0
DA:12,0
DA:13,0
DA:17,0
DA:20,0
DA:21,0
DA:22,0
DA:25,0
DA:26,0
DA:27,0
DA:28,0
DA:41,0
DA:44,0
DA:45,0
DA:49,0
DA:50,0
DA:51,0
DA:54,0
DA:55,0
DA:56,0
DA:57,0
DA:61,0
DA:76,0
DA:77,0
DA:80,0
DA:81,0
DA:82,0
DA:86,0
DA:101,0
DA:104,0
DA:107,0
DA:108,0
DA:109,0
DA:110,0
DA:111,0
DA:113,0
DA:116,0
DA:117,0
DA:118,0
DA:120,0
DA:121,0
DA:122,0
DA:127,0
DA:138,0
DA:150,0
DA:151,0
DA:153,0
DA:154,0
DA:157,0
DA:160,0
DA:161,0
DA:164,0
DA:165,0
DA:167,0
DA:168,0
DA:170,0
DA:172,0
DA:173,0
DA:174,0
DA:177,0
DA:179,0
DA:181,0
DA:187,0
DA:189,0
DA:197,0
DA:200,0
DA:203,0
DA:204,0
DA:207,0
DA:209,0
DA:210,0
DA:224,0
DA:232,0
DA:237,0
DA:243,0
DA:245,0
DA:246,0
DA:247,0
DA:248,0
DA:249,0
DA:251,0
DA:257,0
DA:259,0
DA:260,0
DA:265,0
DA:268,0
DA:274,0
DA:278,0
DA:281,0
DA:288,0
DA:289,0
DA:295,0
DA:304,0
DA:312,0
DA:321,0
DA:326,0
DA:329,0
DA:331,0
DA:336,0
DA:342,0
DA:346,0
DA:347,0
DA:352,0
DA:362,0
DA:363,0
DA:365,0
DA:366,0
DA:367,0
DA:370,0
DA:371,0
DA:374,0
DA:381,0
DA:383,0
DA:385,0
DA:391,0
DA:392,0
DA:402,0
DA:410,0
DA:417,0
DA:421,0
DA:422,0
DA:435,0
DA:436,0
DA:440,0
DA:452,0
DA:454,0
DA:458,0
DA:460,0
DA:462,0
DA:468,0
DA:469,0
DA:479,0
LF:137
LH:0
BRDA:54,0,0,0
BRDA:54,0,1,0
BRDA:55,1,0,0
BRDA:77,2,0,0
BRDA:77,2,1,0
BRDA:81,3,0,0
BRDA:95,4,0,0
BRDA:117,5,0,0
BRDA:121,6,0,0
BRDA:145,7,0,0
BRDA:145,7,1,0
BRDA:165,8,0,0
BRDA:165,8,1,0
BRDA:183,9,0,0
BRDA:183,9,1,0
BRDA:183,9,2,0
BRDA:191,10,0,0
BRDA:191,10,1,0
BRDA:191,10,2,0
BRDA:200,11,0,0
BRDA:200,11,1,0
BRDA:214,12,0,0
BRDA:214,12,1,0
BRDA:214,12,2,0
BRDA:216,13,0,0
BRDA:216,13,1,0
BRDA:216,14,0,0
BRDA:216,14,1,0
BRDA:219,15,0,0
BRDA:219,15,1,0
BRDA:225,16,0,0
BRDA:225,16,1,0
BRDA:245,17,0,0
BRDA:246,18,0,0
BRDA:246,18,1,0
BRDA:288,19,0,0
BRDA:332,20,0,0
BRDA:332,20,1,0
BRDA:366,21,0,0
BRDA:366,21,1,0
BRDA:391,22,0,0
BRDA:421,23,0,0
BRDA:421,23,1,0
BRDA:452,24,0,0
BRDA:468,25,0,0
BRF:45
BRH:0
end_of_record
TN:
SF:src/workers/handlers/AIBlockchain.ts
FN:48,(anonymous_11)
FN:64,(anonymous_12)
FN:81,(anonymous_13)
FN:90,(anonymous_14)
FN:99,(anonymous_15)
FN:111,(anonymous_16)
FN:149,(anonymous_17)
FN:207,(anonymous_18)
FN:235,(anonymous_19)
FN:260,(anonymous_20)
FN:266,(anonymous_21)
FN:269,(anonymous_22)
FN:272,(anonymous_23)
FN:361,(anonymous_24)
FN:363,(anonymous_25)
FN:395,(anonymous_26)
FN:439,(anonymous_27)
FNF:17
FNH:0
FNDA:0,(anonymous_11)
FNDA:0,(anonymous_12)
FNDA:0,(anonymous_13)
FNDA:0,(anonymous_14)
FNDA:0,(anonymous_15)
FNDA:0,(anonymous_16)
FNDA:0,(anonymous_17)
FNDA:0,(anonymous_18)
FNDA:0,(anonymous_19)
FNDA:0,(anonymous_20)
FNDA:0,(anonymous_21)
FNDA:0,(anonymous_22)
FNDA:0,(anonymous_23)
FNDA:0,(anonymous_24)
FNDA:0,(anonymous_25)
FNDA:0,(anonymous_26)
FNDA:0,(anonymous_27)
DA:1,0
DA:4,0
DA:5,0
DA:6,0
DA:8,0
DA:35,0
DA:48,0
DA:49,0
DA:50,0
DA:51,0
DA:52,0
DA:53,0
DA:54,0
DA:60,0
DA:69,0
DA:70,0
DA:71,0
DA:72,0
DA:77,0
DA:78,0
DA:79,0
DA:82,0
DA:83,0
DA:84,0
DA:91,0
DA:99,0
DA:100,0
DA:101,0
DA:115,0
DA:117,0
DA:126,0
DA:128,0
DA:136,0
DA:138,0
DA:155,0
DA:156,0
DA:164,0
DA:167,0
DA:174,0
DA:176,0
DA:185,0
DA:196,0
DA:213,0
DA:214,0
DA:228,0
DA:236,0
DA:237,0
DA:240,0
DA:243,0
DA:244,0
DA:258,0
DA:260,0
DA:261,0
DA:262,0
DA:263,0
DA:264,0
DA:266,0
DA:267,0
DA:269,0
DA:270,0
DA:272,0
DA:273,0
DA:275,0
DA:282,0
DA:283,0
DA:284,0
DA:285,0
DA:287,0
DA:288,0
DA:290,0
DA:291,0
DA:299,0
DA:304,0
DA:308,0
DA:310,0
DA:311,0
DA:317,0
DA:328,0
DA:334,0
DA:335,0
DA:336,0
DA:337,0
DA:343,0
DA:346,0
DA:350,0
DA:353,0
DA:361,0
DA:362,0
DA:364,0
DA:375,0
DA:377,0
DA:380,0
DA:388,0
DA:392,0
DA:395,0
DA:406,0
DA:408,0
DA:412,0
DA:418,0
DA:425,0
DA:442,0
LF:101
LH:0
BRDA:48,0,0,0
BRDA:48,0,1,0
BRDA:67,1,0,0
BRDA:100,2,0,0
BRDA:126,3,0,0
BRDA:132,4,0,0
BRDA:132,4,1,0
BRDA:133,5,0,0
BRDA:133,5,1,0
BRDA:136,6,0,0
BRDA:155,7,0,0
BRDA:174,8,0,0
BRDA:174,8,1,0
BRDA:219,9,0,0
BRDA:219,9,1,0
BRDA:220,10,0,0
BRDA:220,10,1,0
BRDA:221,11,0,0
BRDA:221,11,1,0
BRDA:222,12,0,0
BRDA:222,12,1,0
BRDA:223,13,0,0
BRDA:223,13,1,0
BRDA:224,14,0,0
BRDA:224,14,1,0
BRDA:243,15,0,0
BRDA:276,16,0,0
BRDA:276,16,1,0
BRDA:287,17,0,0
BRDA:287,17,1,0
BRDA:288,18,0,0
BRDA:290,19,0,0
BRDA:310,20,0,0
BRDA:319,21,0,0
BRDA:319,21,1,0
BRDA:334,22,0,0
BRDA:397,23,0,0
BRDA:397,23,1,0
BRDA:398,24,0,0
BRDA:398,24,1,0
BRDA:406,25,0,0
BRDA:406,25,1,0
BRDA:408,26,0,0
BRDA:408,26,1,0
BRDA:414,27,0,0
BRDA:414,27,1,0
BRF:46
BRH:0
end_of_record
TN:
SF:src/workers/handlers/AbstractBlockHandler.ts
FN:13,(anonymous_2)
FN:26,(anonymous_3)
FN:52,(anonymous_4)
FN:80,(anonymous_5)
FN:106,(anonymous_6)
FN:127,(anonymous_7)
FN:153,(anonymous_8)
FN:167,(anonymous_9)
FN:188,(anonymous_10)
FN:192,(anonymous_11)
FNF:10
FNH:0
FNDA:0,(anonymous_2)
FNDA:0,(anonymous_3)
FNDA:0,(anonymous_4)
FNDA:0,(anonymous_5)
FNDA:0,(anonymous_6)
FNDA:0,(anonymous_7)
FNDA:0,(anonymous_8)
FNDA:0,(anonymous_9)
FNDA:0,(anonymous_10)
FNDA:0,(anonymous_11)
DA:1,0
DA:3,0
DA:10,0
DA:11,0
DA:13,0
DA:31,0
DA:33,0
DA:42,0
DA:44,0
DA:45,0
DA:58,0
DA:60,0
DA:61,0
DA:71,0
DA:87,0
DA:88,0
DA:99,0
DA:107,0
DA:109,0
DA:117,0
DA:119,0
DA:120,0
DA:133,0
DA:134,0
DA:146,0
DA:157,0
DA:158,0
DA:159,0
DA:171,0
DA:173,0
DA:174,0
DA:176,0
DA:178,0
DA:182,0
DA:192,0
DA:193,0
DA:194,0
DA:196,0
DA:197,0
DA:198,0
DA:200,0
DA:204,0
LF:42
LH:0
BRDA:58,0,0,0
BRDA:66,1,0,0
BRDA:66,1,1,0
BRDA:67,2,0,0
BRDA:67,2,1,0
BRDA:95,3,0,0
BRDA:95,3,1,0
BRDA:138,4,0,0
BRDA:138,4,1,0
BRDA:139,5,0,0
BRDA:139,5,1,0
BRDA:140,6,0,0
BRDA:140,6,1,0
BRDA:140,6,2,0
BRDA:158,7,0,0
BRDA:174,8,0,0
BRDA:174,8,1,0
BRDA:174,9,0,0
BRDA:174,9,1,0
BRDA:197,10,0,0
BRDA:197,10,1,0
BRDA:197,11,0,0
BRDA:197,11,1,0
BRDA:197,11,2,0
BRF:24
BRH:0
end_of_record
TN:
SF:src/workers/handlers/BlockchainReadHandler.ts
FN:10,(anonymous_1)
FN:13,(anonymous_2)
FN:173,(anonymous_3)
FN:181,(anonymous_4)
FN:218,(anonymous_5)
FN:230,(anonymous_6)
FN:244,(anonymous_7)
FN:301,(anonymous_8)
FN:313,(anonymous_9)
FN:327,(anonymous_10)
FN:387,(anonymous_11)
FN:402,(anonymous_12)
FN:436,(anonymous_13)
FN:447,(anonymous_14)
FN:460,(anonymous_15)
FN:468,(anonymous_16)
FN:490,(anonymous_17)
FN:498,(anonymous_18)
FN:520,(anonymous_19)
FN:528,(anonymous_20)
FN:558,(anonymous_21)
FN:566,(anonymous_22)
FN:598,(anonymous_23)
FN:622,(anonymous_24)
FN:638,(anonymous_25)
FN:642,(anonymous_26)
FN:648,(anonymous_27)
FN:649,(anonymous_28)
FN:657,(anonymous_29)
FN:658,(anonymous_30)
FN:663,(anonymous_31)
FN:670,(anonymous_32)
FNF:32
FNH:0
FNDA:0,(anonymous_1)
FNDA:0,(anonymous_2)
FNDA:0,(anonymous_3)
FNDA:0,(anonymous_4)
FNDA:0,(anonymous_5)
FNDA:0,(anonymous_6)
FNDA:0,(anonymous_7)
FNDA:0,(anonymous_8)
FNDA:0,(anonymous_9)
FNDA:0,(anonymous_10)
FNDA:0,(anonymous_11)
FNDA:0,(anonymous_12)
FNDA:0,(anonymous_13)
FNDA:0,(anonymous_14)
FNDA:0,(anonymous_15)
FNDA:0,(anonymous_16)
FNDA:0,(anonymous_17)
FNDA:0,(anonymous_18)
FNDA:0,(anonymous_19)
FNDA:0,(anonymous_20)
FNDA:0,(anonymous_21)
FNDA:0,(anonymous_22)
FNDA:0,(anonymous_23)
FNDA:0,(anonymous_24)
FNDA:0,(anonymous_25)
FNDA:0,(anonymous_26)
FNDA:0,(anonymous_27)
FNDA:0,(anonymous_28)
FNDA:0,(anonymous_29)
FNDA:0,(anonymous_30)
FNDA:0,(anonymous_31)
FNDA:0,(anonymous_32)
DA:2,0
DA:3,0
DA:10,0
DA:11,0
DA:14,0
DA:25,0
DA:27,0
DA:31,0
DA:32,0
DA:37,0
DA:38,0
DA:42,0
DA:45,0
DA:51,0
DA:53,0
DA:54,0
DA:56,0
DA:57,0
DA:61,0
DA:67,0
DA:69,0
DA:70,0
DA:74,0
DA:79,0
DA:81,0
DA:82,0
DA:86,0
DA:92,0
DA:94,0
DA:95,0
DA:99,0
DA:103,0
DA:110,0
DA:112,0
DA:116,0
DA:117,0
DA:121,0
DA:122,0
DA:124,0
DA:128,0
DA:129,0
DA:133,0
DA:138,0
DA:140,0
DA:144,0
DA:145,0
DA:147,0
DA:148,0
DA:150,0
DA:153,0
DA:163,0
DA:166,0
DA:178,0
DA:180,0
DA:182,0
DA:193,0
DA:194,0
DA:197,0
DA:199,0
DA:200,0
DA:203,0
DA:204,0
DA:206,0
DA:219,0
DA:236,0
DA:239,0
DA:240,0
DA:241,0
DA:243,0
DA:245,0
DA:262,0
DA:263,0
DA:266,0
DA:268,0
DA:269,0
DA:272,0
DA:273,0
DA:276,0
DA:281,0
DA:282,0
DA:284,0
DA:286,0
DA:302,0
DA:318,0
DA:320,0
DA:326,0
DA:328,0
DA:330,0
DA:331,0
DA:332,0
DA:349,0
DA:351,0
DA:352,0
DA:353,0
DA:356,0
DA:357,0
DA:358,0
DA:362,0
DA:368,0
DA:394,0
DA:397,0
DA:398,0
DA:399,0
DA:401,0
DA:403,0
DA:420,0
DA:421,0
DA:423,0
DA:444,0
DA:446,0
DA:449,0
DA:465,0
DA:467,0
DA:469,0
DA:480,0
DA:481,0
DA:495,0
DA:497,0
DA:499,0
DA:510,0
DA:511,0
DA:525,0
DA:527,0
DA:529,0
DA:545,0
DA:546,0
DA:547,0
DA:549,0
DA:563,0
DA:565,0
DA:567,0
DA:585,0
DA:586,0
DA:587,0
DA:589,0
DA:600,0
DA:613,0
DA:614,0
DA:619,0
DA:623,0
DA:635,0
DA:642,0
DA:643,0
DA:644,0
DA:649,0
DA:650,0
DA:651,0
DA:653,0
DA:658,0
DA:659,0
DA:665,0
DA:666,0
DA:667,0
DA:668,0
DA:670,0
DA:672,0
LF:156
LH:0
BRDA:17,0,0,0
BRDA:22,1,0,0
BRDA:24,2,0,0
BRDA:31,3,0,0
BRDA:31,4,0,0
BRDA:31,4,1,0
BRDA:39,5,0,0
BRDA:39,5,1,0
BRDA:40,6,0,0
BRDA:40,6,1,0
BRDA:42,7,0,0
BRDA:42,7,1,0
BRDA:43,8,0,0
BRDA:43,8,1,0
BRDA:45,9,0,0
BRDA:45,9,1,0
BRDA:46,10,0,0
BRDA:46,10,1,0
BRDA:51,11,0,0
BRDA:51,11,1,0
BRDA:51,11,2,0
BRDA:51,11,3,0
BRDA:51,11,4,0
BRDA:51,11,5,0
BRDA:51,11,6,0
BRDA:51,11,7,0
BRDA:51,11,8,0
BRDA:51,11,9,0
BRDA:56,12,0,0
BRDA:69,13,0,0
BRDA:81,14,0,0
BRDA:94,15,0,0
BRDA:94,16,0,0
BRDA:94,16,1,0
BRDA:101,17,0,0
BRDA:101,17,1,0
BRDA:113,18,0,0
BRDA:113,18,1,0
BRDA:113,18,2,0
BRDA:114,19,0,0
BRDA:114,19,1,0
BRDA:116,20,0,0
BRDA:125,21,0,0
BRDA:125,21,1,0
BRDA:125,21,2,0
BRDA:126,22,0,0
BRDA:126,22,1,0
BRDA:128,23,0,0
BRDA:141,24,0,0
BRDA:141,24,1,0
BRDA:142,25,0,0
BRDA:142,25,1,0
BRDA:164,26,0,0
BRDA:164,26,1,0
BRDA:193,27,0,0
BRDA:199,28,0,0
BRDA:262,29,0,0
BRDA:268,30,0,0
BRDA:281,31,0,0
BRDA:281,31,1,0
BRDA:282,32,0,0
BRDA:282,32,1,0
BRDA:351,33,0,0
BRDA:352,34,0,0
BRDA:352,34,1,0
BRDA:369,35,0,0
BRDA:369,35,1,0
BRDA:370,36,0,0
BRDA:370,36,1,0
BRDA:371,37,0,0
BRDA:371,37,1,0
BRDA:536,38,0,0
BRDA:536,38,1,0
BRDA:546,39,0,0
BRDA:575,40,0,0
BRDA:575,40,1,0
BRDA:576,41,0,0
BRDA:576,41,1,0
BRDA:577,42,0,0
BRDA:577,42,1,0
BRDA:578,43,0,0
BRDA:578,43,1,0
BRDA:586,44,0,0
BRDA:613,45,0,0
BRDA:635,46,0,0
BRDA:635,46,1,0
BRDA:644,47,0,0
BRDA:644,47,1,0
BRDA:650,48,0,0
BRDA:659,49,0,0
BRDA:659,49,1,0
BRDA:659,50,0,0
BRDA:659,50,1,0
BRF:93
BRH:0
end_of_record
TN:
SF:src/workers/handlers/CustomBlockHandler.ts
FN:18,(anonymous_2)
FN:22,(anonymous_3)
FN:129,(anonymous_4)
FNF:3
FNH:0
FNDA:0,(anonymous_2)
FNDA:0,(anonymous_3)
FNDA:0,(anonymous_4)
DA:1,0
DA:7,0
DA:8,0
DA:9,0
DA:12,0
DA:16,0
DA:19,0
DA:23,0
DA:25,0
DA:27,0
DA:29,0
DA:38,0
DA:45,0
DA:47,0
DA:50,0
DA:51,0
DA:58,0
DA:65,0
DA:66,0
DA:72,0
DA:73,0
DA:74,0
DA:79,0
DA:83,0
DA:87,0
DA:105,0
DA:111,0
DA:112,0
DA:121,0
DA:123,0
DA:124,0
DA:128,0
DA:129,0
DA:130,0
DA:135,0
DA:136,0
DA:146,0
DA:147,0
DA:149,0
DA:155,0
DA:157,0
DA:164,0
DA:165,0
DA:175,0
DA:180,0
LF:45
LH:0
BRDA:38,0,0,0
BRDA:38,0,1,0
BRDA:38,0,2,0
BRDA:38,0,3,0
BRDA:38,0,4,0
BRDA:45,1,0,0
BRDA:45,2,0,0
BRDA:45,2,1,0
BRDA:50,3,0,0
BRDA:65,4,0,0
BRDA:75,5,0,0
BRDA:75,5,1,0
BRDA:77,6,0,0
BRDA:77,6,1,0
BRDA:90,7,0,0
BRDA:90,7,1,0
BRDA:92,8,0,0
BRDA:92,8,1,0
BRDA:93,9,0,0
BRDA:93,9,1,0
BRDA:96,10,0,0
BRDA:96,10,1,0
BRDA:105,11,0,0
BRDA:105,11,1,0
BRDA:105,11,2,0
BRDA:105,11,3,0
BRDA:105,11,4,0
BRDA:123,12,0,0
BRDA:124,13,0,0
BRDA:124,13,1,0
BRDA:128,14,0,0
BRDA:128,15,0,0
BRDA:128,15,1,0
BRDA:135,16,0,0
BRDA:164,17,0,0
BRF:35
BRH:0
end_of_record
TN:
SF:src/workers/handlers/EmailBlockHandler.ts
FN:13,(anonymous_11)
FN:15,(anonymous_12)
FN:110,(anonymous_13)
FN:173,(anonymous_14)
FN:223,(anonymous_15)
FN:225,(anonymous_16)
FN:235,(anonymous_17)
FN:251,(anonymous_18)
FNF:8
FNH:0
FNDA:0,(anonymous_11)
FNDA:0,(anonymous_12)
FNDA:0,(anonymous_13)
FNDA:0,(anonymous_14)
FNDA:0,(anonymous_15)
FNDA:0,(anonymous_16)
FNDA:0,(anonymous_17)
FNDA:0,(anonymous_18)
DA:1,0
DA:3,0
DA:4,0
DA:5,0
DA:7,0
DA:10,0
DA:11,0
DA:13,0
DA:16,0
DA:17,0
DA:19,0
DA:21,0
DA:23,0
DA:26,0
DA:27,0
DA:29,0
DA:30,0
DA:32,0
DA:33,0
DA:37,0
DA:48,0
DA:49,0
DA:52,0
DA:53,0
DA:57,0
DA:64,0
DA:72,0
DA:75,0
DA:82,0
DA:92,0
DA:95,0
DA:102,0
DA:114,0
DA:117,0
DA:120,0
DA:121,0
DA:124,0
DA:129,0
DA:132,0
DA:136,0
DA:142,0
DA:143,0
DA:145,0
DA:148,0
DA:152,0
DA:153,0
DA:162,0
DA:163,0
DA:166,0
DA:177,0
DA:180,0
DA:182,0
DA:183,0
DA:184,0
DA:194,0
DA:195,0
DA:196,0
DA:201,0
DA:202,0
DA:204,0
DA:206,0
DA:210,0
DA:213,0
DA:217,0
DA:224,0
DA:225,0
DA:227,0
DA:228,0
DA:236,0
DA:238,0
DA:241,0
DA:243,0
DA:244,0
DA:257,0
DA:258,0
DA:268,0
LF:76
LH:0
BRDA:26,0,0,0
BRDA:29,1,0,0
BRDA:32,2,0,0
BRDA:39,3,0,0
BRDA:39,3,1,0
BRDA:52,4,0,0
BRDA:52,5,0,0
BRDA:52,5,1,0
BRDA:65,6,0,0
BRDA:65,6,1,0
BRDA:69,7,0,0
BRDA:69,7,1,0
BRDA:96,8,0,0
BRDA:96,8,1,0
BRDA:97,9,0,0
BRDA:97,9,1,0
BRDA:124,10,0,0
BRDA:124,11,0,0
BRDA:124,11,1,0
BRDA:129,12,0,0
BRDA:129,12,1,0
BRDA:132,13,0,0
BRDA:132,13,1,0
BRDA:132,13,2,0
BRDA:136,14,0,0
BRDA:136,14,1,0
BRDA:142,15,0,0
BRDA:142,15,1,0
BRDA:162,16,0,0
BRDA:175,17,0,0
BRDA:180,18,0,0
BRDA:180,19,0,0
BRDA:180,19,1,0
BRDA:194,20,0,0
BRDA:202,21,0,0
BRDA:202,21,1,0
BRDA:204,22,0,0
BRDA:204,22,1,0
BRDA:204,23,0,0
BRDA:204,23,1,0
BRDA:204,23,2,0
BRDA:227,24,0,0
BRDA:263,25,0,0
BRDA:263,25,1,0
BRF:44
BRH:0
end_of_record
TN:
SF:src/workers/handlers/HttpRequestHandler.ts
FN:10,(anonymous_1)
FN:13,(anonymous_2)
FN:29,(anonymous_3)
FN:60,(anonymous_4)
FN:87,(anonymous_5)
FN:119,(anonymous_6)
FN:201,(anonymous_7)
FN:205,(anonymous_8)
FN:214,(anonymous_9)
FN:219,(anonymous_10)
FN:234,(anonymous_11)
FN:235,(anonymous_12)
FN:243,(anonymous_13)
FN:244,(anonymous_14)
FN:252,(anonymous_15)
FN:269,(anonymous_16)
FN:286,(anonymous_17)
FNF:17
FNH:0
FNDA:0,(anonymous_1)
FNDA:0,(anonymous_2)
FNDA:0,(anonymous_3)
FNDA:0,(anonymous_4)
FNDA:0,(anonymous_5)
FNDA:0,(anonymous_6)
FNDA:0,(anonymous_7)
FNDA:0,(anonymous_8)
FNDA:0,(anonymous_9)
FNDA:0,(anonymous_10)
FNDA:0,(anonymous_11)
FNDA:0,(anonymous_12)
FNDA:0,(anonymous_13)
FNDA:0,(anonymous_14)
FNDA:0,(anonymous_15)
FNDA:0,(anonymous_16)
FNDA:0,(anonymous_17)
DA:1,0
DA:3,0
DA:10,0
DA:11,0
DA:14,0
DA:15,0
DA:18,0
DA:19,0
DA:23,0
DA:41,0
DA:43,0
DA:45,0
DA:46,0
DA:49,0
DA:50,0
DA:51,0
DA:55,0
DA:59,0
DA:61,0
DA:70,0
DA:71,0
DA:74,0
DA:76,0
DA:77,0
DA:80,0
DA:88,0
DA:95,0
DA:98,0
DA:100,0
DA:109,0
DA:112,0
DA:123,0
DA:125,0
DA:127,0
DA:128,0
DA:132,0
DA:133,0
DA:135,0
DA:136,0
DA:146,0
DA:149,0
DA:150,0
DA:151,0
DA:152,0
DA:154,0
DA:155,0
DA:157,0
DA:158,0
DA:160,0
DA:161,0
DA:163,0
DA:168,0
DA:171,0
DA:191,0
DA:194,0
DA:205,0
DA:206,0
DA:207,0
DA:215,0
DA:216,0
DA:218,0
DA:219,0
DA:221,0
DA:222,0
DA:223,0
DA:224,0
DA:226,0
DA:228,0
DA:235,0
DA:236,0
DA:244,0
DA:245,0
DA:253,0
DA:254,0
DA:256,0
DA:258,0
DA:260,0
DA:262,0
DA:270,0
DA:271,0
DA:273,0
DA:275,0
DA:277,0
DA:279,0
DA:291,0
LF:85
LH:0
BRDA:18,0,0,0
BRDA:18,1,0,0
BRDA:18,1,1,0
BRDA:35,2,0,0
BRDA:36,3,0,0
BRDA:39,4,0,0
BRDA:40,5,0,0
BRDA:45,6,0,0
BRDA:50,7,0,0
BRDA:50,7,1,0
BRDA:53,8,0,0
BRDA:53,8,1,0
BRDA:55,9,0,0
BRDA:55,9,1,0
BRDA:56,10,0,0
BRDA:56,10,1,0
BRDA:70,11,0,0
BRDA:70,12,0,0
BRDA:70,12,1,0
BRDA:76,13,0,0
BRDA:98,14,0,0
BRDA:98,14,1,0
BRDA:110,15,0,0
BRDA:110,15,1,0
BRDA:123,16,0,0
BRDA:127,17,0,0
BRDA:150,18,0,0
BRDA:150,19,0,0
BRDA:150,19,1,0
BRDA:152,20,0,0
BRDA:152,20,1,0
BRDA:152,20,2,0
BRDA:152,20,3,0
BRDA:174,21,0,0
BRDA:174,21,1,0
BRDA:175,22,0,0
BRDA:175,22,1,0
BRDA:192,23,0,0
BRDA:192,23,1,0
BRDA:207,24,0,0
BRDA:207,24,1,0
BRDA:215,25,0,0
BRDA:218,26,0,0
BRDA:221,27,0,0
BRDA:221,28,0,0
BRDA:221,28,1,0
BRDA:236,29,0,0
BRDA:236,29,1,0
BRDA:236,30,0,0
BRDA:236,30,1,0
BRDA:245,31,0,0
BRDA:245,31,1,0
BRDA:245,32,0,0
BRDA:245,32,1,0
BRDA:254,33,0,0
BRDA:254,33,1,0
BRDA:254,33,2,0
BRDA:254,33,3,0
BRDA:271,34,0,0
BRDA:271,34,1,0
BRDA:271,34,2,0
BRDA:271,34,3,0
BRF:62
BRH:0
end_of_record
TN:
SF:src/workers/handlers/MetricsBlockHandler.ts
FN:12,(anonymous_0)
FN:29,(anonymous_1)
FNF:2
FNH:0
FNDA:0,(anonymous_0)
FNDA:0,(anonymous_1)
DA:2,0
DA:8,0
DA:13,0
DA:14,0
DA:16,0
DA:22,0
DA:30,0
DA:31,0
DA:32,0
DA:33,0
DA:34,0
DA:35,0
DA:37,0
DA:38,0
DA:39,0
LF:15
LH:0
BRF:0
BRH:0
end_of_record
TN:
SF:src/workers/handlers/NotificationBlockHandler.ts
FN:10,(anonymous_2)
FN:15,(anonymous_3)
FNF:2
FNH:0
FNDA:0,(anonymous_2)
FNDA:0,(anonymous_3)
DA:1,0
DA:3,0
DA:4,0
DA:7,0
DA:8,0
DA:11,0
DA:12,0
DA:16,0
DA:17,0
DA:19,0
DA:21,0
DA:23,0
DA:24,0
DA:26,0
DA:27,0
DA:29,0
DA:30,0
DA:32,0
DA:33,0
DA:35,0
DA:40,0
DA:44,0
DA:56,0
DA:73,0
DA:82,0
DA:91,0
DA:94,0
DA:96,0
DA:113,0
DA:123,0
DA:128,0
LF:31
LH:0
BRDA:17,0,0,0
BRDA:17,0,1,0
BRDA:23,1,0,0
BRDA:26,2,0,0
BRDA:29,3,0,0
BRDA:32,4,0,0
BRDA:35,5,0,0
BRDA:36,6,0,0
BRDA:36,6,1,0
BRDA:36,6,2,0
BRDA:49,7,0,0
BRDA:49,7,1,0
BRDA:67,8,0,0
BRDA:67,8,1,0
BRDA:98,9,0,0
BRDA:98,9,1,0
BRDA:99,10,0,0
BRDA:99,10,1,0
BRDA:100,11,0,0
BRDA:100,11,1,0
BRDA:103,12,0,0
BRDA:103,12,1,0
BRDA:104,13,0,0
BRDA:104,13,1,0
BRDA:116,14,0,0
BRDA:116,14,1,0
BRF:26
BRH:0
end_of_record
TN:
SF:src/workers/handlers/PriceMonitorBlockHandler.ts
FN:10,(anonymous_1)
FN:13,(anonymous_2)
FN:29,(anonymous_3)
FN:60,(anonymous_4)
FN:87,(anonymous_5)
FN:119,(anonymous_6)
FN:201,(anonymous_7)
FN:205,(anonymous_8)
FN:214,(anonymous_9)
FN:219,(anonymous_10)
FN:234,(anonymous_11)
FN:235,(anonymous_12)
FN:243,(anonymous_13)
FN:244,(anonymous_14)
FN:252,(anonymous_15)
FN:269,(anonymous_16)
FN:286,(anonymous_17)
FNF:17
FNH:0
FNDA:0,(anonymous_1)
FNDA:0,(anonymous_2)
FNDA:0,(anonymous_3)
FNDA:0,(anonymous_4)
FNDA:0,(anonymous_5)
FNDA:0,(anonymous_6)
FNDA:0,(anonymous_7)
FNDA:0,(anonymous_8)
FNDA:0,(anonymous_9)
FNDA:0,(anonymous_10)
FNDA:0,(anonymous_11)
FNDA:0,(anonymous_12)
FNDA:0,(anonymous_13)
FNDA:0,(anonymous_14)
FNDA:0,(anonymous_15)
FNDA:0,(anonymous_16)
FNDA:0,(anonymous_17)
DA:1,0
DA:3,0
DA:10,0
DA:11,0
DA:14,0
DA:15,0
DA:18,0
DA:19,0
DA:23,0
DA:41,0
DA:43,0
DA:45,0
DA:46,0
DA:49,0
DA:50,0
DA:51,0
DA:55,0
DA:59,0
DA:61,0
DA:70,0
DA:71,0
DA:74,0
DA:76,0
DA:77,0
DA:80,0
DA:88,0
DA:95,0
DA:98,0
DA:100,0
DA:109,0
DA:112,0
DA:123,0
DA:125,0
DA:127,0
DA:128,0
DA:132,0
DA:133,0
DA:135,0
DA:136,0
DA:146,0
DA:149,0
DA:150,0
DA:151,0
DA:152,0
DA:154,0
DA:155,0
DA:157,0
DA:158,0
DA:160,0
DA:161,0
DA:163,0
DA:168,0
DA:171,0
DA:191,0
DA:194,0
DA:205,0
DA:206,0
DA:207,0
DA:215,0
DA:216,0
DA:218,0
DA:219,0
DA:221,0
DA:222,0
DA:223,0
DA:224,0
DA:226,0
DA:228,0
DA:235,0
DA:236,0
DA:244,0
DA:245,0
DA:253,0
DA:254,0
DA:256,0
DA:258,0
DA:260,0
DA:262,0
DA:270,0
DA:271,0
DA:273,0
DA:275,0
DA:277,0
DA:279,0
DA:291,0
LF:85
LH:0
BRDA:18,0,0,0
BRDA:18,1,0,0
BRDA:18,1,1,0
BRDA:35,2,0,0
BRDA:36,3,0,0
BRDA:39,4,0,0
BRDA:40,5,0,0
BRDA:45,6,0,0
BRDA:50,7,0,0
BRDA:50,7,1,0
BRDA:53,8,0,0
BRDA:53,8,1,0
BRDA:55,9,0,0
BRDA:55,9,1,0
BRDA:56,10,0,0
BRDA:56,10,1,0
BRDA:70,11,0,0
BRDA:70,12,0,0
BRDA:70,12,1,0
BRDA:76,13,0,0
BRDA:98,14,0,0
BRDA:98,14,1,0
BRDA:110,15,0,0
BRDA:110,15,1,0
BRDA:123,16,0,0
BRDA:127,17,0,0
BRDA:150,18,0,0
BRDA:150,19,0,0
BRDA:150,19,1,0
BRDA:152,20,0,0
BRDA:152,20,1,0
BRDA:152,20,2,0
BRDA:152,20,3,0
BRDA:174,21,0,0
BRDA:174,21,1,0
BRDA:175,22,0,0
BRDA:175,22,1,0
BRDA:192,23,0,0
BRDA:192,23,1,0
BRDA:207,24,0,0
BRDA:207,24,1,0
BRDA:215,25,0,0
BRDA:218,26,0,0
BRDA:221,27,0,0
BRDA:221,28,0,0
BRDA:221,28,1,0
BRDA:236,29,0,0
BRDA:236,29,1,0
BRDA:236,30,0,0
BRDA:236,30,1,0
BRDA:245,31,0,0
BRDA:245,31,1,0
BRDA:245,32,0,0
BRDA:245,32,1,0
BRDA:254,33,0,0
BRDA:254,33,1,0
BRDA:254,33,2,0
BRDA:254,33,3,0
BRDA:271,34,0,0
BRDA:271,34,1,0
BRDA:271,34,2,0
BRDA:271,34,3,0
BRF:62
BRH:0
end_of_record
TN:
SF:src/workers/handlers/ScheduleBlockHandler.ts
FN:7,(anonymous_0)
FNF:1
FNH:0
FNDA:0,(anonymous_0)
DA:6,0
DA:8,0
DA:10,0
LF:3
LH:0
BRF:0
BRH:0
end_of_record
TN:
SF:src/workers/handlers/block-handler.ts
FN:9,(anonymous_2)
FN:16,(anonymous_3)
FN:42,(anonymous_4)
FN:70,(anonymous_5)
FN:96,(anonymous_6)
FN:113,(anonymous_7)
FNF:6
FNH:0
FNDA:0,(anonymous_2)
FNDA:0,(anonymous_3)
FNDA:0,(anonymous_4)
FNDA:0,(anonymous_5)
FNDA:0,(anonymous_6)
FNDA:0,(anonymous_7)
DA:1,0
DA:3,0
DA:6,0
DA:7,0
DA:9,0
DA:21,0
DA:23,0
DA:32,0
DA:34,0
DA:35,0
DA:48,0
DA:50,0
DA:51,0
DA:61,0
DA:77,0
DA:78,0
DA:89,0
DA:102,0
DA:103,0
DA:104,0
DA:105,0
DA:107,0
DA:120,0
DA:121,0
DA:122,0
DA:128,0
DA:134,0
LF:27
LH:0
BRDA:48,0,0,0
BRDA:56,1,0,0
BRDA:56,1,1,0
BRDA:57,2,0,0
BRDA:57,2,1,0
BRDA:85,3,0,0
BRDA:85,3,1,0
BRDA:102,4,0,0
BRDA:102,4,1,0
BRDA:103,5,0,0
BRDA:103,5,1,0
BRDA:104,6,0,0
BRDA:104,6,1,0
BRDA:105,7,0,0
BRDA:105,7,1,0
BRDA:120,8,0,0
BRDA:120,8,1,0
BRDA:132,9,0,0
BRDA:132,9,1,0
BRF:19
BRH:0
end_of_record
TN:
SF:src/workers/handlers/blockchain/TransactionBlockHandler.ts
FN:52,(anonymous_2)
FN:67,(anonymous_3)
FN:80,(anonymous_4)
FN:93,(anonymous_5)
FN:149,(anonymous_6)
FN:177,(anonymous_7)
FN:402,(anonymous_8)
FN:448,(anonymous_9)
FNF:8
FNH:0
FNDA:0,(anonymous_2)
FNDA:0,(anonymous_3)
FNDA:0,(anonymous_4)
FNDA:0,(anonymous_5)
FNDA:0,(anonymous_6)
FNDA:0,(anonymous_7)
FNDA:0,(anonymous_8)
FNDA:0,(anonymous_9)
DA:1,0
DA:11,0
DA:12,0
DA:13,0
DA:14,0
DA:15,0
DA:17,0
DA:52,0
DA:53,0
DA:54,0
DA:55,0
DA:56,0
DA:57,0
DA:58,0
DA:59,0
DA:69,0
DA:70,0
DA:72,0
DA:73,0
DA:78,0
DA:79,0
DA:81,0
DA:82,0
DA:83,0
DA:86,0
DA:87,0
DA:88,0
DA:95,0
DA:105,0
DA:106,0
DA:111,0
DA:112,0
DA:114,0
DA:115,0
DA:116,0
DA:117,0
DA:118,0
DA:120,0
DA:121,0
DA:132,0
DA:138,0
DA:141,0
DA:142,0
DA:150,0
DA:151,0
DA:153,0
DA:156,0
DA:157,0
DA:160,0
DA:162,0
DA:163,0
DA:164,0
DA:166,0
DA:168,0
DA:179,0
DA:181,0
DA:183,0
DA:186,0
DA:187,0
DA:197,0
DA:198,0
DA:201,0
DA:202,0
DA:209,0
DA:210,0
DA:218,0
DA:220,0
DA:225,0
DA:227,0
DA:228,0
DA:240,0
DA:241,0
DA:242,0
DA:244,0
DA:245,0
DA:249,0
DA:256,0
DA:257,0
DA:261,0
DA:262,0
DA:266,0
DA:282,0
DA:291,0
DA:299,0
DA:301,0
DA:304,0
DA:305,0
DA:306,0
DA:309,0
DA:314,0
DA:325,0
DA:326,0
DA:328,0
DA:329,0
DA:331,0
DA:332,0
DA:338,0
DA:339,0
DA:341,0
DA:348,0
DA:349,0
DA:351,0
DA:352,0
DA:357,0
DA:358,0
DA:362,0
DA:364,0
DA:371,0
DA:375,0
DA:377,0
DA:384,0
DA:385,0
DA:390,0
DA:392,0
DA:394,0
DA:398,0
DA:401,0
DA:402,0
DA:408,0
DA:412,0
DA:414,0
DA:421,0
DA:422,0
DA:424,0
DA:426,0
DA:432,0
DA:436,0
DA:441,0
DA:457,0
DA:460,0
DA:461,0
DA:462,0
DA:473,0
LF:133
LH:0
BRDA:52,0,0,0
BRDA:52,0,1,0
BRDA:70,1,0,0
BRDA:97,2,0,0
BRDA:97,2,1,0
BRDA:105,3,0,0
BRDA:116,4,0,0
BRDA:116,5,0,0
BRDA:116,5,1,0
BRDA:120,6,0,0
BRDA:122,7,0,0
BRDA:122,7,1,0
BRDA:125,8,0,0
BRDA:125,8,1,0
BRDA:126,9,0,0
BRDA:126,9,1,0
BRDA:128,10,0,0
BRDA:128,10,1,0
BRDA:153,11,0,0
BRDA:153,11,1,0
BRDA:156,12,0,0
BRDA:186,13,0,0
BRDA:196,14,0,0
BRDA:197,15,0,0
BRDA:197,15,1,0
BRDA:201,16,0,0
BRDA:209,17,0,0
BRDA:218,18,0,0
BRDA:218,19,0,0
BRDA:218,19,1,0
BRDA:227,20,0,0
BRDA:244,21,0,0
BRDA:244,22,0,0
BRDA:244,22,1,0
BRDA:244,22,2,0
BRDA:256,23,0,0
BRDA:261,24,0,0
BRDA:261,24,1,0
BRDA:275,25,0,0
BRDA:275,25,1,0
BRDA:299,26,0,0
BRDA:299,27,0,0
BRDA:299,27,1,0
BRDA:304,28,0,0
BRDA:304,28,1,0
BRDA:304,29,0,0
BRDA:304,29,1,0
BRDA:309,30,0,0
BRDA:309,30,1,0
BRDA:331,31,0,0
BRDA:344,32,0,0
BRDA:344,32,1,0
BRDA:353,33,0,0
BRDA:353,33,1,0
BRDA:357,34,0,0
BRDA:357,34,1,0
BRDA:392,35,0,0
BRDA:392,36,0,0
BRDA:392,36,1,0
BRDA:421,37,0,0
BRDA:421,37,1,0
BRDA:422,38,0,0
BRDA:422,38,1,0
BRDA:424,39,0,0
BRDA:426,40,0,0
BRDA:428,41,0,0
BRDA:428,41,1,0
BRDA:464,42,0,0
BRDA:464,42,1,0
BRDA:467,43,0,0
BRDA:467,43,1,0
BRF:71
BRH:0
end_of_record
TN:
SF:src/workers/handlers/blockchain/WalletService.ts
FN:13,(anonymous_2)
FN:20,(anonymous_3)
FN:67,(anonymous_4)
FN:74,(anonymous_5)
FNF:4
FNH:0
FNDA:0,(anonymous_2)
FNDA:0,(anonymous_3)
FNDA:0,(anonymous_4)
FNDA:0,(anonymous_5)
DA:1,0
DA:2,0
DA:3,0
DA:9,0
DA:10,0
DA:11,0
DA:13,0
DA:14,0
DA:23,0
DA:24,0
DA:27,0
DA:28,0
DA:29,0
DA:30,0
DA:31,0
DA:32,0
DA:36,0
DA:43,0
DA:44,0
DA:45,0
DA:46,0
DA:47,0
DA:49,0
DA:50,0
DA:51,0
DA:52,0
DA:53,0
DA:55,0
DA:68,0
DA:79,0
DA:82,0
DA:89,0
DA:91,0
DA:100,0
DA:111,0
DA:115,0
DA:116,0
LF:37
LH:0
BRDA:28,0,0,0
BRDA:45,1,0,0
BRDA:45,2,0,0
BRDA:45,2,1,0
BRDA:49,3,0,0
BRDA:89,4,0,0
BRDA:89,4,1,0
BRF:7
BRH:0
end_of_record
TN:
SF:src/workers/handlers/blockchain/isRecoverableError.ts
FN:4,isRecoverableError
FN:30,(anonymous_1)
FNF:2
FNH:0
FNDA:0,isRecoverableError
FNDA:0,(anonymous_1)
DA:4,0
DA:6,0
DA:11,0
DA:30,0
LF:4
LH:0
BRDA:6,0,0,0
BRDA:6,0,1,0
BRF:2
BRH:0
end_of_record
TN:
SF:src/workers/types/defi-blocks.ts
FN:2,(anonymous_0)
FNF:1
FNH:0
FNDA:0,(anonymous_0)
DA:2,0
DA:3,0
DA:4,0
DA:5,0
DA:6,0
DA:7,0
DA:8,0
DA:9,0
DA:10,0
DA:11,0
DA:12,0
DA:13,0
DA:14,0
DA:15,0
DA:16,0
DA:17,0
DA:18,0
LF:17
LH:0
BRDA:2,0,0,0
BRDA:2,0,1,0
BRF:2
BRH:0
end_of_record
