TN:
SF:src/app.controller.ts
FN:6,(anonymous_2)
FN:9,(anonymous_3)
FNF:2
FNH:2
FNDA:1,(anonymous_2)
FNDA:1,(anonymous_3)
DA:1,1
DA:2,1
DA:5,1
DA:6,1
DA:9,1
DA:10,1
LF:6
LH:6
BRF:0
BRH:0
end_of_record
TN:
SF:src/app.service.ts
FN:5,(anonymous_1)
FNF:1
FNH:1
FNDA:1,(anonymous_1)
DA:1,1
DA:4,1
DA:6,1
LF:3
LH:3
BRF:0
BRH:0
end_of_record
TN:
SF:src/config.ts
FNF:0
FNH:0
DA:9,0
DA:12,0
DA:13,0
DA:14,0
DA:17,0
DA:24,0
DA:40,0
LF:7
LH:0
BRDA:18,0,0,0
BRDA:18,0,1,0
BRDA:19,1,0,0
BRDA:19,1,1,0
BRDA:20,2,0,0
BRDA:20,2,1,0
BRDA:41,3,0,0
BRDA:41,3,1,0
BRDA:42,4,0,0
BRDA:42,4,1,0
BRDA:44,5,0,0
BRDA:44,5,1,0
BRDA:46,6,0,0
BRDA:46,6,1,0
BRF:14
BRH:0
end_of_record
TN:
SF:src/controllers/test-notification.controller.ts
FN:6,(anonymous_4)
FN:9,(anonymous_5)
FNF:2
FNH:0
FNDA:0,(anonymous_4)
FNDA:0,(anonymous_5)
DA:1,0
DA:2,0
DA:5,0
DA:6,0
DA:9,0
DA:10,0
DA:11,0
LF:7
LH:0
BRF:0
BRH:0
end_of_record
TN:
SF:src/gateways/notification.gateway.ts
FN:35,(anonymous_2)
FN:42,(anonymous_3)
FN:53,(anonymous_4)
FN:63,(anonymous_5)
FN:68,(anonymous_6)
FN:75,(anonymous_7)
FN:95,(anonymous_8)
FN:111,(anonymous_9)
FNF:8
FNH:0
FNDA:0,(anonymous_2)
FNDA:0,(anonymous_3)
FNDA:0,(anonymous_4)
FNDA:0,(anonymous_5)
FNDA:0,(anonymous_6)
FNDA:0,(anonymous_7)
FNDA:0,(anonymous_8)
FNDA:0,(anonymous_9)
DA:1,0
DA:8,0
DA:9,0
DA:10,0
DA:11,0
DA:26,0
DA:29,0
DA:36,0
DA:37,0
DA:38,0
DA:39,0
DA:44,0
DA:54,0
DA:55,0
DA:57,0
DA:60,0
DA:64,0
DA:69,0
DA:72,0
DA:76,0
DA:77,0
DA:78,0
DA:79,0
DA:80,0
DA:83,0
DA:86,0
DA:87,0
DA:89,0
DA:92,0
DA:96,0
DA:99,0
DA:100,0
DA:101,0
DA:102,0
DA:103,0
DA:105,0
DA:112,0
LF:37
LH:0
BRDA:77,0,0,0
BRDA:86,1,0,0
BRDA:100,2,0,0
BRDA:102,3,0,0
BRDA:15,4,0,0
BRDA:15,4,1,0
BRDA:24,5,0,0
BRDA:24,5,1,0
BRF:8
BRH:0
end_of_record
TN:
SF:src/health/health.constants.ts
FNF:0
FNH:0
DA:1,0
DA:3,0
LF:2
LH:0
BRF:0
BRH:0
end_of_record
TN:
SF:src/health/health.controller.ts
FN:10,(anonymous_4)
FN:19,(anonymous_5)
FN:26,(anonymous_6)
FN:29,(anonymous_7)
FN:30,(anonymous_8)
FN:36,(anonymous_9)
FN:38,(anonymous_10)
FN:39,(anonymous_11)
FN:45,(anonymous_12)
FN:47,(anonymous_13)
FNF:10
FNH:0
FNDA:0,(anonymous_4)
FNDA:0,(anonymous_5)
FNDA:0,(anonymous_6)
FNDA:0,(anonymous_7)
FNDA:0,(anonymous_8)
FNDA:0,(anonymous_9)
FNDA:0,(anonymous_10)
FNDA:0,(anonymous_11)
FNDA:0,(anonymous_12)
FNDA:0,(anonymous_13)
DA:1,0
DA:2,0
DA:3,0
DA:4,0
DA:5,0
DA:6,0
DA:9,0
DA:11,0
DA:12,0
DA:13,0
DA:15,0
DA:16,0
DA:19,0
DA:20,0
DA:26,0
DA:27,0
DA:28,0
DA:29,0
DA:30,0
DA:36,0
DA:37,0
DA:38,0
DA:39,0
DA:45,0
DA:46,0
DA:47,0
LF:26
LH:0
BRF:0
BRH:0
end_of_record
TN:
SF:src/health/health.module.ts
FN:40,(anonymous_1)
FNF:1
FNH:0
FNDA:0,(anonymous_1)
DA:1,0
DA:2,0
DA:3,0
DA:4,0
DA:5,0
DA:6,0
DA:7,0
DA:8,0
DA:40,0
DA:68,0
LF:10
LH:0
BRF:0
BRH:0
end_of_record
TN:
SF:src/health/queue.health.ts
FN:21,(anonymous_4)
FN:28,(anonymous_5)
FN:37,(anonymous_6)
FNF:3
FNH:0
FNDA:0,(anonymous_4)
FNDA:0,(anonymous_5)
FNDA:0,(anonymous_6)
DA:1,0
DA:2,0
DA:4,0
DA:20,0
DA:23,0
DA:25,0
DA:29,0
DA:31,0
DA:32,0
DA:36,0
DA:37,0
DA:40,0
DA:43,0
DA:51,0
DA:53,0
DA:54,0
LF:16
LH:0
BRDA:31,0,0,0
BRDA:47,1,0,0
BRDA:47,1,1,0
BRF:3
BRH:0
end_of_record
TN:
SF:src/health/worker.health.ts
FN:17,(anonymous_2)
FN:23,(anonymous_3)
FN:32,(anonymous_4)
FN:75,(anonymous_5)
FN:94,(anonymous_6)
FNF:5
FNH:0
FNDA:0,(anonymous_2)
FNDA:0,(anonymous_3)
FNDA:0,(anonymous_4)
FNDA:0,(anonymous_5)
FNDA:0,(anonymous_6)
DA:1,0
DA:2,0
DA:3,0
DA:11,0
DA:14,0
DA:15,0
DA:18,0
DA:19,0
DA:20,0
DA:24,0
DA:25,0
DA:26,0
DA:28,0
DA:33,0
DA:35,0
DA:36,0
DA:38,0
DA:39,0
DA:46,0
DA:47,0
DA:48,0
DA:51,0
DA:56,0
DA:58,0
DA:68,0
DA:77,0
DA:78,0
DA:79,0
DA:81,0
DA:82,0
DA:88,0
DA:96,0
LF:32
LH:0
BRDA:25,0,0,0
BRDA:25,0,1,0
BRDA:38,1,0,0
BRDA:48,2,0,0
BRDA:48,2,1,0
BRDA:51,3,0,0
BRDA:51,3,1,0
BRDA:51,3,2,0
BRDA:56,4,0,0
BRDA:56,4,1,0
BRDA:64,5,0,0
BRDA:64,5,1,0
BRDA:85,6,0,0
BRDA:85,6,1,0
BRF:14
BRH:0
end_of_record
TN:
SF:src/lib/prometheus.ts
FN:13,getOrCreateHistogram
FN:26,getOrCreateCounter
FN:39,getOrCreateGauge
FN:43,getOrCreateSummary
FNF:4
FNH:2
FNDA:64,getOrCreateHistogram
FNDA:64,getOrCreateCounter
FNDA:0,getOrCreateGauge
FNDA:0,getOrCreateSummary
DA:1,1
DA:3,1
DA:13,1
DA:14,64
DA:15,64
DA:16,63
DA:17,0
DA:19,63
DA:21,1
DA:22,1
DA:23,1
DA:26,1
DA:27,64
DA:28,64
DA:29,63
DA:30,0
DA:32,63
DA:34,1
DA:35,1
DA:36,1
DA:39,1
DA:40,0
DA:43,1
DA:44,0
LF:24
LH:20
BRDA:15,0,0,63
BRDA:16,1,0,0
BRDA:28,2,0,63
BRDA:29,3,0,0
BRDA:40,4,0,0
BRDA:40,4,1,0
BRDA:44,5,0,0
BRDA:44,5,1,0
BRF:8
BRH:2
end_of_record
TN:
SF:src/lib/schemas/node-config.ts
FNF:0
FNH:0
DA:1,0
DA:3,0
DA:8,0
DA:13,0
DA:19,0
DA:25,0
DA:31,0
LF:7
LH:0
BRF:0
BRH:0
end_of_record
TN:
SF:src/lib/services/email-service.ts
FN:9,sendEmail
FNF:1
FNH:0
FNDA:0,sendEmail
DA:1,0
DA:9,0
DA:11,0
DA:20,0
DA:21,0
DA:27,0
DA:30,0
DA:31,0
DA:32,0
DA:33,0
DA:39,0
DA:45,0
DA:46,0
DA:48,0
LF:14
LH:0
BRDA:13,0,0,0
BRDA:13,0,1,0
BRDA:30,1,0,0
BRDA:30,2,0,0
BRDA:30,2,1,0
BRF:5
BRH:0
end_of_record
TN:
SF:src/lib/services/execution-events.service.ts
FN:10,(anonymous_0)
FN:21,(anonymous_1)
FN:29,(anonymous_2)
FN:38,(anonymous_3)
FN:42,(anonymous_4)
FN:46,(anonymous_5)
FN:50,(anonymous_6)
FN:54,(anonymous_7)
FNF:8
FNH:0
FNDA:0,(anonymous_0)
FNDA:0,(anonymous_1)
FNDA:0,(anonymous_2)
FNDA:0,(anonymous_3)
FNDA:0,(anonymous_4)
FNDA:0,(anonymous_5)
FNDA:0,(anonymous_6)
FNDA:0,(anonymous_7)
DA:1,0
DA:7,0
DA:8,0
DA:18,0
DA:26,0
DA:35,0
DA:39,0
DA:43,0
DA:47,0
DA:51,0
DA:55,0
LF:11
LH:0
BRF:0
BRH:0
end_of_record
TN:
SF:src/lib/services/price-service.ts
FN:9,fetchCryptoPrice
FNF:1
FNH:0
FNDA:0,fetchCryptoPrice
DA:9,1
DA:10,0
DA:11,0
DA:14,0
DA:15,0
DA:16,0
DA:17,0
DA:18,0
DA:19,0
LF:9
LH:1
BRDA:14,0,0,0
BRDA:18,1,0,0
BRF:2
BRH:0
end_of_record
TN:
SF:src/lib/services/workflow-service.ts
FN:21,detectCycle
FN:23,(anonymous_2)
FN:24,(anonymous_3)
FN:31,dfs
FN:43,(anonymous_5)
FN:48,(anonymous_6)
FN:55,(anonymous_7)
FN:62,(anonymous_8)
FN:77,(anonymous_9)
FN:99,(anonymous_10)
FN:117,(anonymous_11)
FNF:11
FNH:0
FNDA:0,detectCycle
FNDA:0,(anonymous_2)
FNDA:0,(anonymous_3)
FNDA:0,dfs
FNDA:0,(anonymous_5)
FNDA:0,(anonymous_6)
FNDA:0,(anonymous_7)
FNDA:0,(anonymous_8)
FNDA:0,(anonymous_9)
FNDA:0,(anonymous_10)
FNDA:0,(anonymous_11)
DA:1,0
DA:4,0
DA:5,0
DA:22,0
DA:23,0
DA:24,0
DA:25,0
DA:26,0
DA:27,0
DA:29,0
DA:30,0
DA:32,0
DA:33,0
DA:34,0
DA:35,0
DA:36,0
DA:37,0
DA:40,0
DA:41,0
DA:43,0
DA:47,0
DA:49,0
DA:50,0
DA:54,0
DA:55,0
DA:63,0
DA:64,0
DA:69,0
DA:70,0
DA:78,0
DA:79,0
DA:87,0
DA:88,0
DA:90,0
DA:95,0
DA:96,0
DA:103,0
DA:104,0
DA:105,0
DA:107,0
DA:113,0
DA:114,0
DA:118,0
DA:119,0
DA:123,0
LF:45
LH:0
BRDA:25,0,0,0
BRDA:25,0,1,0
BRDA:26,1,0,0
BRDA:26,1,1,0
BRDA:27,2,0,0
BRDA:27,3,0,0
BRDA:27,3,1,0
BRDA:27,3,2,0
BRDA:32,4,0,0
BRDA:35,5,0,0
BRDA:35,5,1,0
BRDA:36,6,0,0
BRDA:36,6,1,0
BRDA:36,7,0,0
BRDA:36,7,1,0
BRDA:37,8,0,0
BRDA:54,9,0,0
BRDA:55,10,0,0
BRDA:55,10,1,0
BRDA:69,11,0,0
BRDA:82,12,0,0
BRDA:82,12,1,0
BRDA:83,13,0,0
BRDA:83,13,1,0
BRDA:84,14,0,0
BRDA:84,14,1,0
BRDA:85,15,0,0
BRDA:85,15,1,0
BRDA:87,16,0,0
BRDA:95,17,0,0
BRDA:104,18,0,0
BRDA:104,19,0,0
BRDA:104,19,1,0
BRDA:104,19,2,0
BRDA:113,20,0,0
BRDA:123,21,0,0
BRF:36
BRH:0
end_of_record
TN:
SF:src/lib/services/workflow.module.ts
FNF:0
FNH:0
DA:1,0
DA:2,0
DA:3,0
DA:4,0
DA:5,0
DA:6,0
DA:7,0
DA:8,0
DA:28,0
LF:9
LH:0
BRF:0
BRH:0
end_of_record
TN:
SF:src/lib/supabase/server.ts
FN:6,(anonymous_0)
FNF:1
FNH:0
FNDA:0,(anonymous_0)
DA:1,0
DA:6,0
DA:7,0
LF:3
LH:0
BRF:0
BRH:0
end_of_record
TN:
SF:src/lib/supabase/serviceClient.ts
FN:8,createServiceClient
FNF:1
FNH:1
FNDA:4,createServiceClient
DA:2,1
DA:8,1
DA:9,4
DA:10,4
DA:11,4
DA:12,0
DA:16,4
LF:7
LH:6
BRDA:11,0,0,0
BRDA:11,1,0,4
BRDA:11,1,1,4
BRF:3
BRH:2
end_of_record
TN:
SF:src/services/email.service.ts
FN:17,(anonymous_11)
FN:22,(anonymous_12)
FN:45,(anonymous_13)
FNF:3
FNH:0
FNDA:0,(anonymous_11)
FNDA:0,(anonymous_12)
FNDA:0,(anonymous_13)
DA:1,0
DA:2,0
DA:3,0
DA:13,0
DA:15,0
DA:17,0
DA:19,0
DA:23,0
DA:24,0
DA:25,0
DA:26,0
DA:27,0
DA:29,0
DA:30,0
DA:31,0
DA:34,0
DA:46,0
DA:47,0
DA:48,0
DA:49,0
DA:52,0
DA:54,0
DA:62,0
DA:64,0
DA:65,0
DA:66,0
LF:26
LH:0
BRDA:29,0,0,0
BRDA:29,1,0,0
BRDA:29,1,1,0
BRDA:29,1,2,0
BRDA:29,1,3,0
BRDA:29,1,4,0
BRDA:47,2,0,0
BRF:7
BRH:0
end_of_record
TN:
SF:src/services/gas.service.ts
FN:7,(anonymous_2)
FN:9,(anonymous_3)
FN:14,(anonymous_4)
FN:29,(anonymous_5)
FN:31,(anonymous_6)
FN:35,(anonymous_7)
FN:47,(anonymous_8)
FN:62,(anonymous_9)
FN:77,(anonymous_10)
FN:82,(anonymous_11)
FN:86,(anonymous_12)
FN:96,(anonymous_13)
FN:100,(anonymous_14)
FN:106,(anonymous_15)
FN:107,(anonymous_16)
FN:107,(anonymous_17)
FN:110,(anonymous_18)
FN:112,(anonymous_19)
FNF:18
FNH:0
FNDA:0,(anonymous_2)
FNDA:0,(anonymous_3)
FNDA:0,(anonymous_4)
FNDA:0,(anonymous_5)
FNDA:0,(anonymous_6)
FNDA:0,(anonymous_7)
FNDA:0,(anonymous_8)
FNDA:0,(anonymous_9)
FNDA:0,(anonymous_10)
FNDA:0,(anonymous_11)
FNDA:0,(anonymous_12)
FNDA:0,(anonymous_13)
FNDA:0,(anonymous_14)
FNDA:0,(anonymous_15)
FNDA:0,(anonymous_16)
FNDA:0,(anonymous_17)
FNDA:0,(anonymous_18)
FNDA:0,(anonymous_19)
DA:1,0
DA:6,0
DA:7,0
DA:10,0
DA:11,0
DA:15,0
DA:17,0
DA:19,0
DA:21,0
DA:23,0
DA:25,0
DA:30,0
DA:31,0
DA:32,0
DA:36,0
DA:37,0
DA:40,0
DA:41,0
DA:44,0
DA:48,0
DA:51,0
DA:52,0
DA:55,0
DA:56,0
DA:59,0
DA:63,0
DA:66,0
DA:67,0
DA:70,0
DA:71,0
DA:74,0
DA:78,0
DA:79,0
DA:83,0
DA:87,0
DA:88,0
DA:97,0
DA:101,0
DA:102,0
DA:103,0
DA:107,0
DA:111,0
DA:112,0
DA:113,0
DA:114,0
DA:116,0
LF:46
LH:0
BRDA:17,0,0,0
BRDA:17,0,1,0
BRDA:17,0,2,0
BRDA:17,0,3,0
BRDA:40,1,0,0
BRDA:51,2,0,0
BRDA:51,2,1,0
BRDA:55,3,0,0
BRDA:66,4,0,0
BRDA:66,4,1,0
BRDA:70,5,0,0
BRF:11
BRH:0
end_of_record
TN:
SF:src/services/notification.module.ts
FNF:0
FNH:0
DA:1,0
DA:2,0
DA:3,0
DA:4,0
DA:5,0
DA:12,0
LF:6
LH:0
BRF:0
BRH:0
end_of_record
TN:
SF:src/services/notification.service.ts
FN:64,(anonymous_12)
FN:76,(anonymous_13)
FN:118,(anonymous_14)
FN:135,(anonymous_15)
FN:282,(anonymous_16)
FN:381,(anonymous_17)
FN:417,(anonymous_18)
FN:474,(anonymous_19)
FN:525,(anonymous_20)
FN:571,(anonymous_21)
FN:701,(anonymous_22)
FN:742,(anonymous_23)
FNF:12
FNH:0
FNDA:0,(anonymous_12)
FNDA:0,(anonymous_13)
FNDA:0,(anonymous_14)
FNDA:0,(anonymous_15)
FNDA:0,(anonymous_16)
FNDA:0,(anonymous_17)
FNDA:0,(anonymous_18)
FNDA:0,(anonymous_19)
FNDA:0,(anonymous_20)
FNDA:0,(anonymous_21)
FNDA:0,(anonymous_22)
FNDA:0,(anonymous_23)
DA:1,0
DA:2,0
DA:4,0
DA:5,0
DA:6,0
DA:7,0
DA:8,0
DA:60,0
DA:62,0
DA:65,0
DA:66,0
DA:67,0
DA:70,0
DA:81,0
DA:83,0
DA:87,0
DA:88,0
DA:91,0
DA:95,0
DA:118,0
DA:119,0
DA:120,0
DA:124,0
DA:125,0
DA:139,0
DA:140,0
DA:141,0
DA:145,0
DA:155,0
DA:159,0
DA:160,0
DA:165,0
DA:166,0
DA:169,0
DA:171,0
DA:172,0
DA:173,0
DA:176,0
DA:177,0
DA:181,0
DA:182,0
DA:185,0
DA:198,0
DA:200,0
DA:202,0
DA:205,0
DA:211,0
DA:212,0
DA:216,0
DA:227,0
DA:230,0
DA:235,0
DA:236,0
DA:240,0
DA:243,0
DA:256,0
DA:259,0
DA:263,0
DA:266,0
DA:270,0
DA:271,0
DA:275,0
DA:285,0
DA:286,0
DA:287,0
DA:290,0
DA:293,0
DA:294,0
DA:295,0
DA:300,0
DA:301,0
DA:305,0
DA:306,0
DA:309,0
DA:314,0
DA:315,0
DA:316,0
DA:321,0
DA:322,0
DA:325,0
DA:326,0
DA:329,0
DA:335,0
DA:336,0
DA:337,0
DA:338,0
DA:343,0
DA:344,0
DA:347,0
DA:348,0
DA:349,0
DA:352,0
DA:357,0
DA:358,0
DA:366,0
DA:367,0
DA:369,0
DA:370,0
DA:374,0
DA:385,0
DA:386,0
DA:387,0
DA:390,0
DA:392,0
DA:399,0
DA:400,0
DA:403,0
DA:405,0
DA:406,0
DA:410,0
DA:423,0
DA:425,0
DA:426,0
DA:427,0
DA:433,0
DA:434,0
DA:436,0
DA:437,0
DA:440,0
DA:447,0
DA:455,0
DA:456,0
DA:460,0
DA:480,0
DA:482,0
DA:483,0
DA:484,0
DA:490,0
DA:491,0
DA:495,0
DA:498,0
DA:506,0
DA:507,0
DA:511,0
DA:531,0
DA:533,0
DA:534,0
DA:535,0
DA:541,0
DA:542,0
DA:545,0
DA:546,0
DA:550,0
DA:552,0
DA:553,0
DA:557,0
DA:576,0
DA:577,0
DA:578,0
DA:581,0
DA:584,0
DA:585,0
DA:586,0
DA:590,0
DA:591,0
DA:593,0
DA:594,0
DA:597,0
DA:603,0
DA:604,0
DA:605,0
DA:609,0
DA:610,0
DA:611,0
DA:615,0
DA:616,0
DA:617,0
DA:619,0
DA:623,0
DA:624,0
DA:626,0
DA:627,0
DA:629,0
DA:630,0
DA:633,0
DA:634,0
DA:636,0
DA:640,0
DA:653,0
DA:659,0
DA:660,0
DA:664,0
DA:665,0
DA:666,0
DA:669,0
DA:674,0
DA:682,0
DA:683,0
DA:687,0
DA:702,0
DA:703,0
DA:704,0
DA:705,0
DA:708,0
DA:713,0
DA:714,0
DA:715,0
DA:717,0
DA:718,0
DA:719,0
DA:721,0
DA:722,0
DA:723,0
DA:724,0
DA:732,0
DA:733,0
DA:735,0
DA:750,0
DA:751,0
DA:752,0
DA:755,0
DA:757,0
DA:766,0
DA:767,0
LF:214
LH:0
BRDA:87,0,0,0
BRDA:97,1,0,0
BRDA:97,1,1,0
BRDA:97,2,0,0
BRDA:97,2,1,0
BRDA:102,3,0,0
BRDA:102,3,1,0
BRDA:102,4,0,0
BRDA:102,4,1,0
BRDA:107,5,0,0
BRDA:107,5,1,0
BRDA:107,6,0,0
BRDA:107,6,1,0
BRDA:112,7,0,0
BRDA:112,7,1,0
BRDA:119,8,0,0
BRDA:140,9,0,0
BRDA:165,10,0,0
BRDA:171,11,0,0
BRDA:171,11,1,0
BRDA:171,12,0,0
BRDA:171,12,1,0
BRDA:176,13,0,0
BRDA:181,14,0,0
BRDA:190,15,0,0
BRDA:190,15,1,0
BRDA:190,15,2,0
BRDA:211,16,0,0
BRDA:220,17,0,0
BRDA:220,17,1,0
BRDA:220,17,2,0
BRDA:235,18,0,0
BRDA:248,19,0,0
BRDA:248,19,1,0
BRDA:248,19,2,0
BRDA:259,20,0,0
BRDA:259,20,1,0
BRDA:259,21,0,0
BRDA:259,21,1,0
BRDA:266,22,0,0
BRDA:266,22,1,0
BRDA:266,23,0,0
BRDA:266,23,1,0
BRDA:286,24,0,0
BRDA:300,25,0,0
BRDA:300,25,1,0
BRDA:305,26,0,0
BRDA:305,27,0,0
BRDA:305,27,1,0
BRDA:306,28,0,0
BRDA:306,28,1,0
BRDA:314,29,0,0
BRDA:321,30,0,0
BRDA:321,30,1,0
BRDA:325,31,0,0
BRDA:325,32,0,0
BRDA:325,32,1,0
BRDA:326,33,0,0
BRDA:326,33,1,0
BRDA:343,34,0,0
BRDA:343,34,1,0
BRDA:347,35,0,0
BRDA:347,36,0,0
BRDA:347,36,1,0
BRDA:348,37,0,0
BRDA:348,37,1,0
BRDA:349,38,0,0
BRDA:349,38,1,0
BRDA:357,39,0,0
BRDA:357,40,0,0
BRDA:357,40,1,0
BRDA:357,40,2,0
BRDA:386,41,0,0
BRDA:399,42,0,0
BRDA:426,43,0,0
BRDA:433,44,0,0
BRDA:433,44,1,0
BRDA:483,45,0,0
BRDA:534,46,0,0
BRDA:545,47,0,0
BRDA:577,48,0,0
BRDA:585,49,0,0
BRDA:590,50,0,0
BRDA:590,50,1,0
BRDA:603,51,0,0
BRDA:609,52,0,0
BRDA:609,53,0,0
BRDA:609,53,1,0
BRDA:615,54,0,0
BRDA:624,55,0,0
BRDA:624,55,1,0
BRDA:624,55,2,0
BRDA:624,55,3,0
BRDA:624,55,4,0
BRDA:659,56,0,0
BRDA:664,57,0,0
BRDA:664,58,0,0
BRDA:664,58,1,0
BRDA:703,59,0,0
BRDA:713,60,0,0
BRDA:717,61,0,0
BRDA:717,62,0,0
BRDA:717,62,1,0
BRDA:732,63,0,0
BRDA:732,63,1,0
BRDA:751,64,0,0
BRF:106
BRH:0
end_of_record
TN:
SF:src/services/portfolio.service.ts
FN:8,(anonymous_2)
FN:10,(anonymous_3)
FN:19,(anonymous_4)
FN:21,(anonymous_5)
FN:25,(anonymous_6)
FN:26,(anonymous_7)
FN:28,(anonymous_8)
FN:42,(anonymous_9)
FN:53,(anonymous_10)
FN:54,(anonymous_11)
FN:59,(anonymous_12)
FN:60,(anonymous_13)
FN:64,(anonymous_14)
FN:69,(anonymous_15)
FN:70,(anonymous_16)
FN:72,(anonymous_17)
FN:76,(anonymous_18)
FN:81,(anonymous_19)
FN:83,(anonymous_20)
FN:85,(anonymous_21)
FN:91,(anonymous_22)
FN:92,(anonymous_23)
FN:94,(anonymous_24)
FN:117,(anonymous_25)
FN:119,(anonymous_26)
FN:122,(anonymous_27)
FN:134,(anonymous_28)
FN:135,(anonymous_29)
FN:138,(anonymous_30)
FN:140,(anonymous_31)
FN:146,(anonymous_32)
FN:151,(anonymous_33)
FN:153,(anonymous_34)
FN:158,(anonymous_35)
FN:170,(anonymous_36)
FN:174,(anonymous_37)
FNF:36
FNH:0
FNDA:0,(anonymous_2)
FNDA:0,(anonymous_3)
FNDA:0,(anonymous_4)
FNDA:0,(anonymous_5)
FNDA:0,(anonymous_6)
FNDA:0,(anonymous_7)
FNDA:0,(anonymous_8)
FNDA:0,(anonymous_9)
FNDA:0,(anonymous_10)
FNDA:0,(anonymous_11)
FNDA:0,(anonymous_12)
FNDA:0,(anonymous_13)
FNDA:0,(anonymous_14)
FNDA:0,(anonymous_15)
FNDA:0,(anonymous_16)
FNDA:0,(anonymous_17)
FNDA:0,(anonymous_18)
FNDA:0,(anonymous_19)
FNDA:0,(anonymous_20)
FNDA:0,(anonymous_21)
FNDA:0,(anonymous_22)
FNDA:0,(anonymous_23)
FNDA:0,(anonymous_24)
FNDA:0,(anonymous_25)
FNDA:0,(anonymous_26)
FNDA:0,(anonymous_27)
FNDA:0,(anonymous_28)
FNDA:0,(anonymous_29)
FNDA:0,(anonymous_30)
FNDA:0,(anonymous_31)
FNDA:0,(anonymous_32)
FNDA:0,(anonymous_33)
FNDA:0,(anonymous_34)
FNDA:0,(anonymous_35)
FNDA:0,(anonymous_36)
FNDA:0,(anonymous_37)
DA:1,0
DA:2,0
DA:4,0
DA:7,0
DA:8,0
DA:11,0
DA:12,0
DA:20,0
DA:21,0
DA:22,0
DA:26,0
DA:28,0
DA:29,0
DA:30,0
DA:31,0
DA:33,0
DA:42,0
DA:43,0
DA:46,0
DA:54,0
DA:55,0
DA:56,0
DA:59,0
DA:60,0
DA:61,0
DA:65,0
DA:66,0
DA:69,0
DA:70,0
DA:72,0
DA:73,0
DA:76,0
DA:78,0
DA:82,0
DA:83,0
DA:84,0
DA:85,0
DA:88,0
DA:92,0
DA:94,0
DA:95,0
DA:96,0
DA:98,0
DA:99,0
DA:107,0
DA:110,0
DA:118,0
DA:119,0
DA:123,0
DA:124,0
DA:126,0
DA:127,0
DA:128,0
DA:131,0
DA:135,0
DA:139,0
DA:140,0
DA:141,0
DA:142,0
DA:147,0
DA:148,0
DA:150,0
DA:152,0
DA:153,0
DA:154,0
DA:155,0
DA:158,0
DA:159,0
DA:161,0
DA:170,0
DA:171,0
DA:174,0
DA:175,0
DA:178,0
LF:74
LH:0
BRDA:55,0,0,0
BRDA:65,1,0,0
BRDA:98,2,0,0
BRDA:154,3,0,0
BRF:4
BRH:0
end_of_record
TN:
SF:src/services/price-feed.service.ts
FN:7,(anonymous_2)
FN:9,(anonymous_3)
FN:13,(anonymous_4)
FN:17,(anonymous_5)
FN:21,(anonymous_6)
FN:23,(anonymous_7)
FN:28,(anonymous_8)
FN:29,(anonymous_9)
FN:33,(anonymous_10)
FN:41,(anonymous_11)
FN:46,(anonymous_12)
FN:51,(anonymous_13)
FN:52,(anonymous_14)
FN:54,(anonymous_15)
FN:58,(anonymous_16)
FN:59,(anonymous_17)
FNF:16
FNH:0
FNDA:0,(anonymous_2)
FNDA:0,(anonymous_3)
FNDA:0,(anonymous_4)
FNDA:0,(anonymous_5)
FNDA:0,(anonymous_6)
FNDA:0,(anonymous_7)
FNDA:0,(anonymous_8)
FNDA:0,(anonymous_9)
FNDA:0,(anonymous_10)
FNDA:0,(anonymous_11)
FNDA:0,(anonymous_12)
FNDA:0,(anonymous_13)
FNDA:0,(anonymous_14)
FNDA:0,(anonymous_15)
FNDA:0,(anonymous_16)
FNDA:0,(anonymous_17)
DA:1,0
DA:6,0
DA:7,0
DA:10,0
DA:14,0
DA:18,0
DA:22,0
DA:23,0
DA:24,0
DA:25,0
DA:28,0
DA:29,0
DA:30,0
DA:34,0
DA:35,0
DA:37,0
DA:38,0
DA:41,0
DA:42,0
DA:43,0
DA:46,0
DA:47,0
DA:48,0
DA:51,0
DA:52,0
DA:54,0
DA:55,0
DA:58,0
DA:59,0
DA:61,0
LF:30
LH:0
BRDA:24,0,0,0
BRDA:37,1,0,0
BRDA:42,2,0,0
BRDA:47,3,0,0
BRF:4
BRH:0
end_of_record
TN:
SF:src/services/protocol.service.ts
FN:8,(anonymous_2)
FN:10,(anonymous_3)
FN:15,(anonymous_4)
FN:19,(anonymous_5)
FN:23,(anonymous_6)
FN:27,(anonymous_7)
FN:31,(anonymous_8)
FN:43,(anonymous_9)
FN:54,(anonymous_10)
FN:66,(anonymous_11)
FN:70,(anonymous_12)
FN:78,(anonymous_13)
FNF:12
FNH:0
FNDA:0,(anonymous_2)
FNDA:0,(anonymous_3)
FNDA:0,(anonymous_4)
FNDA:0,(anonymous_5)
FNDA:0,(anonymous_6)
FNDA:0,(anonymous_7)
FNDA:0,(anonymous_8)
FNDA:0,(anonymous_9)
FNDA:0,(anonymous_10)
FNDA:0,(anonymous_11)
FNDA:0,(anonymous_12)
FNDA:0,(anonymous_13)
DA:1,0
DA:2,0
DA:7,0
DA:8,0
DA:11,0
DA:12,0
DA:16,0
DA:20,0
DA:24,0
DA:28,0
DA:39,0
DA:40,0
DA:50,0
DA:51,0
DA:60,0
DA:61,0
DA:62,0
DA:63,0
DA:67,0
DA:75,0
DA:79,0
LF:21
LH:0
BRF:0
BRH:0
end_of_record
TN:
SF:src/services/providers/gas-provider.ts
FN:18,(anonymous_0)
FN:20,(anonymous_1)
FN:26,(anonymous_2)
FN:31,(anonymous_3)
FN:36,(anonymous_4)
FN:41,(anonymous_5)
FN:47,(anonymous_6)
FN:52,(anonymous_7)
FN:61,(anonymous_8)
FN:71,(anonymous_9)
FN:83,(anonymous_10)
FN:91,(anonymous_11)
FNF:12
FNH:0
FNDA:0,(anonymous_0)
FNDA:0,(anonymous_1)
FNDA:0,(anonymous_2)
FNDA:0,(anonymous_3)
FNDA:0,(anonymous_4)
FNDA:0,(anonymous_5)
FNDA:0,(anonymous_6)
FNDA:0,(anonymous_7)
FNDA:0,(anonymous_8)
FNDA:0,(anonymous_9)
FNDA:0,(anonymous_10)
FNDA:0,(anonymous_11)
DA:1,0
DA:17,0
DA:18,0
DA:21,0
DA:22,0
DA:23,0
DA:28,0
DA:32,0
DA:33,0
DA:38,0
DA:42,0
DA:43,0
DA:44,0
DA:48,0
DA:49,0
DA:53,0
DA:54,0
DA:62,0
DA:63,0
DA:64,0
DA:72,0
DA:73,0
DA:75,0
DA:84,0
DA:85,0
DA:86,0
DA:87,0
DA:88,0
DA:93,0
LF:29
LH:0
BRDA:85,0,0,0
BRDA:85,0,1,0
BRF:2
BRH:0
end_of_record
TN:
SF:src/services/providers/price-feed-provider.ts
FN:10,(anonymous_0)
FN:12,(anonymous_1)
FN:17,(anonymous_2)
FN:18,(anonymous_3)
FN:24,(anonymous_4)
FN:29,(anonymous_5)
FN:31,(anonymous_6)
FN:36,(anonymous_7)
FN:37,(anonymous_8)
FN:41,(anonymous_9)
FN:49,(anonymous_10)
FN:54,(anonymous_11)
FN:59,(anonymous_12)
FN:60,(anonymous_13)
FN:62,(anonymous_14)
FN:66,(anonymous_15)
FN:67,(anonymous_16)
FNF:17
FNH:0
FNDA:0,(anonymous_0)
FNDA:0,(anonymous_1)
FNDA:0,(anonymous_2)
FNDA:0,(anonymous_3)
FNDA:0,(anonymous_4)
FNDA:0,(anonymous_5)
FNDA:0,(anonymous_6)
FNDA:0,(anonymous_7)
FNDA:0,(anonymous_8)
FNDA:0,(anonymous_9)
FNDA:0,(anonymous_10)
FNDA:0,(anonymous_11)
FNDA:0,(anonymous_12)
FNDA:0,(anonymous_13)
FNDA:0,(anonymous_14)
FNDA:0,(anonymous_15)
FNDA:0,(anonymous_16)
DA:9,0
DA:10,0
DA:14,0
DA:18,0
DA:19,0
DA:20,0
DA:26,0
DA:30,0
DA:31,0
DA:32,0
DA:33,0
DA:36,0
DA:37,0
DA:38,0
DA:42,0
DA:43,0
DA:45,0
DA:46,0
DA:49,0
DA:50,0
DA:51,0
DA:54,0
DA:55,0
DA:56,0
DA:59,0
DA:60,0
DA:62,0
DA:63,0
DA:66,0
DA:67,0
DA:69,0
LF:31
LH:0
BRDA:32,0,0,0
BRDA:45,1,0,0
BRDA:50,2,0,0
BRDA:55,3,0,0
BRF:4
BRH:0
end_of_record
TN:
SF:src/services/providers/protocol-provider.ts
FN:40,(anonymous_0)
FN:42,(anonymous_1)
FN:47,(anonymous_2)
FN:48,(anonymous_3)
FN:54,(anonymous_4)
FN:59,(anonymous_5)
FN:64,(anonymous_6)
FN:84,(anonymous_7)
FN:102,(anonymous_8)
FN:122,(anonymous_9)
FN:127,(anonymous_10)
FN:136,(anonymous_11)
FNF:12
FNH:0
FNDA:0,(anonymous_0)
FNDA:0,(anonymous_1)
FNDA:0,(anonymous_2)
FNDA:0,(anonymous_3)
FNDA:0,(anonymous_4)
FNDA:0,(anonymous_5)
FNDA:0,(anonymous_6)
FNDA:0,(anonymous_7)
FNDA:0,(anonymous_8)
FNDA:0,(anonymous_9)
FNDA:0,(anonymous_10)
FNDA:0,(anonymous_11)
DA:1,0
DA:2,0
DA:39,0
DA:40,0
DA:44,0
DA:48,0
DA:49,0
DA:50,0
DA:56,0
DA:61,0
DA:72,0
DA:79,0
DA:80,0
DA:81,0
DA:91,0
DA:92,0
DA:98,0
DA:99,0
DA:108,0
DA:109,0
DA:110,0
DA:112,0
DA:118,0
DA:119,0
DA:124,0
DA:133,0
DA:138,0
LF:27
LH:0
BRDA:79,0,0,0
BRDA:79,0,1,0
BRDA:98,1,0,0
BRDA:98,1,1,0
BRDA:118,2,0,0
BRDA:118,2,1,0
BRF:6
BRH:0
end_of_record
TN:
SF:src/types/custom-block.ts
FN:3,(anonymous_0)
FN:12,(anonymous_1)
FN:59,createParameter
FN:76,createCustomBlockDefinition
FN:100,executeCustomBlockLogic
FN:108,(anonymous_5)
FN:111,(anonymous_6)
FN:190,applyJsonTemplate
FN:195,(anonymous_8)
FN:206,applyStringTemplate
FN:207,(anonymous_10)
FN:213,getNestedValue
FNF:12
FNH:0
FNDA:0,(anonymous_0)
FNDA:0,(anonymous_1)
FNDA:0,createParameter
FNDA:0,createCustomBlockDefinition
FNDA:0,executeCustomBlockLogic
FNDA:0,(anonymous_5)
FNDA:0,(anonymous_6)
FNDA:0,applyJsonTemplate
FNDA:0,(anonymous_8)
FNDA:0,applyStringTemplate
FNDA:0,(anonymous_10)
FNDA:0,getNestedValue
DA:3,0
DA:4,0
DA:5,0
DA:6,0
DA:7,0
DA:8,0
DA:9,0
DA:12,0
DA:13,0
DA:14,0
DA:15,0
DA:16,0
DA:59,0
DA:66,0
DA:76,0
DA:85,0
DA:100,0
DA:104,0
DA:105,0
DA:106,0
DA:108,0
DA:109,0
DA:111,0
DA:116,0
DA:118,0
DA:131,0
DA:132,0
DA:135,0
DA:136,0
DA:137,0
DA:139,0
DA:143,0
DA:146,0
DA:147,0
DA:150,0
DA:160,0
DA:161,0
DA:164,0
DA:167,0
DA:168,0
DA:169,0
DA:170,0
DA:172,0
DA:173,0
DA:174,0
DA:175,0
DA:179,0
DA:181,0
DA:191,0
DA:192,0
DA:193,0
DA:194,0
DA:195,0
DA:196,0
DA:197,0
DA:198,0
DA:199,0
DA:201,0
DA:203,0
DA:207,0
DA:208,0
DA:209,0
DA:214,0
DA:215,0
DA:216,0
DA:217,0
DA:218,0
DA:220,0
DA:222,0
LF:69
LH:0
BRDA:3,0,0,0
BRDA:3,0,1,0
BRDA:12,1,0,0
BRDA:12,1,1,0
BRDA:62,2,0,0
BRDA:63,3,0,0
BRDA:80,4,0,0
BRDA:81,5,0,0
BRDA:82,6,0,0
BRDA:83,7,0,0
BRDA:111,8,0,0
BRDA:111,8,1,0
BRDA:116,9,0,0
BRDA:116,9,1,0
BRDA:116,9,2,0
BRDA:116,9,3,0
BRDA:116,9,4,0
BRDA:131,10,0,0
BRDA:131,10,1,0
BRDA:140,11,0,0
BRDA:140,11,1,0
BRDA:169,12,0,0
BRDA:169,13,0,0
BRDA:169,13,1,0
BRDA:172,14,0,0
BRDA:172,14,1,0
BRDA:174,15,0,0
BRDA:184,16,0,0
BRDA:184,16,1,0
BRDA:191,17,0,0
BRDA:191,17,1,0
BRDA:191,18,0,0
BRDA:191,18,1,0
BRDA:191,18,2,0
BRDA:194,19,0,0
BRDA:194,19,1,0
BRDA:196,20,0,0
BRDA:196,21,0,0
BRDA:196,21,1,0
BRDA:209,22,0,0
BRDA:209,22,1,0
BRDA:217,23,0,0
BRDA:217,24,0,0
BRDA:217,24,1,0
BRF:44
BRH:0
end_of_record
TN:
SF:src/types/supabase.ts
FNF:0
FNH:0
DA:1403,0
LF:1
LH:0
BRF:0
BRH:0
end_of_record
TN:
SF:src/types/workflow.ts
FN:19,(anonymous_0)
FN:66,(anonymous_1)
FN:265,(anonymous_2)
FN:276,(anonymous_3)
FN:288,(anonymous_4)
FN:304,(anonymous_5)
FN:322,(anonymous_6)
FNF:7
FNH:2
FNDA:1,(anonymous_0)
FNDA:1,(anonymous_1)
FNDA:0,(anonymous_2)
FNDA:0,(anonymous_3)
FNDA:0,(anonymous_4)
FNDA:0,(anonymous_5)
FNDA:0,(anonymous_6)
DA:19,1
DA:21,1
DA:22,1
DA:23,1
DA:26,1
DA:27,1
DA:28,1
DA:29,1
DA:30,1
DA:31,1
DA:34,1
DA:35,1
DA:36,1
DA:39,1
DA:42,1
DA:43,1
DA:46,1
DA:66,1
DA:67,1
DA:68,1
DA:69,1
DA:70,1
DA:84,1
DA:265,1
DA:269,0
DA:270,0
DA:274,0
DA:275,0
DA:276,0
DA:279,0
DA:280,0
DA:284,0
DA:288,1
DA:289,0
DA:291,0
DA:293,0
DA:295,0
DA:297,0
DA:299,0
DA:304,1
DA:306,0
DA:307,0
DA:311,0
DA:319,0
DA:320,0
DA:321,0
DA:322,0
DA:324,0
DA:325,0
DA:330,0
LF:50
LH:26
BRDA:19,0,0,1
BRDA:19,0,1,1
BRDA:66,1,0,1
BRDA:66,1,1,1
BRDA:269,2,0,0
BRDA:274,3,0,0
BRDA:274,3,1,0
BRDA:279,4,0,0
BRDA:289,5,0,0
BRDA:289,5,1,0
BRDA:289,5,2,0
BRDA:289,5,3,0
BRDA:289,5,4,0
BRDA:306,6,0,0
BRDA:320,7,0,0
BRDA:320,7,1,0
BRDA:324,8,0,0
BRF:17
BRH:4
end_of_record
TN:
SF:src/utils/ai-adapter.ts
FN:22,executeAI
FNF:1
FNH:0
FNDA:0,executeAI
DA:1,0
DA:22,0
DA:29,0
DA:30,0
DA:31,0
LF:5
LH:0
BRDA:27,0,0,0
BRDA:29,1,0,0
BRDA:30,2,0,0
BRDA:30,2,1,0
BRF:4
BRH:0
end_of_record
TN:
SF:src/utils/blockValidator.ts
FN:8,validateWorkflowDefinition
FN:42,(anonymous_1)
FNF:2
FNH:0
FNDA:0,validateWorkflowDefinition
FNDA:0,(anonymous_1)
DA:8,0
DA:13,0
DA:14,0
DA:16,0
DA:17,0
DA:18,0
DA:19,0
DA:21,0
DA:22,0
DA:23,0
DA:24,0
DA:26,0
DA:27,0
DA:28,0
DA:29,0
DA:33,0
DA:36,0
DA:37,0
DA:41,0
DA:42,0
DA:43,0
DA:52,0
LF:22
LH:0
BRDA:16,0,0,0
BRDA:16,0,1,0
BRDA:16,0,2,0
BRDA:17,1,0,0
BRDA:21,2,0,0
BRDA:28,3,0,0
BRDA:36,4,0,0
BRDA:38,5,0,0
BRDA:38,5,1,0
BRDA:41,6,0,0
BRF:10
BRH:0
end_of_record
TN:
SF:src/utils/graph.ts
FN:4,validateAcyclic
FN:6,(anonymous_1)
FN:7,(anonymous_2)
FN:13,dfs
FN:22,(anonymous_4)
FN:26,topologicalSort
FN:29,(anonymous_6)
FN:33,(anonymous_7)
FN:41,(anonymous_8)
FN:47,(anonymous_9)
FN:48,(anonymous_10)
FN:59,validateOrphans
FN:60,(anonymous_12)
FN:61,(anonymous_13)
FN:62,(anonymous_14)
FN:66,(anonymous_15)
FN:82,(anonymous_16)
FN:84,validateTerminals
FN:85,(anonymous_18)
FN:86,(anonymous_19)
FNF:20
FNH:0
FNDA:0,validateAcyclic
FNDA:0,(anonymous_1)
FNDA:0,(anonymous_2)
FNDA:0,dfs
FNDA:0,(anonymous_4)
FNDA:0,topologicalSort
FNDA:0,(anonymous_6)
FNDA:0,(anonymous_7)
FNDA:0,(anonymous_8)
FNDA:0,(anonymous_9)
FNDA:0,(anonymous_10)
FNDA:0,validateOrphans
FNDA:0,(anonymous_12)
FNDA:0,(anonymous_13)
FNDA:0,(anonymous_14)
FNDA:0,(anonymous_15)
FNDA:0,(anonymous_16)
FNDA:0,validateTerminals
FNDA:0,(anonymous_18)
FNDA:0,(anonymous_19)
DA:4,0
DA:5,0
DA:6,0
DA:7,0
DA:8,0
DA:10,0
DA:11,0
DA:14,0
DA:15,0
DA:16,0
DA:17,0
DA:18,0
DA:19,0
DA:22,0
DA:26,0
DA:27,0
DA:28,0
DA:29,0
DA:30,0
DA:31,0
DA:33,0
DA:34,0
DA:35,0
DA:40,0
DA:41,0
DA:42,0
DA:44,0
DA:45,0
DA:46,0
DA:47,0
DA:48,0
DA:49,0
DA:50,0
DA:53,0
DA:54,0
DA:55,0
DA:59,0
DA:60,0
DA:61,0
DA:62,0
DA:64,0
DA:66,0
DA:68,0
DA:74,0
DA:76,0
DA:82,0
DA:84,0
DA:85,0
DA:86,0
DA:87,0
DA:88,0
DA:89,0
DA:90,0
DA:91,0
DA:92,0
LF:55
LH:0
BRDA:14,0,0,0
BRDA:15,1,0,0
BRDA:18,2,0,0
BRDA:18,2,1,0
BRDA:37,3,0,0
BRDA:37,3,1,0
BRDA:42,4,0,0
BRDA:48,5,0,0
BRDA:48,5,1,0
BRDA:49,6,0,0
BRDA:49,6,1,0
BRDA:50,7,0,0
BRDA:53,8,0,0
BRDA:62,9,0,0
BRDA:62,9,1,0
BRDA:62,10,0,0
BRDA:62,10,1,0
BRDA:64,11,0,0
BRDA:65,12,0,0
BRDA:65,12,1,0
BRDA:78,13,0,0
BRDA:78,13,1,0
BRDA:87,14,0,0
BRDA:91,15,0,0
BRF:24
BRH:0
end_of_record
TN:
SF:src/utils/stubs.ts
FN:2,(anonymous_0)
FN:3,(anonymous_1)
FNF:2
FNH:0
FNDA:0,(anonymous_0)
FNDA:0,(anonymous_1)
DA:1,0
DA:4,0
LF:2
LH:0
BRF:0
BRH:0
end_of_record
TN:
SF:src/workers/error-handler.ts
FN:6,(anonymous_1)
FN:9,(anonymous_2)
FN:46,(anonymous_3)
FNF:3
FNH:0
FNDA:0,(anonymous_1)
FNDA:0,(anonymous_2)
FNDA:0,(anonymous_3)
DA:1,0
DA:2,0
DA:3,0
DA:6,0
DA:7,0
DA:15,0
DA:16,0
DA:17,0
DA:24,0
DA:28,0
DA:38,0
DA:47,0
DA:48,0
DA:49,0
DA:50,0
DA:51,0
LF:16
LH:0
BRDA:47,0,0,0
BRDA:48,1,0,0
BRDA:49,2,0,0
BRDA:50,3,0,0
BRF:4
BRH:0
end_of_record
TN:
SF:src/workers/execution-logger.ts
FN:7,(anonymous_1)
FN:10,(anonymous_2)
FN:38,(anonymous_3)
FN:63,(anonymous_4)
FN:69,(anonymous_5)
FN:71,(anonymous_6)
FN:80,(anonymous_7)
FN:89,(anonymous_8)
FNF:8
FNH:0
FNDA:0,(anonymous_1)
FNDA:0,(anonymous_2)
FNDA:0,(anonymous_3)
FNDA:0,(anonymous_4)
FNDA:0,(anonymous_5)
FNDA:0,(anonymous_6)
FNDA:0,(anonymous_7)
FNDA:0,(anonymous_8)
DA:1,0
DA:7,0
DA:8,0
DA:20,0
DA:21,0
DA:29,0
DA:30,0
DA:32,0
DA:46,0
DA:47,0
DA:55,0
DA:57,0
DA:68,0
DA:70,0
DA:72,0
DA:81,0
DA:90,0
DA:91,0
LF:18
LH:0
BRDA:26,0,0,0
BRDA:26,0,1,0
BRDA:29,1,0,0
BRDA:33,2,0,0
BRDA:33,2,1,0
BRDA:52,3,0,0
BRDA:52,3,1,0
BRDA:55,4,0,0
BRDA:58,5,0,0
BRDA:58,5,1,0
BRF:10
BRH:0
end_of_record
TN:
SF:src/workers/execution-worker.ts
FN:33,(anonymous_4)
FN:42,(anonymous_5)
FN:45,(anonymous_6)
FN:56,(anonymous_7)
FN:74,(anonymous_8)
FN:85,(anonymous_9)
FN:88,(anonymous_10)
FN:94,(anonymous_11)
FN:117,(anonymous_12)
FN:159,(anonymous_13)
FN:160,(anonymous_14)
FN:181,(anonymous_15)
FN:283,(anonymous_16)
FN:293,(anonymous_17)
FN:318,(anonymous_18)
FNF:15
FNH:0
FNDA:0,(anonymous_4)
FNDA:0,(anonymous_5)
FNDA:0,(anonymous_6)
FNDA:0,(anonymous_7)
FNDA:0,(anonymous_8)
FNDA:0,(anonymous_9)
FNDA:0,(anonymous_10)
FNDA:0,(anonymous_11)
FNDA:0,(anonymous_12)
FNDA:0,(anonymous_13)
FNDA:0,(anonymous_14)
FNDA:0,(anonymous_15)
FNDA:0,(anonymous_16)
FNDA:0,(anonymous_17)
FNDA:0,(anonymous_18)
DA:1,0
DA:9,0
DA:10,0
DA:11,0
DA:12,0
DA:13,0
DA:14,0
DA:15,0
DA:16,0
DA:20,0
DA:21,0
DA:23,0
DA:24,0
DA:28,0
DA:34,0
DA:35,0
DA:36,0
DA:37,0
DA:38,0
DA:39,0
DA:43,0
DA:46,0
DA:47,0
DA:51,0
DA:55,0
DA:56,0
DA:57,0
DA:58,0
DA:59,0
DA:60,0
DA:61,0
DA:62,0
DA:64,0
DA:68,0
DA:69,0
DA:71,0
DA:74,0
DA:75,0
DA:76,0
DA:79,0
DA:85,0
DA:86,0
DA:88,0
DA:89,0
DA:91,0
DA:95,0
DA:96,0
DA:97,0
DA:98,0
DA:99,0
DA:101,0
DA:107,0
DA:108,0
DA:109,0
DA:112,0
DA:113,0
DA:114,0
DA:117,0
DA:119,0
DA:120,0
DA:121,0
DA:124,0
DA:136,0
DA:137,0
DA:138,0
DA:141,0
DA:142,0
DA:143,0
DA:151,0
DA:152,0
DA:153,0
DA:156,0
DA:158,0
DA:159,0
DA:160,0
DA:169,0
DA:170,0
DA:171,0
DA:174,0
DA:177,0
DA:182,0
DA:188,0
DA:189,0
DA:190,0
DA:191,0
DA:194,0
DA:196,0
DA:197,0
DA:200,0
DA:202,0
DA:203,0
DA:205,0
DA:211,0
DA:216,0
DA:218,0
DA:227,0
DA:237,0
DA:238,0
DA:247,0
DA:257,0
DA:258,0
DA:266,0
DA:275,0
DA:284,0
DA:285,0
DA:286,0
DA:288,0
DA:289,0
DA:290,0
DA:294,0
DA:298,0
DA:299,0
DA:300,0
DA:306,0
DA:309,0
DA:310,0
DA:311,0
DA:312,0
DA:314,0
DA:315,0
DA:319,0
DA:320,0
DA:321,0
DA:322,0
DA:326,0
DA:328,0
DA:331,0
DA:333,0
LF:128
LH:0
BRDA:57,0,0,0
BRDA:65,1,0,0
BRDA:65,1,1,0
BRDA:66,2,0,0
BRDA:66,2,1,0
BRDA:75,3,0,0
BRDA:105,4,0,0
BRDA:105,4,1,0
BRDA:107,5,0,0
BRDA:112,6,0,0
BRDA:112,7,0,0
BRDA:112,7,1,0
BRDA:136,8,0,0
BRDA:151,9,0,0
BRDA:174,10,0,0
BRDA:174,10,1,0
BRDA:175,11,0,0
BRDA:175,11,1,0
BRDA:191,12,0,0
BRDA:191,12,1,0
BRDA:191,13,0,0
BRDA:191,13,1,0
BRDA:194,14,0,0
BRDA:194,14,1,0
BRDA:196,15,0,0
BRDA:200,16,0,0
BRDA:200,16,1,0
BRDA:202,17,0,0
BRDA:216,18,0,0
BRDA:216,19,0,0
BRDA:216,19,1,0
BRDA:223,20,0,0
BRDA:223,20,1,0
BRDA:223,21,0,0
BRDA:223,21,1,0
BRDA:229,22,0,0
BRDA:229,22,1,0
BRDA:231,23,0,0
BRDA:231,23,1,0
BRDA:243,24,0,0
BRDA:243,24,1,0
BRDA:252,25,0,0
BRDA:252,25,1,0
BRDA:257,26,0,0
BRDA:259,27,0,0
BRDA:259,27,1,0
BRDA:261,28,0,0
BRDA:261,28,1,0
BRDA:269,29,0,0
BRDA:269,29,1,0
BRDA:271,30,0,0
BRDA:271,30,1,0
BRDA:276,31,0,0
BRDA:276,31,1,0
BRDA:285,32,0,0
BRDA:285,33,0,0
BRDA:285,33,1,0
BRDA:288,34,0,0
BRDA:288,34,1,0
BRDA:298,35,0,0
BRDA:299,36,0,0
BRDA:299,37,0,0
BRDA:299,37,1,0
BRDA:309,38,0,0
BRDA:319,39,0,0
BRDA:319,40,0,0
BRDA:319,40,1,0
BRDA:321,41,0,0
BRDA:321,42,0,0
BRDA:321,42,1,0
BRDA:326,43,0,0
BRDA:328,44,0,0
BRDA:328,44,1,0
BRDA:331,45,0,0
BRDA:331,45,1,0
BRDA:331,46,0,0
BRDA:331,46,1,0
BRF:77
BRH:0
end_of_record
TN:
SF:src/workers/node-executor.ts
FN:20,(anonymous_2)
FN:25,(anonymous_3)
FN:53,(anonymous_4)
FN:83,(anonymous_5)
FN:90,(anonymous_6)
FN:117,(anonymous_7)
FN:118,(anonymous_8)
FN:221,(anonymous_9)
FN:368,(anonymous_10)
FN:385,(anonymous_11)
FN:426,(anonymous_12)
FNF:11
FNH:0
FNDA:0,(anonymous_2)
FNDA:0,(anonymous_3)
FNDA:0,(anonymous_4)
FNDA:0,(anonymous_5)
FNDA:0,(anonymous_6)
FNDA:0,(anonymous_7)
FNDA:0,(anonymous_8)
FNDA:0,(anonymous_9)
FNDA:0,(anonymous_10)
FNDA:0,(anonymous_11)
FNDA:0,(anonymous_12)
DA:1,0
DA:2,0
DA:3,0
DA:5,0
DA:10,0
DA:12,0
DA:16,0
DA:17,0
DA:18,0
DA:21,0
DA:22,0
DA:26,0
DA:28,0
DA:29,0
DA:31,0
DA:35,0
DA:36,0
DA:37,0
DA:38,0
DA:40,0
DA:42,0
DA:43,0
DA:45,0
DA:46,0
DA:49,0
DA:54,0
DA:55,0
DA:60,0
DA:61,0
DA:62,0
DA:66,0
DA:70,0
DA:74,0
DA:78,0
DA:83,0
DA:84,0
DA:86,0
DA:87,0
DA:96,0
DA:101,0
DA:104,0
DA:105,0
DA:106,0
DA:111,0
DA:113,0
DA:117,0
DA:118,0
DA:119,0
DA:127,0
DA:129,0
DA:139,0
DA:140,0
DA:143,0
DA:144,0
DA:146,0
DA:147,0
DA:150,0
DA:156,0
DA:157,0
DA:160,0
DA:163,0
DA:166,0
DA:167,0
DA:169,0
DA:170,0
DA:179,0
DA:182,0
DA:198,0
DA:200,0
DA:217,0
DA:220,0
DA:221,0
DA:226,0
DA:236,0
DA:248,0
DA:251,0
DA:252,0
DA:258,0
DA:262,0
DA:268,0
DA:269,0
DA:278,0
DA:280,0
DA:281,0
DA:284,0
DA:297,0
DA:306,0
DA:316,0
DA:329,0
DA:332,0
DA:333,0
DA:339,0
DA:343,0
DA:349,0
DA:350,0
DA:353,0
DA:355,0
DA:359,0
DA:368,0
DA:369,0
DA:372,0
DA:375,0
DA:379,0
DA:381,0
DA:386,0
DA:388,0
DA:390,0
DA:402,0
DA:415,0
DA:422,0
DA:431,0
DA:433,0
DA:439,0
DA:442,0
DA:454,0
DA:455,0
DA:460,0
DA:462,0
DA:463,0
LF:119
LH:0
BRDA:21,0,0,0
BRDA:22,1,0,0
BRDA:26,2,0,0
BRDA:28,3,0,0
BRDA:28,3,1,0
BRDA:37,4,0,0
BRDA:45,5,0,0
BRDA:139,6,0,0
BRDA:146,7,0,0
BRDA:156,8,0,0
BRDA:163,9,0,0
BRDA:163,9,1,0
BRDA:349,10,0,0
BRDA:386,11,0,0
BRDA:386,11,1,0
BRDA:388,12,0,0
BRDA:388,12,1,0
BRDA:388,12,2,0
BRDA:388,12,3,0
BRDA:392,13,0,0
BRDA:392,13,1,0
BRDA:393,14,0,0
BRDA:393,14,1,0
BRDA:396,15,0,0
BRDA:396,15,1,0
BRDA:397,16,0,0
BRDA:397,16,1,0
BRDA:404,17,0,0
BRDA:404,17,1,0
BRDA:405,18,0,0
BRDA:405,18,1,0
BRDA:406,19,0,0
BRDA:406,19,1,0
BRDA:409,20,0,0
BRDA:409,20,1,0
BRDA:410,21,0,0
BRDA:410,21,1,0
BRDA:418,22,0,0
BRDA:418,22,1,0
BRDA:439,23,0,0
BRDA:454,24,0,0
BRDA:67,25,0,0
BRDA:67,25,1,0
BRDA:71,26,0,0
BRDA:71,26,1,0
BRDA:75,27,0,0
BRDA:75,27,1,0
BRDA:79,28,0,0
BRDA:79,28,1,0
BRF:49
BRH:0
end_of_record
TN:
SF:src/workers/utils.ts
FN:1,safeSerialize
FN:5,(anonymous_1)
FN:15,(anonymous_2)
FN:32,createSimplifiedObject
FN:46,(anonymous_4)
FN:60,(anonymous_5)
FNF:6
FNH:0
FNDA:0,safeSerialize
FNDA:0,(anonymous_1)
FNDA:0,(anonymous_2)
FNDA:0,createSimplifiedObject
FNDA:0,(anonymous_4)
FNDA:0,(anonymous_5)
DA:1,0
DA:2,0
DA:3,0
DA:5,0
DA:6,0
DA:7,0
DA:8,0
DA:9,0
DA:10,0
DA:12,0
DA:13,0
DA:14,0
DA:15,0
DA:16,0
DA:17,0
DA:18,0
DA:19,0
DA:20,0
DA:21,0
DA:22,0
DA:25,0
DA:26,0
DA:28,0
DA:32,0
DA:33,0
DA:34,0
DA:35,0
DA:40,0
DA:41,0
DA:47,0
DA:53,0
DA:54,0
DA:58,0
DA:59,0
DA:60,0
DA:61,0
DA:62,0
DA:63,0
DA:68,0
DA:72,0
LF:40
LH:0
BRDA:2,0,0,0
BRDA:2,1,0,0
BRDA:2,1,1,0
BRDA:2,1,2,0
BRDA:6,2,0,0
BRDA:6,3,0,0
BRDA:6,3,1,0
BRDA:7,4,0,0
BRDA:8,5,0,0
BRDA:9,6,0,0
BRDA:12,7,0,0
BRDA:14,8,0,0
BRDA:16,9,0,0
BRDA:17,10,0,0
BRDA:19,11,0,0
BRDA:20,12,0,0
BRDA:21,13,0,0
BRDA:33,14,0,0
BRDA:33,15,0,0
BRDA:33,15,1,0
BRDA:34,16,0,0
BRDA:38,17,0,0
BRDA:38,17,1,0
BRDA:40,18,0,0
BRDA:47,19,0,0
BRDA:47,19,1,0
BRDA:47,20,0,0
BRDA:47,20,1,0
BRDA:48,21,0,0
BRDA:48,21,1,0
BRDA:55,22,0,0
BRDA:55,22,1,0
BRDA:58,23,0,0
BRDA:64,24,0,0
BRDA:64,24,1,0
BRDA:64,25,0,0
BRDA:64,25,1,0
BRDA:66,26,0,0
BRDA:66,26,1,0
BRF:39
BRH:0
end_of_record
TN:
SF:src/workers/workflow-executor.ts
FN:23,(anonymous_2)
FN:35,(anonymous_3)
FN:42,(anonymous_4)
FN:47,(anonymous_5)
FN:69,(anonymous_6)
FN:78,(anonymous_7)
FN:87,(anonymous_8)
FN:159,(anonymous_9)
FN:160,(anonymous_10)
FN:177,(anonymous_11)
FN:185,(anonymous_12)
FN:205,(anonymous_13)
FN:236,(anonymous_14)
FN:394,(anonymous_15)
FN:438,(anonymous_16)
FNF:15
FNH:0
FNDA:0,(anonymous_2)
FNDA:0,(anonymous_3)
FNDA:0,(anonymous_4)
FNDA:0,(anonymous_5)
FNDA:0,(anonymous_6)
FNDA:0,(anonymous_7)
FNDA:0,(anonymous_8)
FNDA:0,(anonymous_9)
FNDA:0,(anonymous_10)
FNDA:0,(anonymous_11)
FNDA:0,(anonymous_12)
FNDA:0,(anonymous_13)
FNDA:0,(anonymous_14)
FNDA:0,(anonymous_15)
FNDA:0,(anonymous_16)
DA:1,0
DA:2,0
DA:3,0
DA:4,0
DA:10,0
DA:11,0
DA:12,0
DA:14,0
DA:16,0
DA:19,0
DA:20,0
DA:21,0
DA:24,0
DA:25,0
DA:26,0
DA:39,0
DA:42,0
DA:43,0
DA:47,0
DA:48,0
DA:49,0
DA:52,0
DA:53,0
DA:54,0
DA:55,0
DA:59,0
DA:74,0
DA:75,0
DA:78,0
DA:79,0
DA:80,0
DA:84,0
DA:99,0
DA:102,0
DA:103,0
DA:106,0
DA:107,0
DA:108,0
DA:109,0
DA:111,0
DA:113,0
DA:118,0
DA:124,0
DA:126,0
DA:127,0
DA:128,0
DA:129,0
DA:134,0
DA:142,0
DA:154,0
DA:156,0
DA:159,0
DA:160,0
DA:164,0
DA:167,0
DA:168,0
DA:169,0
DA:172,0
DA:175,0
DA:177,0
DA:183,0
DA:185,0
DA:193,0
DA:196,0
DA:199,0
DA:200,0
DA:204,0
DA:206,0
DA:218,0
DA:222,0
DA:223,0
DA:231,0
DA:236,0
DA:242,0
DA:244,0
DA:245,0
DA:247,0
DA:248,0
DA:249,0
DA:251,0
DA:261,0
DA:264,0
DA:265,0
DA:270,0
DA:273,0
DA:279,0
DA:283,0
DA:285,0
DA:292,0
DA:293,0
DA:299,0
DA:304,0
DA:310,0
DA:318,0
DA:326,0
DA:331,0
DA:336,0
DA:339,0
DA:342,0
DA:347,0
DA:354,0
DA:358,0
DA:359,0
DA:364,0
DA:375,0
DA:376,0
DA:378,0
DA:379,0
DA:380,0
DA:383,0
DA:384,0
DA:387,0
DA:393,0
DA:395,0
DA:403,0
DA:411,0
DA:414,0
DA:415,0
DA:425,0
DA:426,0
DA:431,0
DA:444,0
DA:446,0
DA:451,0
DA:452,0
DA:453,0
DA:463,0
DA:472,0
LF:128
LH:0
BRDA:52,0,0,0
BRDA:52,0,1,0
BRDA:53,1,0,0
BRDA:75,2,0,0
BRDA:75,2,1,0
BRDA:79,3,0,0
BRDA:93,4,0,0
BRDA:126,5,0,0
BRDA:126,5,1,0
BRDA:128,6,0,0
BRDA:135,7,0,0
BRDA:135,7,1,0
BRDA:149,8,0,0
BRDA:149,8,1,0
BRDA:179,9,0,0
BRDA:179,9,1,0
BRDA:179,9,2,0
BRDA:187,10,0,0
BRDA:187,10,1,0
BRDA:187,10,2,0
BRDA:196,11,0,0
BRDA:196,11,1,0
BRDA:209,12,0,0
BRDA:209,12,1,0
BRDA:209,12,2,0
BRDA:211,13,0,0
BRDA:211,13,1,0
BRDA:211,14,0,0
BRDA:211,14,1,0
BRDA:214,15,0,0
BRDA:214,15,1,0
BRDA:222,16,0,0
BRDA:244,17,0,0
BRDA:245,18,0,0
BRDA:245,18,1,0
BRDA:292,19,0,0
BRDA:343,20,0,0
BRDA:343,20,1,0
BRDA:379,21,0,0
BRDA:379,21,1,0
BRDA:414,22,0,0
BRDA:414,22,1,0
BRDA:416,23,0,0
BRDA:416,23,1,0
BRDA:444,24,0,0
BRDA:469,25,0,0
BRDA:469,25,1,0
BRF:47
BRH:0
end_of_record
TN:
SF:src/workers/handlers/AIBlockchain.ts
FN:42,(anonymous_1)
FN:110,(anonymous_2)
FN:133,(anonymous_3)
FN:135,(anonymous_4)
FNF:4
FNH:0
FNDA:0,(anonymous_1)
FNDA:0,(anonymous_2)
FNDA:0,(anonymous_3)
FNDA:0,(anonymous_4)
DA:2,1
DA:8,1
DA:10,1
DA:13,1
DA:14,1
DA:15,1
DA:22,1
DA:26,1
DA:36,1
DA:41,1
DA:43,0
DA:44,0
DA:51,0
DA:54,0
DA:59,0
DA:66,0
DA:76,0
DA:86,0
DA:89,0
DA:90,0
DA:97,0
DA:98,0
DA:102,0
DA:104,0
DA:111,0
DA:112,0
DA:113,0
DA:118,0
DA:122,0
DA:125,0
DA:133,0
DA:135,0
DA:138,0
LF:33
LH:10
BRDA:22,0,0,1
BRDA:22,0,1,1
BRDA:43,1,0,0
BRDA:43,1,1,0
BRDA:60,2,0,0
BRDA:60,2,1,0
BRDA:69,3,0,0
BRDA:69,3,1,0
BRDA:112,4,0,0
BRDA:112,4,1,0
BRDA:133,5,0,0
BRDA:133,5,1,0
BRDA:133,6,0,0
BRDA:133,6,1,0
BRDA:135,7,0,0
BRDA:135,7,1,0
BRDA:135,8,0,0
BRDA:135,8,1,0
BRF:18
BRH:2
end_of_record
TN:
SF:src/workers/handlers/BlockHandlerRegistry.ts
FN:24,(anonymous_0)
FN:60,(anonymous_1)
FN:67,(anonymous_2)
FNF:3
FNH:3
FNDA:4,(anonymous_0)
FNDA:2,(anonymous_1)
FNDA:2,(anonymous_2)
DA:3,1
DA:4,1
DA:5,1
DA:6,1
DA:7,1
DA:8,1
DA:9,1
DA:10,1
DA:11,1
DA:12,1
DA:13,1
DA:14,1
DA:15,1
DA:16,1
DA:21,1
DA:24,4
DA:26,4
DA:28,4
DA:61,2
DA:68,2
LF:20
LH:20
BRDA:61,0,0,2
BRDA:61,0,1,1
BRF:2
BRH:2
end_of_record
TN:
SF:src/workers/handlers/CustomBlockHandler.ts
FN:7,(anonymous_0)
FNF:1
FNH:0
FNDA:0,(anonymous_0)
DA:2,0
DA:3,0
DA:6,0
DA:8,0
DA:9,0
DA:10,0
DA:11,0
DA:16,0
DA:17,0
DA:18,0
DA:22,0
DA:23,0
DA:24,0
LF:13
LH:0
BRDA:10,0,0,0
BRDA:10,0,1,0
BRDA:16,1,0,0
BRDA:16,2,0,0
BRDA:16,2,1,0
BRDA:20,3,0,0
BRDA:20,3,1,0
BRDA:22,4,0,0
BRF:8
BRH:0
end_of_record
TN:
SF:src/workers/handlers/DatabaseBlockHandler.ts
FN:6,(anonymous_0)
FNF:1
FNH:0
FNDA:0,(anonymous_0)
DA:2,1
DA:5,1
DA:7,0
DA:8,0
DA:9,0
DA:10,0
DA:11,0
DA:12,0
DA:15,0
DA:16,0
DA:17,0
DA:18,0
DA:19,0
DA:23,0
DA:24,0
DA:25,0
DA:27,0
LF:17
LH:2
BRDA:9,0,0,0
BRDA:9,1,0,0
BRDA:9,1,1,0
BRDA:11,2,0,0
BRDA:11,2,1,0
BRDA:14,3,0,0
BRDA:14,3,1,0
BRDA:15,4,0,0
BRDA:18,5,0,0
BRDA:18,5,1,0
BRDA:23,6,0,0
BRF:11
BRH:0
end_of_record
TN:
SF:src/workers/handlers/DiscordBlockHandler.ts
FN:5,(anonymous_0)
FNF:1
FNH:0
FNDA:0,(anonymous_0)
DA:4,1
DA:13,0
DA:14,0
DA:16,0
DA:17,0
DA:21,0
DA:27,0
DA:28,0
DA:31,0
LF:9
LH:1
BRDA:13,0,0,0
BRDA:16,1,0,0
BRDA:27,2,0,0
BRF:3
BRH:0
end_of_record
TN:
SF:src/workers/handlers/DynamicBlockHandler.ts
FN:8,(anonymous_10)
FN:14,(anonymous_11)
FN:39,(anonymous_12)
FN:68,(anonymous_13)
FN:86,(anonymous_14)
FN:155,(anonymous_15)
FN:164,(anonymous_16)
FN:168,(anonymous_17)
FN:191,(anonymous_18)
FN:192,(anonymous_19)
FN:199,(anonymous_20)
FN:204,(anonymous_21)
FN:225,(anonymous_22)
FN:244,(anonymous_23)
FN:264,(anonymous_24)
FN:285,(anonymous_25)
FN:302,(anonymous_26)
FN:319,(anonymous_27)
FNF:18
FNH:1
FNDA:4,(anonymous_10)
FNDA:0,(anonymous_11)
FNDA:0,(anonymous_12)
FNDA:0,(anonymous_13)
FNDA:0,(anonymous_14)
FNDA:0,(anonymous_15)
FNDA:0,(anonymous_16)
FNDA:0,(anonymous_17)
FNDA:0,(anonymous_18)
FNDA:0,(anonymous_19)
FNDA:0,(anonymous_20)
FNDA:0,(anonymous_21)
FNDA:0,(anonymous_22)
FNDA:0,(anonymous_23)
FNDA:0,(anonymous_24)
FNDA:0,(anonymous_25)
FNDA:0,(anonymous_26)
FNDA:0,(anonymous_27)
DA:1,1
DA:3,1
DA:4,1
DA:5,1
DA:8,1
DA:9,4
DA:10,4
DA:11,4
DA:12,4
DA:15,0
DA:16,0
DA:19,0
DA:21,0
DA:23,0
DA:26,0
DA:29,0
DA:31,0
DA:33,0
DA:34,0
DA:35,0
DA:41,0
DA:43,0
DA:44,0
DA:52,0
DA:53,0
DA:56,0
DA:62,0
DA:63,0
DA:65,0
DA:74,0
DA:76,0
DA:78,0
DA:80,0
DA:82,0
DA:87,0
DA:89,0
DA:114,0
DA:146,0
DA:161,0
DA:165,0
DA:166,0
DA:169,0
DA:170,0
DA:179,0
DA:180,0
DA:186,0
DA:192,0
DA:196,0
DA:201,0
DA:205,0
DA:207,0
DA:208,0
DA:210,0
DA:211,0
DA:214,0
DA:215,0
DA:216,0
DA:217,0
DA:218,0
DA:222,0
DA:226,0
DA:228,0
DA:229,0
DA:231,0
DA:232,0
DA:235,0
DA:236,0
DA:237,0
DA:241,0
DA:245,0
DA:247,0
DA:248,0
DA:250,0
DA:251,0
DA:253,0
DA:254,0
DA:256,0
DA:257,0
DA:259,0
DA:260,0
DA:265,0
DA:281,0
DA:282,0
DA:286,0
DA:299,0
DA:303,0
DA:316,0
DA:325,0
DA:335,0
LF:89
LH:9
BRDA:41,0,0,0
BRDA:45,1,0,0
BRDA:45,1,1,0
BRDA:52,2,0,0
BRDA:62,3,0,0
BRDA:63,4,0,0
BRDA:76,5,0,0
BRDA:76,5,1,0
BRDA:76,5,2,0
BRDA:87,6,0,0
BRDA:87,6,1,0
BRDA:87,6,2,0
BRDA:210,7,0,0
BRDA:210,8,0,0
BRDA:210,8,1,0
BRDA:214,9,0,0
BRDA:214,9,1,0
BRDA:217,10,0,0
BRDA:231,11,0,0
BRDA:231,12,0,0
BRDA:231,12,1,0
BRDA:235,13,0,0
BRDA:245,14,0,0
BRDA:245,14,1,0
BRDA:245,14,2,0
BRDA:245,14,3,0
BRDA:245,14,4,0
BRDA:247,15,0,0
BRDA:250,16,0,0
BRDA:253,17,0,0
BRDA:256,18,0,0
BRDA:259,19,0,0
BRDA:281,20,0,0
BRDA:299,21,0,0
BRDA:316,22,0,0
BRDA:335,23,0,0
BRF:36
BRH:0
end_of_record
TN:
SF:src/workers/handlers/EmailBlockHandler.ts
FN:43,(anonymous_1)
FN:56,(anonymous_2)
FN:69,(anonymous_3)
FN:76,(anonymous_4)
FN:105,(anonymous_5)
FN:111,(anonymous_6)
FN:123,(anonymous_7)
FNF:7
FNH:2
FNDA:5,(anonymous_1)
FNDA:4,(anonymous_2)
FNDA:0,(anonymous_3)
FNDA:0,(anonymous_4)
FNDA:0,(anonymous_5)
FNDA:0,(anonymous_6)
FNDA:0,(anonymous_7)
DA:2,1
DA:4,1
DA:6,1
DA:7,1
DA:9,1
DA:12,1
DA:35,1
DA:42,1
DA:43,5
DA:46,1
DA:47,0
DA:52,1
DA:57,4
DA:58,4
DA:70,0
DA:81,0
DA:83,0
DA:84,0
DA:85,0
DA:88,0
DA:89,0
DA:92,0
DA:94,0
DA:99,0
DA:100,0
DA:105,0
DA:106,0
DA:113,0
DA:114,0
DA:115,0
DA:116,0
DA:117,0
DA:120,0
DA:125,0
DA:126,0
DA:127,0
DA:130,0
DA:131,0
DA:132,0
DA:135,0
DA:138,0
DA:141,0
DA:149,0
DA:150,0
DA:156,0
DA:157,0
DA:158,0
DA:161,0
LF:48
LH:13
BRDA:46,0,0,0
BRDA:99,1,0,0
BRDA:114,2,0,0
BRDA:114,3,0,0
BRDA:114,3,1,0
BRDA:115,4,0,0
BRDA:115,4,1,0
BRDA:115,5,0,0
BRDA:115,5,1,0
BRDA:116,6,0,0
BRDA:126,7,0,0
BRDA:131,8,0,0
BRDA:149,9,0,0
BRDA:149,9,1,0
BRF:14
BRH:0
end_of_record
TN:
SF:src/workers/handlers/LLMPromptBlockHandler.ts
FN:5,(anonymous_0)
FNF:1
FNH:0
FNDA:0,(anonymous_0)
DA:4,1
DA:6,0
DA:7,0
DA:8,0
DA:9,0
DA:10,0
DA:11,0
DA:24,0
DA:25,0
DA:26,0
DA:27,0
LF:11
LH:1
BRDA:7,0,0,0
BRDA:7,1,0,0
BRDA:8,2,0,0
BRDA:10,3,0,0
BRDA:24,4,0,0
BRDA:26,5,0,0
BRDA:26,5,1,0
BRF:7
BRH:0
end_of_record
TN:
SF:src/workers/handlers/MetricsBlockHandler.ts
FN:10,(anonymous_0)
FN:27,(anonymous_1)
FNF:2
FNH:1
FNDA:64,(anonymous_0)
FNDA:0,(anonymous_1)
DA:2,1
DA:6,1
DA:11,64
DA:12,64
DA:14,64
DA:20,64
DA:28,0
DA:29,0
DA:30,0
DA:31,0
DA:32,0
DA:33,0
DA:35,0
DA:36,0
DA:37,0
LF:15
LH:6
BRF:0
BRH:0
end_of_record
TN:
SF:src/workers/handlers/NotificationBlockHandler.ts
FN:6,(anonymous_0)
FN:9,(anonymous_1)
FN:74,(anonymous_2)
FNF:3
FNH:1
FNDA:4,(anonymous_0)
FNDA:0,(anonymous_1)
FNDA:0,(anonymous_2)
DA:2,1
DA:4,1
DA:6,1
DA:7,4
DA:10,0
DA:11,0
DA:14,0
DA:15,0
DA:16,0
DA:20,0
DA:21,0
DA:22,0
DA:24,0
DA:25,0
DA:29,0
DA:32,0
DA:41,0
DA:45,0
DA:46,0
DA:58,0
DA:59,0
DA:62,0
DA:68,0
DA:69,0
DA:70,0
DA:75,0
DA:77,0
DA:81,0
DA:85,0
DA:90,0
DA:93,0
LF:31
LH:4
BRDA:10,0,0,0
BRDA:10,0,1,0
BRDA:15,1,0,0
BRDA:20,2,0,0
BRDA:21,3,0,0
BRDA:24,4,0,0
BRDA:58,5,0,0
BRDA:68,6,0,0
BRDA:68,6,1,0
BRDA:77,7,0,0
BRDA:77,7,1,0
BRDA:77,7,2,0
BRDA:77,7,3,0
BRDA:77,7,4,0
BRDA:77,7,5,0
BRDA:77,7,6,0
BRDA:77,7,7,0
BRDA:77,7,8,0
BRF:18
BRH:0
end_of_record
TN:
SF:src/workers/handlers/PriceMonitorBlockHandler.ts
FN:7,(anonymous_1)
FN:14,(anonymous_2)
FNF:2
FNH:0
FNDA:0,(anonymous_1)
FNDA:0,(anonymous_2)
DA:2,1
DA:3,1
DA:6,1
DA:8,0
DA:9,0
DA:10,0
DA:11,0
DA:13,0
DA:14,0
DA:20,0
DA:21,0
DA:22,0
DA:24,0
DA:25,0
DA:27,0
DA:28,0
DA:30,0
DA:31,0
DA:33,0
DA:36,0
LF:20
LH:3
BRDA:22,0,0,0
BRDA:22,0,1,0
BRDA:22,0,2,0
BRDA:22,0,3,0
BRF:4
BRH:0
end_of_record
TN:
SF:src/workers/handlers/ScheduleBlockHandler.ts
FN:5,(anonymous_0)
FNF:1
FNH:0
FNDA:0,(anonymous_0)
DA:4,1
DA:6,0
DA:8,0
LF:3
LH:1
BRF:0
BRH:0
end_of_record
TN:
SF:src/workers/handlers/WalletBlockHandler.ts
FN:6,(anonymous_0)
FNF:1
FNH:0
FNDA:0,(anonymous_0)
DA:2,1
DA:5,1
DA:7,0
DA:8,0
DA:9,0
DA:11,0
DA:12,0
DA:13,0
DA:14,0
DA:15,0
DA:16,0
DA:17,0
DA:18,0
DA:19,0
DA:23,0
DA:24,0
DA:26,0
LF:17
LH:2
BRDA:9,0,0,0
BRDA:9,0,1,0
BRDA:14,1,0,0
BRDA:14,1,1,0
BRDA:15,2,0,0
BRF:5
BRH:0
end_of_record
TN:
SF:src/workers/handlers/WebhookBlockHandler.ts
FN:5,(anonymous_0)
FN:8,(anonymous_1)
FN:60,(anonymous_2)
FNF:3
FNH:2
FNDA:21,(anonymous_0)
FNDA:11,(anonymous_1)
FNDA:0,(anonymous_2)
DA:3,2
DA:5,2
DA:6,21
DA:9,11
DA:12,0
DA:13,0
DA:17,0
DA:18,0
DA:24,0
DA:25,0
DA:28,0
DA:34,0
DA:35,0
DA:40,0
DA:42,0
DA:43,0
DA:45,0
DA:46,0
DA:49,0
DA:50,0
DA:54,0
DA:55,0
DA:56,0
DA:61,0
DA:63,0
DA:64,0
DA:65,0
DA:68,0
LF:28
LH:4
BRDA:9,0,0,11
BRDA:9,0,1,0
BRDA:12,1,0,0
BRDA:17,2,0,0
BRDA:17,2,1,0
BRDA:20,3,0,0
BRDA:20,3,1,0
BRDA:24,4,0,0
BRDA:24,5,0,0
BRDA:24,5,1,0
BRDA:34,6,0,0
BRDA:34,7,0,0
BRDA:34,7,1,0
BRDA:35,8,0,0
BRDA:35,8,1,0
BRDA:45,9,0,0
BRDA:49,10,0,0
BRDA:49,10,1,0
BRDA:50,11,0,0
BRDA:50,11,1,0
BRDA:54,12,0,0
BRDA:54,12,1,0
BRF:22
BRH:1
end_of_record
TN:
SF:src/workers/handlers/block-handler.ts
FN:27,(anonymous_2)
FN:34,(anonymous_3)
FNF:2
FNH:0
FNDA:0,(anonymous_2)
FNDA:0,(anonymous_3)
DA:1,0
DA:4,0
DA:23,0
DA:28,0
DA:29,0
DA:35,0
DA:38,0
DA:51,0
DA:52,0
DA:57,0
DA:58,0
DA:61,0
DA:63,0
DA:65,0
DA:68,0
DA:78,0
DA:80,0
DA:83,0
DA:93,0
LF:19
LH:0
BRDA:46,0,0,0
BRDA:46,0,1,0
BRDA:51,1,0,0
BRDA:57,2,0,0
BRF:4
BRH:0
end_of_record
TN:
SF:src/workers/handlers/custom-block-handler.ts
FN:14,(anonymous_10)
FN:18,(anonymous_11)
FN:63,(anonymous_12)
FN:64,(anonymous_13)
FN:65,(anonymous_14)
FN:77,(anonymous_15)
FN:79,(anonymous_16)
FN:122,(anonymous_17)
FN:139,(anonymous_18)
FN:145,(anonymous_19)
FN:170,(anonymous_20)
FN:226,(anonymous_21)
FN:233,(anonymous_22)
FNF:13
FNH:0
FNDA:0,(anonymous_10)
FNDA:0,(anonymous_11)
FNDA:0,(anonymous_12)
FNDA:0,(anonymous_13)
FNDA:0,(anonymous_14)
FNDA:0,(anonymous_15)
FNDA:0,(anonymous_16)
FNDA:0,(anonymous_17)
FNDA:0,(anonymous_18)
FNDA:0,(anonymous_19)
FNDA:0,(anonymous_20)
FNDA:0,(anonymous_21)
FNDA:0,(anonymous_22)
DA:1,0
DA:2,0
DA:5,0
DA:14,0
DA:15,0
DA:16,0
DA:19,0
DA:20,0
DA:23,0
DA:36,0
DA:37,0
DA:40,0
DA:41,0
DA:44,0
DA:45,0
DA:47,0
DA:49,0
DA:55,0
DA:56,0
DA:60,0
DA:63,0
DA:64,0
DA:65,0
DA:70,0
DA:71,0
DA:72,0
DA:78,0
DA:79,0
DA:86,0
DA:89,0
DA:99,0
DA:102,0
DA:108,0
DA:118,0
DA:128,0
DA:142,0
DA:150,0
DA:151,0
DA:156,0
DA:160,0
DA:161,0
DA:163,0
DA:175,0
DA:177,0
DA:179,0
DA:181,0
DA:183,0
DA:186,0
DA:187,0
DA:196,0
DA:200,0
DA:216,0
DA:219,0
DA:221,0
DA:222,0
DA:228,0
DA:229,0
DA:232,0
DA:233,0
DA:236,0
DA:237,0
DA:238,0
DA:240,0
DA:241,0
DA:242,0
DA:243,0
DA:244,0
DA:246,0
DA:247,0
DA:248,0
DA:250,0
DA:254,0
LF:72
LH:0
BRDA:20,0,0,0
BRDA:20,0,1,0
BRDA:36,1,0,0
BRDA:40,2,0,0
BRDA:55,3,0,0
BRDA:55,4,0,0
BRDA:55,4,1,0
BRDA:70,5,0,0
BRDA:70,5,1,0
BRDA:86,6,0,0
BRDA:86,6,1,0
BRDA:179,7,0,0
BRDA:179,7,1,0
BRDA:181,8,0,0
BRDA:181,8,1,0
BRDA:183,9,0,0
BRDA:183,9,1,0
BRDA:186,10,0,0
BRDA:228,11,0,0
BRDA:228,12,0,0
BRDA:228,12,1,0
BRDA:232,13,0,0
BRDA:238,14,0,0
BRDA:238,14,1,0
BRDA:238,15,0,0
BRDA:238,15,1,0
BRDA:243,16,0,0
BRDA:243,17,0,0
BRDA:243,17,1,0
BRDA:247,18,0,0
BRDA:247,18,1,0
BRDA:247,19,0,0
BRDA:247,19,1,0
BRF:33
BRH:0
end_of_record
TN:
SF:src/workers/handlers/blockchain/TransactionBlockHandler.ts
FN:9,(anonymous_0)
FN:21,(anonymous_1)
FNF:2
FNH:1
FNDA:4,(anonymous_0)
FNDA:0,(anonymous_1)
DA:1,1
DA:5,1
DA:10,4
DA:11,4
DA:12,4
DA:13,0
DA:17,4
DA:18,4
DA:23,0
LF:9
LH:7
BRDA:12,0,0,0
BRDA:12,1,0,4
BRDA:12,1,1,4
BRF:3
BRH:2
end_of_record
TN:
SF:src/workers/handlers/defi/defi-block-handler.ts
FN:35,(anonymous_0)
FN:42,(anonymous_1)
FN:71,(anonymous_2)
FN:76,(anonymous_3)
FN:79,(anonymous_4)
FN:85,(anonymous_5)
FN:95,(anonymous_6)
FN:100,(anonymous_7)
FN:103,(anonymous_8)
FN:117,(anonymous_9)
FN:122,(anonymous_10)
FN:126,(anonymous_11)
FN:132,(anonymous_12)
FN:137,(anonymous_13)
FN:142,(anonymous_14)
FN:144,(anonymous_15)
FN:169,(anonymous_16)
FN:196,(anonymous_17)
FN:211,(anonymous_18)
FN:225,(anonymous_19)
FN:230,(anonymous_20)
FN:231,(anonymous_21)
FN:231,(anonymous_22)
FN:250,(anonymous_23)
FN:274,(anonymous_24)
FN:279,(anonymous_25)
FN:280,(anonymous_26)
FN:285,(anonymous_27)
FNF:28
FNH:0
FNDA:0,(anonymous_0)
FNDA:0,(anonymous_1)
FNDA:0,(anonymous_2)
FNDA:0,(anonymous_3)
FNDA:0,(anonymous_4)
FNDA:0,(anonymous_5)
FNDA:0,(anonymous_6)
FNDA:0,(anonymous_7)
FNDA:0,(anonymous_8)
FNDA:0,(anonymous_9)
FNDA:0,(anonymous_10)
FNDA:0,(anonymous_11)
FNDA:0,(anonymous_12)
FNDA:0,(anonymous_13)
FNDA:0,(anonymous_14)
FNDA:0,(anonymous_15)
FNDA:0,(anonymous_16)
FNDA:0,(anonymous_17)
FNDA:0,(anonymous_18)
FNDA:0,(anonymous_19)
FNDA:0,(anonymous_20)
FNDA:0,(anonymous_21)
FNDA:0,(anonymous_22)
FNDA:0,(anonymous_23)
FNDA:0,(anonymous_24)
FNDA:0,(anonymous_25)
FNDA:0,(anonymous_26)
FNDA:0,(anonymous_27)
DA:2,0
DA:4,0
DA:34,0
DA:36,0
DA:37,0
DA:38,0
DA:39,0
DA:43,0
DA:45,0
DA:47,0
DA:49,0
DA:51,0
DA:53,0
DA:55,0
DA:57,0
DA:59,0
DA:61,0
DA:63,0
DA:65,0
DA:67,0
DA:72,0
DA:73,0
DA:75,0
DA:76,0
DA:79,0
DA:85,0
DA:87,0
DA:96,0
DA:97,0
DA:99,0
DA:100,0
DA:103,0
DA:104,0
DA:106,0
DA:108,0
DA:118,0
DA:119,0
DA:121,0
DA:122,0
DA:125,0
DA:126,0
DA:129,0
DA:132,0
DA:138,0
DA:139,0
DA:141,0
DA:142,0
DA:144,0
DA:145,0
DA:146,0
DA:147,0
DA:149,0
DA:150,0
DA:158,0
DA:161,0
DA:170,0
DA:171,0
DA:173,0
DA:174,0
DA:176,0
DA:185,0
DA:187,0
DA:197,0
DA:198,0
DA:200,0
DA:202,0
DA:212,0
DA:213,0
DA:215,0
DA:216,0
DA:218,0
DA:226,0
DA:227,0
DA:229,0
DA:230,0
DA:231,0
DA:236,0
DA:242,0
DA:251,0
DA:252,0
DA:254,0
DA:262,0
DA:264,0
DA:275,0
DA:276,0
DA:278,0
DA:279,0
DA:282,0
DA:285,0
DA:293,0
DA:296,0
DA:297,0
DA:299,0
LF:93
LH:0
BRDA:45,0,0,0
BRDA:45,0,1,0
BRDA:45,0,2,0
BRDA:45,0,3,0
BRDA:45,0,4,0
BRDA:45,0,5,0
BRDA:45,0,6,0
BRDA:45,0,7,0
BRDA:45,0,8,0
BRDA:45,0,9,0
BRDA:45,0,10,0
BRDA:82,1,0,0
BRDA:82,1,1,0
BRDA:82,2,0,0
BRDA:82,2,1,0
BRDA:141,3,0,0
BRDA:141,3,1,0
BRDA:149,4,0,0
BRDA:288,5,0,0
BRDA:288,5,1,0
BRDA:289,6,0,0
BRDA:289,6,1,0
BRDA:290,7,0,0
BRDA:290,7,1,0
BRF:24
BRH:0
end_of_record
TN:
SF:src/workers/types/defi-blocks.ts
FN:1,(anonymous_0)
FNF:1
FNH:0
FNDA:0,(anonymous_0)
DA:1,0
DA:2,0
DA:3,0
DA:4,0
DA:5,0
DA:6,0
DA:7,0
DA:8,0
DA:9,0
DA:10,0
DA:11,0
DA:12,0
DA:13,0
DA:14,0
DA:15,0
DA:16,0
DA:17,0
LF:17
LH:0
BRDA:1,0,0,0
BRDA:1,0,1,0
BRF:2
BRH:0
end_of_record
